AqarAlghad.exe: 000004C4: 05:45:27 []:>--------------------------------------------------------------<
AqarAlghad.exe: 000004C4: 05:45:27 [TUniServerModule]:Server First Init.
AqarAlghad.exe: 000004C4: 05:45:27 [TUniServerModule]:Global Cache Folder Erased. <69> Files deleted.
AqarAlghad.exe: 000004C4: 05:45:28 [TUniServerModule]:Starting HTTP Server on Port: 8077...
AqarAlghad.exe: 000004C4: 05:45:28 [TUniServerModule]:HTTP Server Started on Port: 8077
AqarAlghad.exe: 000004C0: 05:55:03 []:>--------------------------------------------------------------<
AqarAlghad.exe: 000004C0: 05:55:03 [TUniServerModule]:Server First Init.
AqarAlghad.exe: 000004C0: 05:55:03 [TUniServerModule]:Global Cache Folder Erased. <70> Files deleted.
AqarAlghad.exe: 000004C0: 05:55:03 [TUniServerModule]:Starting HTTP Server on Port: 8077...
AqarAlghad.exe: 000004C0: 05:55:03 [TUniServerModule]:HTTP Server Started on Port: 8077
AqarAlghad.exe: 00003318: 05:58:09 []:>--------------------------------------------------------------<
AqarAlghad.exe: 00003318: 05:58:09 [TUniServerModule]:Server First Init.
AqarAlghad.exe: 00003318: 05:58:09 [TUniServerModule]:Global Cache Folder Erased. <76> Files deleted.
AqarAlghad.exe: 00003318: 05:58:09 [TUniServerModule]:Starting HTTP Server on Port: 8077...
AqarAlghad.exe: 00003318: 05:58:09 [TUniServerModule]:HTTP Server Started on Port: 8077
AqarAlghad.exe: 0000218C: 06:06:09 []:>--------------------------------------------------------------<
AqarAlghad.exe: 0000218C: 06:06:09 [TUniServerModule]:Server First Init.
AqarAlghad.exe: 0000218C: 06:06:09 [TUniServerModule]:Global Cache Folder Erased. <72> Files deleted.
AqarAlghad.exe: 0000218C: 06:06:09 [TUniServerModule]:Starting HTTP Server on Port: 8077...
AqarAlghad.exe: 0000218C: 06:06:09 [TUniServerModule]:HTTP Server Started on Port: 8077
AqarAlghad.exe: 0000072C: 06:14:14 []:>--------------------------------------------------------------<
AqarAlghad.exe: 0000072C: 06:14:14 [TUniServerModule]:Server First Init.
AqarAlghad.exe: 0000072C: 06:14:14 [TUniServerModule]:Global Cache Folder Erased. <75> Files deleted.
AqarAlghad.exe: 0000072C: 06:14:14 [TUniServerModule]:Starting HTTP Server on Port: 8077...
AqarAlghad.exe: 0000072C: 06:14:14 [TUniServerModule]:HTTP Server Started on Port: 8077
AqarAlghad.exe: 00001C8C: 06:16:07 []:>--------------------------------------------------------------<
AqarAlghad.exe: 00001C8C: 06:16:07 [TUniServerModule]:Server First Init.
AqarAlghad.exe: 00001C8C: 06:16:07 [TUniServerModule]:Global Cache Folder Erased. <73> Files deleted.
AqarAlghad.exe: 00001C8C: 06:16:07 [TUniServerModule]:Starting HTTP Server on Port: 8077...
AqarAlghad.exe: 00001C8C: 06:16:07 [TUniServerModule]:HTTP Server Started on Port: 8077
AqarAlghad.exe: 0000116C: 06:31:08 []:>--------------------------------------------------------------<
AqarAlghad.exe: 0000116C: 06:31:08 [TUniServerModule]:Server First Init.
AqarAlghad.exe: 0000116C: 06:31:08 [TUniServerModule]:Global Cache Folder Erased. <72> Files deleted.
AqarAlghad.exe: 0000116C: 06:31:08 [TUniServerModule]:Starting HTTP Server on Port: 8077...
AqarAlghad.exe: 0000116C: 06:31:08 [TUniServerModule]:HTTP Server Started on Port: 8077
AqarAlghad.exe: 0000314C: 06:51:54 []:>--------------------------------------------------------------<
AqarAlghad.exe: 0000314C: 06:51:54 [TUniServerModule]:Server First Init.
AqarAlghad.exe: 0000314C: 06:51:54 [TUniServerModule]:Global Cache Folder Erased. <67> Files deleted.
AqarAlghad.exe: 0000314C: 06:51:54 [TUniServerModule]:Starting HTTP Server on Port: 8077...
AqarAlghad.exe: 0000314C: 06:51:54 [TUniServerModule]:HTTP Server Started on Port: 8077
AqarAlghad.exe: 000016B0: 06:54:25 []:>--------------------------------------------------------------<
AqarAlghad.exe: 000016B0: 06:54:25 [TUniServerModule]:Server First Init.
AqarAlghad.exe: 000016B0: 06:54:25 [TUniServerModule]:Global Cache Folder Erased. <65> Files deleted.
AqarAlghad.exe: 000016B0: 06:54:25 [TUniServerModule]:Starting HTTP Server on Port: 8077...
AqarAlghad.exe: 000016B0: 06:54:25 [TUniServerModule]:HTTP Server Started on Port: 8077
