AqarAlghad.exe: 00001CFC: 02:53:43 []:>--------------------------------------------------------------<
AqarAlghad.exe: 00001CFC: 02:53:43 [TUniServerModule]:Server First Init.
AqarAlghad.exe: 00001CFC: 02:53:43 [TUniServerModule]:Global Cache Folder Erased. <68> Files deleted.
AqarAlghad.exe: 00001CFC: 02:53:43 [TUniServerModule]:Starting HTTP Server on Port: 8077...
AqarAlghad.exe: 00001CFC: 02:53:43 [TUniServerModule]:HTTP Server Started on Port: 8077
AqarAlghad.exe: 00001268: 03:00:41 []:>--------------------------------------------------------------<
AqarAlghad.exe: 00001268: 03:00:41 [TUniServerModule]:Server First Init.
AqarAlghad.exe: 00001268: 03:00:41 [TUniServerModule]:Global Cache Folder Erased. <78> Files deleted.
AqarAlghad.exe: 00001268: 03:00:42 [TUniServerModule]:Starting HTTP Server on Port: 8077...
AqarAlghad.exe: 00001268: 03:00:42 [TUniServerModule]:HTTP Server Started on Port: 8077
AqarAlghad.exe: 00001108: 03:06:16 []:>--------------------------------------------------------------<
AqarAlghad.exe: 00001108: 03:06:16 [TUniServerModule]:Server First Init.
AqarAlghad.exe: 00001108: 03:06:16 [TUniServerModule]:Global Cache Folder Erased. <66> Files deleted.
AqarAlghad.exe: 00001108: 03:06:16 [TUniServerModule]:Starting HTTP Server on Port: 8077...
AqarAlghad.exe: 00001108: 03:06:16 [TUniServerModule]:HTTP Server Started on Port: 8077
AqarAlghad.exe: 000011D4: 03:10:18 []:>--------------------------------------------------------------<
AqarAlghad.exe: 000011D4: 03:10:18 [TUniServerModule]:Server First Init.
AqarAlghad.exe: 000011D4: 03:10:18 [TUniServerModule]:Global Cache Folder Erased. <73> Files deleted.
AqarAlghad.exe: 000011D4: 03:10:18 [TUniServerModule]:Starting HTTP Server on Port: 8077...
AqarAlghad.exe: 000011D4: 03:10:18 [TUniServerModule]:HTTP Server Started on Port: 8077
AqarAlghad.exe: 00000CD8: 03:15:42 []:>--------------------------------------------------------------<
AqarAlghad.exe: 00000CD8: 03:15:42 [TUniServerModule]:Server First Init.
AqarAlghad.exe: 00000CD8: 03:15:42 [TUniServerModule]:Global Cache Folder Erased. <67> Files deleted.
AqarAlghad.exe: 00000CD8: 03:15:42 [TUniServerModule]:Starting HTTP Server on Port: 8077...
AqarAlghad.exe: 00000CD8: 03:15:42 [TUniServerModule]:HTTP Server Started on Port: 8077
AqarAlghad.exe: 000019A0: 03:20:04 []:>--------------------------------------------------------------<
AqarAlghad.exe: 000019A0: 03:20:04 [TUniServerModule]:Server First Init.
AqarAlghad.exe: 000019A0: 03:20:04 [TUniServerModule]:Global Cache Folder Erased. <58> Files deleted.
AqarAlghad.exe: 000019A0: 03:20:04 [TUniServerModule]:Starting HTTP Server on Port: 8077...
AqarAlghad.exe: 000019A0: 03:20:04 [TUniServerModule]:HTTP Server Started on Port: 8077
AqarAlghad.exe: 00000DB0: 03:24:35 []:>--------------------------------------------------------------<
AqarAlghad.exe: 00000DB0: 03:24:35 [TUniServerModule]:Server First Init.
AqarAlghad.exe: 00000DB0: 03:24:35 [TUniServerModule]:Global Cache Folder Erased. <67> Files deleted.
AqarAlghad.exe: 00000DB0: 03:24:35 [TUniServerModule]:Starting HTTP Server on Port: 8077...
AqarAlghad.exe: 00000DB0: 03:24:36 [TUniServerModule]:HTTP Server Started on Port: 8077
AqarAlghad.exe: 00000C20: 21:16:21 []:>--------------------------------------------------------------<
AqarAlghad.exe: 00000C20: 21:16:21 [TUniServerModule]:Server First Init.
AqarAlghad.exe: 00000C20: 21:16:21 [TUniServerModule]:Global Cache Folder Erased. <68> Files deleted.
AqarAlghad.exe: 00000C20: 21:16:22 [TUniServerModule]:Starting HTTP Server on Port: 8077...
AqarAlghad.exe: 00000C20: 21:16:22 [TUniServerModule]:HTTP Server Started on Port: 8077
AqarAlghad.exe: 00001698: 21:18:43 []:>--------------------------------------------------------------<
AqarAlghad.exe: 00001698: 21:18:43 [TUniServerModule]:Server First Init.
AqarAlghad.exe: 00001698: 21:18:43 [TUniServerModule]:Global Cache Folder Erased. <71> Files deleted.
AqarAlghad.exe: 00001698: 21:18:43 [TUniServerModule]:Starting HTTP Server on Port: 8077...
AqarAlghad.exe: 00001698: 21:18:43 [TUniServerModule]:HTTP Server Started on Port: 8077
AqarAlghad.exe: 00001CC0: 21:20:37 []:>--------------------------------------------------------------<
AqarAlghad.exe: 00001CC0: 21:20:37 [TUniServerModule]:Server First Init.
AqarAlghad.exe: 00001CC0: 21:20:37 [TUniServerModule]:Global Cache Folder Erased. <63> Files deleted.
AqarAlghad.exe: 00001CC0: 21:20:37 [TUniServerModule]:Starting HTTP Server on Port: 8077...
AqarAlghad.exe: 00001CC0: 21:20:37 [TUniServerModule]:HTTP Server Started on Port: 8077
AqarAlghad.exe: 0000158C: 21:23:24 []:>--------------------------------------------------------------<
AqarAlghad.exe: 0000158C: 21:23:24 [TUniServerModule]:Server First Init.
AqarAlghad.exe: 0000158C: 21:23:24 [TUniServerModule]:Global Cache Folder Erased. <63> Files deleted.
AqarAlghad.exe: 0000158C: 21:23:24 [TUniServerModule]:Starting HTTP Server on Port: 8077...
AqarAlghad.exe: 0000158C: 21:23:24 [TUniServerModule]:HTTP Server Started on Port: 8077
AqarAlghad.exe: 000025D8: 21:24:02 []:>--------------------------------------------------------------<
AqarAlghad.exe: 000025D8: 21:24:02 [TUniServerModule]:Server First Init.
AqarAlghad.exe: 000025D8: 21:24:02 [TUniServerModule]:Global Cache Folder Erased. <63> Files deleted.
AqarAlghad.exe: 000025D8: 21:24:02 [TUniServerModule]:Starting HTTP Server on Port: 8077...
AqarAlghad.exe: 000025D8: 21:24:02 [TUniServerModule]:HTTP Server Started on Port: 8077
AqarAlghad.exe: 00001138: 21:59:58 []:>--------------------------------------------------------------<
AqarAlghad.exe: 00001138: 21:59:58 [TUniServerModule]:Server First Init.
AqarAlghad.exe: 00001138: 21:59:58 [TUniServerModule]:Global Cache Folder Erased. <64> Files deleted.
AqarAlghad.exe: 00001138: 21:59:58 [TUniServerModule]:Starting HTTP Server on Port: 8077...
AqarAlghad.exe: 00001138: 21:59:58 [TUniServerModule]:HTTP Server Started on Port: 8077
AqarAlghad.exe: 00001130: 22:05:15 []:>--------------------------------------------------------------<
AqarAlghad.exe: 00001130: 22:05:15 [TUniServerModule]:Server First Init.
AqarAlghad.exe: 00001130: 22:05:15 [TUniServerModule]:Global Cache Folder Erased. <64> Files deleted.
AqarAlghad.exe: 00001130: 22:05:15 [TUniServerModule]:Starting HTTP Server on Port: 8077...
AqarAlghad.exe: 00001130: 22:05:15 [TUniServerModule]:HTTP Server Started on Port: 8077
AqarAlghad.exe: 00001404: 22:07:09 []:>--------------------------------------------------------------<
AqarAlghad.exe: 00001404: 22:07:09 [TUniServerModule]:Server First Init.
AqarAlghad.exe: 00001404: 22:07:09 [TUniServerModule]:Global Cache Folder Erased. <64> Files deleted.
AqarAlghad.exe: 00001404: 22:07:09 [TUniServerModule]:Starting HTTP Server on Port: 8077...
AqarAlghad.exe: 00001404: 22:07:09 [TUniServerModule]:HTTP Server Started on Port: 8077
AqarAlghad.exe: 00000408: 22:16:52 []:>--------------------------------------------------------------<
AqarAlghad.exe: 00000408: 22:16:52 [TUniServerModule]:Server First Init.
AqarAlghad.exe: 00000408: 22:16:52 [TUniServerModule]:Global Cache Folder Erased. <63> Files deleted.
AqarAlghad.exe: 00000408: 22:16:52 [TUniServerModule]:Starting HTTP Server on Port: 8077...
AqarAlghad.exe: 00000408: 22:16:52 [TUniServerModule]:HTTP Server Started on Port: 8077
