AqarAlghad.exe: 00001F94: 12:46:02 []:>--------------------------------------------------------------<
AqarAlghad.exe: 00001F94: 12:46:02 [TUniServerModule]:Server First Init.
AqarAlghad.exe: 00001F94: 12:46:02 [TUniServerModule]:Global Cache Folder Erased. <57> Files deleted.
AqarAlghad.exe: 00001F94: 12:46:02 [TUniServerModule]:Starting HTTP Server on Port: 8077...
AqarAlghad.exe: 00001F94: 12:46:02 [TUniServerModule]:HTTP Server Started on Port: 8077
AqarAlghad.exe: 00000404: 12:50:06 []:>--------------------------------------------------------------<
AqarAlghad.exe: 00000404: 12:50:06 [TUniServerModule]:Server First Init.
AqarAlghad.exe: 00000404: 12:50:06 [TUniServerModule]:Global Cache Folder Erased. <62> Files deleted.
AqarAlghad.exe: 00000404: 12:50:06 [TUniServerModule]:Starting HTTP Server on Port: 8077...
AqarAlghad.exe: 00000404: 12:50:06 [TUniServerModule]:HTTP Server Started on Port: 8077
AqarAlghad.exe: 00002394: 12:50:48 []:>--------------------------------------------------------------<
AqarAlghad.exe: 00002394: 12:50:48 [TUniServerModule]:Server First Init.
AqarAlghad.exe: 00002394: 12:50:48 [TUniServerModule]:Global Cache Folder Erased. <62> Files deleted.
AqarAlghad.exe: 00002394: 12:50:48 [TUniServerModule]:Starting HTTP Server on Port: 8077...
AqarAlghad.exe: 00002394: 12:50:48 [TUniServerModule]:HTTP Server Started on Port: 8077
AqarAlghad.exe: 000022F0: 12:57:37 []:>--------------------------------------------------------------<
AqarAlghad.exe: 000022F0: 12:57:37 [TUniServerModule]:Server First Init.
AqarAlghad.exe: 000022F0: 12:57:37 [TUniServerModule]:Global Cache Folder Erased. <61> Files deleted.
AqarAlghad.exe: 000022F0: 12:57:37 [TUniServerModule]:Starting HTTP Server on Port: 8077...
AqarAlghad.exe: 000022F0: 12:57:37 [TUniServerModule]:HTTP Server Started on Port: 8077
AqarAlghad.exe: 00002030: 13:20:10 []:>--------------------------------------------------------------<
AqarAlghad.exe: 00002030: 13:20:10 [TUniServerModule]:Server First Init.
AqarAlghad.exe: 00002030: 13:20:10 [TUniServerModule]:Global Cache Folder Erased. <60> Files deleted.
AqarAlghad.exe: 00002030: 13:20:10 [TUniServerModule]:Starting HTTP Server on Port: 8077...
AqarAlghad.exe: 00002030: 13:20:10 [TUniServerModule]:HTTP Server Started on Port: 8077
AqarAlghad.exe: 00000B44: 13:20:59 []:>--------------------------------------------------------------<
AqarAlghad.exe: 00000B44: 13:20:59 [TUniServerModule]:Server First Init.
AqarAlghad.exe: 00000B44: 13:20:59 [TUniServerModule]:Global Cache Folder Erased. <57> Files deleted.
AqarAlghad.exe: 00000B44: 13:21:00 [TUniServerModule]:Starting HTTP Server on Port: 8077...
AqarAlghad.exe: 00000B44: 13:21:00 [TUniServerModule]:HTTP Server Started on Port: 8077
AqarAlghad.exe: 000023CC: 13:23:08 []:>--------------------------------------------------------------<
AqarAlghad.exe: 000023CC: 13:23:08 [TUniServerModule]:Server First Init.
AqarAlghad.exe: 000023CC: 13:23:08 [TUniServerModule]:Global Cache Folder Erased. <63> Files deleted.
AqarAlghad.exe: 000023CC: 13:23:09 [TUniServerModule]:Starting HTTP Server on Port: 8077...
AqarAlghad.exe: 000023CC: 13:23:09 [TUniServerModule]:HTTP Server Started on Port: 8077
AqarAlghad.exe: 00001E28: 13:28:30 []:>--------------------------------------------------------------<
AqarAlghad.exe: 00001E28: 13:28:30 [TUniServerModule]:Server First Init.
AqarAlghad.exe: 00001E28: 13:28:30 [TUniServerModule]:Global Cache Folder Erased. <63> Files deleted.
AqarAlghad.exe: 00001E28: 13:28:31 [TUniServerModule]:Starting HTTP Server on Port: 8077...
AqarAlghad.exe: 00001E28: 13:28:31 [TUniServerModule]:HTTP Server Started on Port: 8077
AqarAlghad.exe: 000027EC: 13:31:21 []:>--------------------------------------------------------------<
AqarAlghad.exe: 000027EC: 13:31:21 [TUniServerModule]:Server First Init.
AqarAlghad.exe: 000027EC: 13:31:21 [TUniServerModule]:Global Cache Folder Erased. <63> Files deleted.
AqarAlghad.exe: 000027EC: 13:31:21 [TUniServerModule]:Starting HTTP Server on Port: 8077...
AqarAlghad.exe: 000027EC: 13:31:21 [TUniServerModule]:HTTP Server Started on Port: 8077
AqarAlghad.exe: 00002148: 13:40:20 []:>--------------------------------------------------------------<
AqarAlghad.exe: 00002148: 13:40:20 [TUniServerModule]:Server First Init.
AqarAlghad.exe: 00002148: 13:40:20 [TUniServerModule]:Global Cache Folder Erased. <69> Files deleted.
AqarAlghad.exe: 00002148: 13:40:20 [TUniServerModule]:Starting HTTP Server on Port: 8077...
AqarAlghad.exe: 00002148: 13:40:20 [TUniServerModule]:HTTP Server Started on Port: 8077
AqarAlghad.exe: 00001054: 13:58:48 []:>--------------------------------------------------------------<
AqarAlghad.exe: 00001054: 13:58:48 [TUniServerModule]:Server First Init.
AqarAlghad.exe: 00001054: 13:58:48 [TUniServerModule]:Global Cache Folder Erased. <67> Files deleted.
AqarAlghad.exe: 00001054: 13:58:48 [TUniServerModule]:Starting HTTP Server on Port: 8077...
AqarAlghad.exe: 00001054: 13:58:48 [TUniServerModule]:HTTP Server Started on Port: 8077
AqarAlghad.exe: 0000125C: 14:02:55 []:>--------------------------------------------------------------<
AqarAlghad.exe: 0000125C: 14:02:55 [TUniServerModule]:Server First Init.
AqarAlghad.exe: 0000125C: 14:02:55 [TUniServerModule]:Global Cache Folder Erased. <67> Files deleted.
AqarAlghad.exe: 0000125C: 14:02:55 [TUniServerModule]:Starting HTTP Server on Port: 8077...
AqarAlghad.exe: 0000125C: 14:02:55 [TUniServerModule]:HTTP Server Started on Port: 8077
AqarAlghad.exe: 00001830: 14:05:43 []:>--------------------------------------------------------------<
AqarAlghad.exe: 00001830: 14:05:43 [TUniServerModule]:Server First Init.
AqarAlghad.exe: 00001830: 14:05:43 [TUniServerModule]:Global Cache Folder Erased. <68> Files deleted.
AqarAlghad.exe: 00001830: 14:05:43 [TUniServerModule]:Starting HTTP Server on Port: 8077...
AqarAlghad.exe: 00001830: 14:05:43 [TUniServerModule]:HTTP Server Started on Port: 8077
AqarAlghad.exe: 000024EC: 14:09:04 []:>--------------------------------------------------------------<
AqarAlghad.exe: 000024EC: 14:09:04 [TUniServerModule]:Server First Init.
AqarAlghad.exe: 000024EC: 14:09:04 [TUniServerModule]:Global Cache Folder Erased. <64> Files deleted.
AqarAlghad.exe: 000024EC: 14:09:04 [TUniServerModule]:Starting HTTP Server on Port: 8077...
AqarAlghad.exe: 000024EC: 14:09:04 [TUniServerModule]:HTTP Server Started on Port: 8077
AqarAlghad.exe: 00002768: 14:09:19 []:>--------------------------------------------------------------<
AqarAlghad.exe: 00002768: 14:09:19 [TUniServerModule]:Server First Init.
AqarAlghad.exe: 00002768: 14:09:19 [TUniServerModule]:Global Cache Folder Erased. <1> Files deleted.
AqarAlghad.exe: 00002768: 14:09:19 [TUniServerModule]:Starting HTTP Server on Port: 8077...
AqarAlghad.exe: 00002768: 14:09:19 [TUniServerModule]:HTTP Server Started on Port: 8077
AqarAlghad.exe: 0000202C: 14:10:39 []:>--------------------------------------------------------------<
AqarAlghad.exe: 0000202C: 14:10:39 [TUniServerModule]:Server First Init.
AqarAlghad.exe: 0000202C: 14:10:39 [TUniServerModule]:Global Cache Folder Erased. <64> Files deleted.
AqarAlghad.exe: 0000202C: 14:10:40 [TUniServerModule]:Starting HTTP Server on Port: 8077...
AqarAlghad.exe: 0000202C: 14:10:40 [TUniServerModule]:HTTP Server Started on Port: 8077
AqarAlghad.exe: 00002700: 14:23:47 []:>--------------------------------------------------------------<
AqarAlghad.exe: 00002700: 14:23:47 [TUniServerModule]:Server First Init.
AqarAlghad.exe: 00002700: 14:23:47 [TUniServerModule]:Global Cache Folder Erased. <67> Files deleted.
AqarAlghad.exe: 00002700: 14:23:47 [TUniServerModule]:Starting HTTP Server on Port: 8077...
AqarAlghad.exe: 00002700: 14:23:47 [TUniServerModule]:HTTP Server Started on Port: 8077
AqarAlghad.exe: 00002718: 14:25:15 []:>--------------------------------------------------------------<
AqarAlghad.exe: 00002718: 14:25:15 [TUniServerModule]:Server First Init.
AqarAlghad.exe: 00002718: 14:25:15 [TUniServerModule]:Global Cache Folder Erased. <57> Files deleted.
AqarAlghad.exe: 00002718: 14:25:15 [TUniServerModule]:Starting HTTP Server on Port: 8077...
AqarAlghad.exe: 00002718: 14:25:15 [TUniServerModule]:HTTP Server Started on Port: 8077
AqarAlghad.exe: 00002440: 14:28:14 []:>--------------------------------------------------------------<
AqarAlghad.exe: 00002440: 14:28:14 [TUniServerModule]:Server First Init.
AqarAlghad.exe: 00002440: 14:28:14 [TUniServerModule]:Global Cache Folder Erased. <57> Files deleted.
AqarAlghad.exe: 00002440: 14:28:14 [TUniServerModule]:Starting HTTP Server on Port: 8077...
AqarAlghad.exe: 00002440: 14:28:14 [TUniServerModule]:HTTP Server Started on Port: 8077
AqarAlghad.exe: 00001B84: 14:38:38 []:>--------------------------------------------------------------<
AqarAlghad.exe: 00001B84: 14:38:38 [TUniServerModule]:Server First Init.
AqarAlghad.exe: 00001B84: 14:38:38 [TUniServerModule]:Global Cache Folder Erased. <65> Files deleted.
AqarAlghad.exe: 00001B84: 14:38:38 [TUniServerModule]:Starting HTTP Server on Port: 8077...
AqarAlghad.exe: 00001B84: 14:38:38 [TUniServerModule]:HTTP Server Started on Port: 8077
AqarAlghad.exe: 000003A4: 14:39:08 [127.0.0.1]:EUniError : #42S22Unknown column 'EstNo' in 'where clause' : Addr: $0000000000BD7BA9
AqarAlghad.exe: 000026C8: 14:44:25 []:>--------------------------------------------------------------<
AqarAlghad.exe: 000026C8: 14:44:25 [TUniServerModule]:Server First Init.
AqarAlghad.exe: 000026C8: 14:44:25 [TUniServerModule]:Global Cache Folder Erased. <57> Files deleted.
AqarAlghad.exe: 000026C8: 14:44:26 [TUniServerModule]:Starting HTTP Server on Port: 8077...
AqarAlghad.exe: 000026C8: 14:44:26 [TUniServerModule]:HTTP Server Started on Port: 8077
AqarAlghad.exe: 000021F8: 14:46:25 []:>--------------------------------------------------------------<
AqarAlghad.exe: 000021F8: 14:46:25 [TUniServerModule]:Server First Init.
AqarAlghad.exe: 000021F8: 14:46:25 [TUniServerModule]:Global Cache Folder Erased. <64> Files deleted.
AqarAlghad.exe: 000021F8: 14:46:25 [TUniServerModule]:Starting HTTP Server on Port: 8077...
AqarAlghad.exe: 000021F8: 14:46:25 [TUniServerModule]:HTTP Server Started on Port: 8077
AqarAlghad.exe: 00001B54: 14:51:23 []:>--------------------------------------------------------------<
AqarAlghad.exe: 00001B54: 14:51:23 [TUniServerModule]:Server First Init.
AqarAlghad.exe: 00001B54: 14:51:23 [TUniServerModule]:Global Cache Folder Erased. <67> Files deleted.
AqarAlghad.exe: 00001B54: 14:51:23 [TUniServerModule]:Starting HTTP Server on Port: 8077...
AqarAlghad.exe: 00001B54: 14:51:23 [TUniServerModule]:HTTP Server Started on Port: 8077
AqarAlghad.exe: 00002724: 14:53:09 []:>--------------------------------------------------------------<
AqarAlghad.exe: 00002724: 14:53:09 [TUniServerModule]:Server First Init.
AqarAlghad.exe: 00002724: 14:53:09 [TUniServerModule]:Global Cache Folder Erased. <65> Files deleted.
AqarAlghad.exe: 00002724: 14:53:09 [TUniServerModule]:Starting HTTP Server on Port: 8077...
AqarAlghad.exe: 00002724: 14:53:09 [TUniServerModule]:HTTP Server Started on Port: 8077
AqarAlghad.exe: 00002778: 15:52:59 []:>--------------------------------------------------------------<
AqarAlghad.exe: 00002778: 15:52:59 [TUniServerModule]:Server First Init.
AqarAlghad.exe: 00002778: 15:52:59 [TUniServerModule]:Global Cache Folder Erased. <66> Files deleted.
AqarAlghad.exe: 00002778: 15:52:59 [TUniServerModule]:Starting HTTP Server on Port: 8077...
AqarAlghad.exe: 00002778: 15:52:59 [TUniServerModule]:HTTP Server Started on Port: 8077
