AqarAlghad.exe: 00002F90: 21:37:25 []:>--------------------------------------------------------------<
AqarAlghad.exe: 00002F90: 21:37:25 [TUniServerModule]:Server First Init.
AqarAlghad.exe: 00002F90: 21:37:25 [TUniServerModule]:Global Cache Folder Erased. <67> Files deleted.
AqarAlghad.exe: 00002F90: 21:37:25 [TUniServerModule]:Starting HTTP Server on Port: 8077...
AqarAlghad.exe: 00002F90: 21:37:25 [TUniServerModule]:HTTP Server Started on Port: 8077
AqarAlghad.exe: 00002B98: 21:44:19 []:>--------------------------------------------------------------<
AqarAlghad.exe: 00002B98: 21:44:19 [TUniServerModule]:Server First Init.
AqarAlghad.exe: 00002B98: 21:44:19 [TUniServerModule]:Global Cache Folder Erased. <60> Files deleted.
AqarAlghad.exe: 00002B98: 21:44:19 [TUniServerModule]:Starting HTTP Server on Port: 8077...
AqarAlghad.exe: 00002B98: 21:44:20 [TUniServerModule]:HTTP Server Started on Port: 8077
AqarAlghad.exe: 00002358: 21:46:41 []:>--------------------------------------------------------------<
AqarAlghad.exe: 00002358: 21:46:41 [TUniServerModule]:Server First Init.
AqarAlghad.exe: 00002358: 21:46:41 [TUniServerModule]:Global Cache Folder Erased. <64> Files deleted.
AqarAlghad.exe: 00002358: 21:46:41 [TUniServerModule]:Starting HTTP Server on Port: 8077...
AqarAlghad.exe: 00002358: 21:46:41 [TUniServerModule]:HTTP Server Started on Port: 8077
AqarAlghad.exe: 00001184: 21:49:39 []:>--------------------------------------------------------------<
AqarAlghad.exe: 00001184: 21:49:39 [TUniServerModule]:Server First Init.
AqarAlghad.exe: 00001184: 21:49:39 [TUniServerModule]:Global Cache Folder Erased. <64> Files deleted.
AqarAlghad.exe: 00001184: 21:49:39 [TUniServerModule]:Starting HTTP Server on Port: 8077...
AqarAlghad.exe: 00001184: 21:49:39 [TUniServerModule]:HTTP Server Started on Port: 8077
AqarAlghad.exe: 00000948: 21:50:30 []:>--------------------------------------------------------------<
AqarAlghad.exe: 00000948: 21:50:30 [TUniServerModule]:Server First Init.
AqarAlghad.exe: 00000948: 21:50:30 [TUniServerModule]:Global Cache Folder Erased. <64> Files deleted.
AqarAlghad.exe: 00000948: 21:50:31 [TUniServerModule]:Starting HTTP Server on Port: 8077...
AqarAlghad.exe: 00000948: 21:50:31 [TUniServerModule]:HTTP Server Started on Port: 8077
AqarAlghad.exe: 00001B30: 21:51:23 []:>--------------------------------------------------------------<
AqarAlghad.exe: 00001B30: 21:51:23 [TUniServerModule]:Server First Init.
AqarAlghad.exe: 00001B30: 21:51:23 [TUniServerModule]:Global Cache Folder Erased. <64> Files deleted.
AqarAlghad.exe: 00001B30: 21:51:23 [TUniServerModule]:Starting HTTP Server on Port: 8077...
AqarAlghad.exe: 00001B30: 21:51:23 [TUniServerModule]:HTTP Server Started on Port: 8077
AqarAlghad.exe: 00002DC4: 21:53:02 []:>--------------------------------------------------------------<
AqarAlghad.exe: 00002DC4: 21:53:02 [TUniServerModule]:Server First Init.
AqarAlghad.exe: 00002DC4: 21:53:02 [TUniServerModule]:Global Cache Folder Erased. <64> Files deleted.
AqarAlghad.exe: 00002DC4: 21:53:02 [TUniServerModule]:Starting HTTP Server on Port: 8077...
AqarAlghad.exe: 00002DC4: 21:53:02 [TUniServerModule]:HTTP Server Started on Port: 8077
AqarAlghad.exe: 00001CE4: 21:53:40 []:>--------------------------------------------------------------<
AqarAlghad.exe: 00001CE4: 21:53:40 [TUniServerModule]:Server First Init.
AqarAlghad.exe: 00001CE4: 21:53:40 [TUniServerModule]:Global Cache Folder Erased. <64> Files deleted.
AqarAlghad.exe: 00001CE4: 21:53:40 [TUniServerModule]:Starting HTTP Server on Port: 8077...
AqarAlghad.exe: 00001CE4: 21:53:40 [TUniServerModule]:HTTP Server Started on Port: 8077
AqarAlghad.exe: 00002C30: 21:54:19 []:>--------------------------------------------------------------<
AqarAlghad.exe: 00002C30: 21:54:19 [TUniServerModule]:Server First Init.
AqarAlghad.exe: 00002C30: 21:54:19 [TUniServerModule]:Global Cache Folder Erased. <63> Files deleted.
AqarAlghad.exe: 00002C30: 21:54:19 [TUniServerModule]:Starting HTTP Server on Port: 8077...
AqarAlghad.exe: 00002C30: 21:54:19 [TUniServerModule]:HTTP Server Started on Port: 8077
AqarAlghad.exe: 00001E90: 21:54:53 []:>--------------------------------------------------------------<
AqarAlghad.exe: 00001E90: 21:54:53 [TUniServerModule]:Server First Init.
AqarAlghad.exe: 00001E90: 21:54:53 [TUniServerModule]:Global Cache Folder Erased. <64> Files deleted.
AqarAlghad.exe: 00001E90: 21:54:53 [TUniServerModule]:Starting HTTP Server on Port: 8077...
AqarAlghad.exe: 00001E90: 21:54:53 [TUniServerModule]:HTTP Server Started on Port: 8077
AqarAlghad.exe: 000019D8: 21:55:28 []:>--------------------------------------------------------------<
AqarAlghad.exe: 000019D8: 21:55:28 [TUniServerModule]:Server First Init.
AqarAlghad.exe: 000019D8: 21:55:28 [TUniServerModule]:Global Cache Folder Erased. <64> Files deleted.
AqarAlghad.exe: 000019D8: 21:55:28 [TUniServerModule]:Starting HTTP Server on Port: 8077...
AqarAlghad.exe: 000019D8: 21:55:29 [TUniServerModule]:HTTP Server Started on Port: 8077
AqarAlghad.exe: 0000271C: 21:57:01 []:>--------------------------------------------------------------<
AqarAlghad.exe: 0000271C: 21:57:01 [TUniServerModule]:Server First Init.
AqarAlghad.exe: 0000271C: 21:57:01 [TUniServerModule]:Global Cache Folder Erased. <64> Files deleted.
AqarAlghad.exe: 0000271C: 21:57:01 [TUniServerModule]:Starting HTTP Server on Port: 8077...
AqarAlghad.exe: 0000271C: 21:57:01 [TUniServerModule]:HTTP Server Started on Port: 8077
AqarAlghad.exe: 00002F9C: 22:09:41 []:>--------------------------------------------------------------<
AqarAlghad.exe: 00002F9C: 22:09:41 [TUniServerModule]:Server First Init.
AqarAlghad.exe: 00002F9C: 22:09:41 [TUniServerModule]:Global Cache Folder Erased. <64> Files deleted.
AqarAlghad.exe: 00002F9C: 22:09:41 [TUniServerModule]:Starting HTTP Server on Port: 8077...
AqarAlghad.exe: 00002F9C: 22:09:41 [TUniServerModule]:HTTP Server Started on Port: 8077
AqarAlghad.exe: 00002F74: 22:13:14 []:>--------------------------------------------------------------<
AqarAlghad.exe: 00002F74: 22:13:14 [TUniServerModule]:Server First Init.
AqarAlghad.exe: 00002F74: 22:13:14 [TUniServerModule]:Global Cache Folder Erased. <67> Files deleted.
AqarAlghad.exe: 00002F74: 22:13:14 [TUniServerModule]:Starting HTTP Server on Port: 8077...
AqarAlghad.exe: 00002F74: 22:13:14 [TUniServerModule]:HTTP Server Started on Port: 8077
AqarAlghad.exe: 000008B0: 22:15:01 []:>--------------------------------------------------------------<
AqarAlghad.exe: 000008B0: 22:15:01 [TUniServerModule]:Server First Init.
AqarAlghad.exe: 000008B0: 22:15:01 [TUniServerModule]:Global Cache Folder Erased. <67> Files deleted.
AqarAlghad.exe: 000008B0: 22:15:01 [TUniServerModule]:Starting HTTP Server on Port: 8077...
AqarAlghad.exe: 000008B0: 22:15:01 [TUniServerModule]:HTTP Server Started on Port: 8077
AqarAlghad.exe: 00000310: 22:25:16 []:>--------------------------------------------------------------<
AqarAlghad.exe: 00000310: 22:25:16 [TUniServerModule]:Server First Init.
AqarAlghad.exe: 00000310: 22:25:16 [TUniServerModule]:Global Cache Folder Erased. <69> Files deleted.
AqarAlghad.exe: 00000310: 22:25:16 [TUniServerModule]:Starting HTTP Server on Port: 8077...
AqarAlghad.exe: 00000310: 22:25:16 [TUniServerModule]:HTTP Server Started on Port: 8077
AqarAlghad.exe: 000017AC: 22:28:33 []:>--------------------------------------------------------------<
AqarAlghad.exe: 000017AC: 22:28:33 [TUniServerModule]:Server First Init.
AqarAlghad.exe: 000017AC: 22:28:33 [TUniServerModule]:Global Cache Folder Erased. <64> Files deleted.
AqarAlghad.exe: 000017AC: 22:28:33 [TUniServerModule]:Starting HTTP Server on Port: 8077...
AqarAlghad.exe: 000017AC: 22:28:33 [TUniServerModule]:HTTP Server Started on Port: 8077
