AqarAlghad.exe: 00002458: 14:15:38 []:>--------------------------------------------------------------<
AqarAlghad.exe: 00002458: 14:15:38 [TUniServerModule]:Server First Init.
AqarAlghad.exe: 00002458: 14:15:40 [TUniServerModule]:Global Cache Folder Erased. <67> Files deleted.
AqarAlghad.exe: 00002458: 14:15:40 [TUniServerModule]:Starting HTTP Server on Port: 8077...
AqarAlghad.exe: 00002458: 14:15:40 [TUniServerModule]:HTTP Server Started on Port: 8077
AqarAlghad.exe: 00000978: 14:16:34 []:>--------------------------------------------------------------<
AqarAlghad.exe: 00000978: 14:16:34 [TUniServerModule]:Server First Init.
AqarAlghad.exe: 00000978: 14:16:34 [TUniServerModule]:Global Cache Folder Erased. <66> Files deleted.
AqarAlghad.exe: 00000978: 14:16:34 [TUniServerModule]:Starting HTTP Server on Port: 8077...
AqarAlghad.exe: 00000978: 14:16:34 [TUniServerModule]:HTTP Server Started on Port: 8077
AqarAlghad.exe: 00000834: 14:30:14 []:>--------------------------------------------------------------<
AqarAlghad.exe: 00000834: 14:30:14 [TUniServerModule]:Server First Init.
AqarAlghad.exe: 00000834: 14:30:14 [TUniServerModule]:Global Cache Folder Erased. <71> Files deleted.
AqarAlghad.exe: 00000834: 14:30:14 [TUniServerModule]:Starting HTTP Server on Port: 8077...
AqarAlghad.exe: 00000834: 14:30:14 [TUniServerModule]:HTTP Server Started on Port: 8077
AqarAlghad.exe: 00002B28: 14:37:31 []:>--------------------------------------------------------------<
AqarAlghad.exe: 00002B28: 14:37:31 [TUniServerModule]:Server First Init.
AqarAlghad.exe: 00002B28: 14:37:31 [TUniServerModule]:Global Cache Folder Erased. <66> Files deleted.
AqarAlghad.exe: 00002B28: 14:37:32 [TUniServerModule]:Starting HTTP Server on Port: 8077...
AqarAlghad.exe: 00002B28: 14:37:32 [TUniServerModule]:HTTP Server Started on Port: 8077
AqarAlghad.exe: 00000E4C: 14:41:53 []:>--------------------------------------------------------------<
AqarAlghad.exe: 00000E4C: 14:41:53 [TUniServerModule]:Server First Init.
AqarAlghad.exe: 00000E4C: 14:41:53 [TUniServerModule]:Global Cache Folder Erased. <66> Files deleted.
AqarAlghad.exe: 00000E4C: 14:41:53 [TUniServerModule]:Starting HTTP Server on Port: 8077...
AqarAlghad.exe: 00000E4C: 14:41:53 [TUniServerModule]:HTTP Server Started on Port: 8077
AqarAlghad.exe: 00000444: 14:47:50 []:>--------------------------------------------------------------<
AqarAlghad.exe: 00000444: 14:47:50 [TUniServerModule]:Server First Init.
AqarAlghad.exe: 00000444: 14:47:50 [TUniServerModule]:Global Cache Folder Erased. <71> Files deleted.
AqarAlghad.exe: 00000444: 14:47:50 [TUniServerModule]:Starting HTTP Server on Port: 8077...
AqarAlghad.exe: 00000444: 14:47:50 [TUniServerModule]:HTTP Server Started on Port: 8077
AqarAlghad.exe: 0000274C: 22:10:35 []:>--------------------------------------------------------------<
AqarAlghad.exe: 0000274C: 22:10:35 [TUniServerModule]:Server First Init.
AqarAlghad.exe: 0000274C: 22:10:35 [TUniServerModule]:Global Cache Folder Erased. <67> Files deleted.
AqarAlghad.exe: 0000274C: 22:10:35 [TUniServerModule]:Starting HTTP Server on Port: 8077...
AqarAlghad.exe: 0000274C: 22:10:35 [TUniServerModule]:HTTP Server Started on Port: 8077
AqarAlghad.exe: 00000C24: 22:12:31 []:>--------------------------------------------------------------<
AqarAlghad.exe: 00000C24: 22:12:31 [TUniServerModule]:Server First Init.
AqarAlghad.exe: 00000C24: 22:12:31 [TUniServerModule]:Global Cache Folder Erased. <63> Files deleted.
AqarAlghad.exe: 00000C24: 22:12:31 [TUniServerModule]:Starting HTTP Server on Port: 8077...
AqarAlghad.exe: 00000C24: 22:12:31 [TUniServerModule]:HTTP Server Started on Port: 8077
AqarAlghad.exe: 00002038: 22:13:17 []:>--------------------------------------------------------------<
AqarAlghad.exe: 00002038: 22:13:17 [TUniServerModule]:Server First Init.
AqarAlghad.exe: 00002038: 22:13:17 [TUniServerModule]:Global Cache Folder Erased. <66> Files deleted.
AqarAlghad.exe: 00002038: 22:13:17 [TUniServerModule]:Starting HTTP Server on Port: 8077...
AqarAlghad.exe: 00002038: 22:13:17 [TUniServerModule]:HTTP Server Started on Port: 8077
AqarAlghad.exe: 000022F8: 22:14:48 []:>--------------------------------------------------------------<
AqarAlghad.exe: 000022F8: 22:14:48 [TUniServerModule]:Server First Init.
AqarAlghad.exe: 000022F8: 22:14:48 [TUniServerModule]:Global Cache Folder Erased. <66> Files deleted.
AqarAlghad.exe: 000022F8: 22:14:48 [TUniServerModule]:Starting HTTP Server on Port: 8077...
AqarAlghad.exe: 000022F8: 22:14:48 [TUniServerModule]:HTTP Server Started on Port: 8077
AqarAlghad.exe: 000013B0: 22:16:27 []:>--------------------------------------------------------------<
AqarAlghad.exe: 000013B0: 22:16:27 [TUniServerModule]:Server First Init.
AqarAlghad.exe: 000013B0: 22:16:27 [TUniServerModule]:Global Cache Folder Erased. <63> Files deleted.
AqarAlghad.exe: 000013B0: 22:16:27 [TUniServerModule]:Starting HTTP Server on Port: 8077...
AqarAlghad.exe: 000013B0: 22:16:27 [TUniServerModule]:HTTP Server Started on Port: 8077
AqarAlghad.exe: 00002C64: 22:22:44 []:>--------------------------------------------------------------<
AqarAlghad.exe: 00002C64: 22:22:44 [TUniServerModule]:Server First Init.
AqarAlghad.exe: 00002C64: 22:22:45 [TUniServerModule]:Global Cache Folder Erased. <67> Files deleted.
AqarAlghad.exe: 00002C64: 22:22:45 [TUniServerModule]:Starting HTTP Server on Port: 8077...
AqarAlghad.exe: 00002C64: 22:22:45 [TUniServerModule]:HTTP Server Started on Port: 8077
AqarAlghad.exe: 000010E4: 22:23:35 []:>--------------------------------------------------------------<
AqarAlghad.exe: 000010E4: 22:23:35 [TUniServerModule]:Server First Init.
AqarAlghad.exe: 000010E4: 22:23:35 [TUniServerModule]:Global Cache Folder Erased. <67> Files deleted.
AqarAlghad.exe: 000010E4: 22:23:35 [TUniServerModule]:Starting HTTP Server on Port: 8077...
AqarAlghad.exe: 000010E4: 22:23:35 [TUniServerModule]:HTTP Server Started on Port: 8077
AqarAlghad.exe: 00001060: 22:30:14 []:>--------------------------------------------------------------<
AqarAlghad.exe: 00001060: 22:30:14 [TUniServerModule]:Server First Init.
AqarAlghad.exe: 00001060: 22:30:14 [TUniServerModule]:Global Cache Folder Erased. <67> Files deleted.
AqarAlghad.exe: 00001060: 22:30:14 [TUniServerModule]:Starting HTTP Server on Port: 8077...
AqarAlghad.exe: 00001060: 22:30:15 [TUniServerModule]:HTTP Server Started on Port: 8077
AqarAlghad.exe: 000025AC: 22:31:12 []:>--------------------------------------------------------------<
AqarAlghad.exe: 000025AC: 22:31:12 [TUniServerModule]:Server First Init.
AqarAlghad.exe: 000025AC: 22:31:12 [TUniServerModule]:Global Cache Folder Erased. <66> Files deleted.
AqarAlghad.exe: 000025AC: 22:31:12 [TUniServerModule]:Starting HTTP Server on Port: 8077...
AqarAlghad.exe: 000025AC: 22:31:12 [TUniServerModule]:HTTP Server Started on Port: 8077
AqarAlghad.exe: 00002E64: 22:31:59 []:>--------------------------------------------------------------<
AqarAlghad.exe: 00002E64: 22:31:59 [TUniServerModule]:Server First Init.
AqarAlghad.exe: 00002E64: 22:31:59 [TUniServerModule]:Global Cache Folder Erased. <58> Files deleted.
AqarAlghad.exe: 00002E64: 22:31:59 [TUniServerModule]:Starting HTTP Server on Port: 8077...
AqarAlghad.exe: 00002E64: 22:31:59 [TUniServerModule]:HTTP Server Started on Port: 8077
AqarAlghad.exe: 00001E04: 22:34:20 []:>--------------------------------------------------------------<
AqarAlghad.exe: 00001E04: 22:34:20 [TUniServerModule]:Server First Init.
AqarAlghad.exe: 00001E04: 22:34:20 [TUniServerModule]:Global Cache Folder Erased. <66> Files deleted.
AqarAlghad.exe: 00001E04: 22:34:20 [TUniServerModule]:Starting HTTP Server on Port: 8077...
AqarAlghad.exe: 00001E04: 22:34:20 [TUniServerModule]:HTTP Server Started on Port: 8077
AqarAlghad.exe: 000011A0: 22:35:52 []:>--------------------------------------------------------------<
AqarAlghad.exe: 000011A0: 22:35:52 [TUniServerModule]:Server First Init.
AqarAlghad.exe: 000011A0: 22:35:52 [TUniServerModule]:Global Cache Folder Erased. <63> Files deleted.
AqarAlghad.exe: 000011A0: 22:35:52 [TUniServerModule]:Starting HTTP Server on Port: 8077...
AqarAlghad.exe: 000011A0: 22:35:52 [TUniServerModule]:HTTP Server Started on Port: 8077
AqarAlghad.exe: 00002984: 22:43:15 []:>--------------------------------------------------------------<
AqarAlghad.exe: 00002984: 22:43:15 [TUniServerModule]:Server First Init.
AqarAlghad.exe: 00002984: 22:43:15 [TUniServerModule]:Global Cache Folder Erased. <69> Files deleted.
AqarAlghad.exe: 00002984: 22:43:15 [TUniServerModule]:Starting HTTP Server on Port: 8077...
AqarAlghad.exe: 00002984: 22:43:15 [TUniServerModule]:HTTP Server Started on Port: 8077
AqarAlghad.exe: 000004E4: 22:44:58 []:>--------------------------------------------------------------<
AqarAlghad.exe: 000004E4: 22:44:58 [TUniServerModule]:Server First Init.
AqarAlghad.exe: 000004E4: 22:44:58 [TUniServerModule]:Global Cache Folder Erased. <66> Files deleted.
AqarAlghad.exe: 000004E4: 22:44:58 [TUniServerModule]:Starting HTTP Server on Port: 8077...
AqarAlghad.exe: 000004E4: 22:44:58 [TUniServerModule]:HTTP Server Started on Port: 8077
AqarAlghad.exe: 0000082C: 22:51:59 []:>--------------------------------------------------------------<
AqarAlghad.exe: 0000082C: 22:51:59 [TUniServerModule]:Server First Init.
AqarAlghad.exe: 0000082C: 22:51:59 [TUniServerModule]:Global Cache Folder Erased. <71> Files deleted.
AqarAlghad.exe: 0000082C: 22:51:59 [TUniServerModule]:Starting HTTP Server on Port: 8077...
AqarAlghad.exe: 0000082C: 22:51:59 [TUniServerModule]:HTTP Server Started on Port: 8077
AqarAlghad.exe: 00002D14: 22:52:55 []:>--------------------------------------------------------------<
AqarAlghad.exe: 00002D14: 22:52:55 [TUniServerModule]:Server First Init.
AqarAlghad.exe: 00002D14: 22:52:55 [TUniServerModule]:Global Cache Folder Erased. <63> Files deleted.
AqarAlghad.exe: 00002D14: 22:52:55 [TUniServerModule]:Starting HTTP Server on Port: 8077...
AqarAlghad.exe: 00002D14: 22:52:55 [TUniServerModule]:HTTP Server Started on Port: 8077
AqarAlghad.exe: 00002960: 23:05:41 []:>--------------------------------------------------------------<
AqarAlghad.exe: 00002960: 23:05:41 [TUniServerModule]:Server First Init.
AqarAlghad.exe: 00002960: 23:05:41 [TUniServerModule]:Global Cache Folder Erased. <64> Files deleted.
AqarAlghad.exe: 00002960: 23:05:41 [TUniServerModule]:Starting HTTP Server on Port: 8077...
AqarAlghad.exe: 00002960: 23:05:41 [TUniServerModule]:HTTP Server Started on Port: 8077
AqarAlghad.exe: 00001C98: 23:09:03 []:>--------------------------------------------------------------<
AqarAlghad.exe: 00001C98: 23:09:03 [TUniServerModule]:Server First Init.
AqarAlghad.exe: 00001C98: 23:09:03 [TUniServerModule]:Global Cache Folder Erased. <63> Files deleted.
AqarAlghad.exe: 00001C98: 23:09:03 [TUniServerModule]:Starting HTTP Server on Port: 8077...
AqarAlghad.exe: 00001C98: 23:09:04 [TUniServerModule]:HTTP Server Started on Port: 8077
AqarAlghad.exe: 00002594: 23:13:00 []:>--------------------------------------------------------------<
AqarAlghad.exe: 00002594: 23:13:00 [TUniServerModule]:Server First Init.
AqarAlghad.exe: 00002594: 23:13:00 [TUniServerModule]:Global Cache Folder Erased. <68> Files deleted.
AqarAlghad.exe: 00002594: 23:13:00 [TUniServerModule]:Starting HTTP Server on Port: 8077...
AqarAlghad.exe: 00002594: 23:13:00 [TUniServerModule]:HTTP Server Started on Port: 8077
AqarAlghad.exe: 00002CEC: 23:14:08 []:>--------------------------------------------------------------<
AqarAlghad.exe: 00002CEC: 23:14:08 [TUniServerModule]:Server First Init.
AqarAlghad.exe: 00002CEC: 23:14:08 [TUniServerModule]:Global Cache Folder Erased. <58> Files deleted.
AqarAlghad.exe: 00002CEC: 23:14:08 [TUniServerModule]:Starting HTTP Server on Port: 8077...
AqarAlghad.exe: 00002CEC: 23:14:08 [TUniServerModule]:HTTP Server Started on Port: 8077
AqarAlghad.exe: 000019E8: 23:14:57 []:>--------------------------------------------------------------<
AqarAlghad.exe: 000019E8: 23:14:57 [TUniServerModule]:Server First Init.
AqarAlghad.exe: 000019E8: 23:14:57 [TUniServerModule]:Global Cache Folder Erased. <58> Files deleted.
AqarAlghad.exe: 000019E8: 23:14:57 [TUniServerModule]:Starting HTTP Server on Port: 8077...
AqarAlghad.exe: 000019E8: 23:14:57 [TUniServerModule]:HTTP Server Started on Port: 8077
AqarAlghad.exe: 00002824: 23:15:59 []:>--------------------------------------------------------------<
AqarAlghad.exe: 00002824: 23:15:59 [TUniServerModule]:Server First Init.
AqarAlghad.exe: 00002824: 23:15:59 [TUniServerModule]:Global Cache Folder Erased. <66> Files deleted.
AqarAlghad.exe: 00002824: 23:15:59 [TUniServerModule]:Starting HTTP Server on Port: 8077...
AqarAlghad.exe: 00002824: 23:15:59 [TUniServerModule]:HTTP Server Started on Port: 8077
AqarAlghad.exe: 00002148: 23:17:07 []:>--------------------------------------------------------------<
AqarAlghad.exe: 00002148: 23:17:07 [TUniServerModule]:Server First Init.
AqarAlghad.exe: 00002148: 23:17:07 [TUniServerModule]:Global Cache Folder Erased. <58> Files deleted.
AqarAlghad.exe: 00002148: 23:17:07 [TUniServerModule]:Starting HTTP Server on Port: 8077...
AqarAlghad.exe: 00002148: 23:17:07 [TUniServerModule]:HTTP Server Started on Port: 8077
AqarAlghad.exe: 00001B08: 23:17:41 []:>--------------------------------------------------------------<
AqarAlghad.exe: 00001B08: 23:17:41 [TUniServerModule]:Server First Init.
AqarAlghad.exe: 00001B08: 23:17:41 [TUniServerModule]:Global Cache Folder Erased. <66> Files deleted.
AqarAlghad.exe: 00001B08: 23:17:41 [TUniServerModule]:Starting HTTP Server on Port: 8077...
AqarAlghad.exe: 00001B08: 23:17:41 [TUniServerModule]:HTTP Server Started on Port: 8077
AqarAlghad.exe: 000012FC: 23:17:53 [127.0.0.1]:EDatabaseError : Parameter 'ConID' not found : Addr: $000000000081673A
AqarAlghad.exe: 00002BE0: 23:18:26 []:>--------------------------------------------------------------<
AqarAlghad.exe: 00002BE0: 23:18:26 [TUniServerModule]:Server First Init.
AqarAlghad.exe: 00002BE0: 23:18:26 [TUniServerModule]:Global Cache Folder Erased. <63> Files deleted.
AqarAlghad.exe: 00002BE0: 23:18:26 [TUniServerModule]:Starting HTTP Server on Port: 8077...
AqarAlghad.exe: 00002BE0: 23:18:26 [TUniServerModule]:HTTP Server Started on Port: 8077
AqarAlghad.exe: 00002634: 23:20:11 []:>--------------------------------------------------------------<
AqarAlghad.exe: 00002634: 23:20:11 [TUniServerModule]:Server First Init.
AqarAlghad.exe: 00002634: 23:20:11 [TUniServerModule]:Global Cache Folder Erased. <66> Files deleted.
AqarAlghad.exe: 00002634: 23:20:11 [TUniServerModule]:Starting HTTP Server on Port: 8077...
AqarAlghad.exe: 00002634: 23:20:11 [TUniServerModule]:HTTP Server Started on Port: 8077
AqarAlghad.exe: 00002A74: 23:21:00 []:>--------------------------------------------------------------<
AqarAlghad.exe: 00002A74: 23:21:00 [TUniServerModule]:Server First Init.
AqarAlghad.exe: 00002A74: 23:21:00 [TUniServerModule]:Global Cache Folder Erased. <66> Files deleted.
AqarAlghad.exe: 00002A74: 23:21:00 [TUniServerModule]:Starting HTTP Server on Port: 8077...
AqarAlghad.exe: 00002A74: 23:21:00 [TUniServerModule]:HTTP Server Started on Port: 8077
AqarAlghad.exe: 000025B4: 23:22:31 []:>--------------------------------------------------------------<
AqarAlghad.exe: 000025B4: 23:22:31 [TUniServerModule]:Server First Init.
AqarAlghad.exe: 000025B4: 23:22:31 [TUniServerModule]:Global Cache Folder Erased. <58> Files deleted.
AqarAlghad.exe: 000025B4: 23:22:31 [TUniServerModule]:Starting HTTP Server on Port: 8077...
AqarAlghad.exe: 000025B4: 23:22:31 [TUniServerModule]:HTTP Server Started on Port: 8077
AqarAlghad.exe: 00002A68: 23:23:30 []:>--------------------------------------------------------------<
AqarAlghad.exe: 00002A68: 23:23:30 [TUniServerModule]:Server First Init.
AqarAlghad.exe: 00002A68: 23:23:30 [TUniServerModule]:Global Cache Folder Erased. <73> Files deleted.
AqarAlghad.exe: 00002A68: 23:23:30 [TUniServerModule]:Starting HTTP Server on Port: 8077...
AqarAlghad.exe: 00002A68: 23:23:30 [TUniServerModule]:HTTP Server Started on Port: 8077
AqarAlghad.exe: 000035B8: 23:30:29 []:>--------------------------------------------------------------<
AqarAlghad.exe: 000035B8: 23:30:29 [TUniServerModule]:Server First Init.
AqarAlghad.exe: 000035B8: 23:30:29 [TUniServerModule]:Global Cache Folder Erased. <58> Files deleted.
AqarAlghad.exe: 000035B8: 23:30:29 [TUniServerModule]:Starting HTTP Server on Port: 8077...
AqarAlghad.exe: 000035B8: 23:30:29 [TUniServerModule]:HTTP Server Started on Port: 8077
AqarAlghad.exe: 000035F0: 23:39:22 []:>--------------------------------------------------------------<
AqarAlghad.exe: 000035F0: 23:39:22 [TUniServerModule]:Server First Init.
AqarAlghad.exe: 000035F0: 23:39:22 [TUniServerModule]:Global Cache Folder Erased. <67> Files deleted.
AqarAlghad.exe: 000035F0: 23:39:22 [TUniServerModule]:Starting HTTP Server on Port: 8077...
AqarAlghad.exe: 000035F0: 23:39:23 [TUniServerModule]:HTTP Server Started on Port: 8077
