AqarAlghad.exe: 000031A8: 15:23:29 []:>--------------------------------------------------------------<
AqarAlghad.exe: 000031A8: 15:23:29 [TUniServerModule]:Server First Init.
AqarAlghad.exe: 000031A8: 15:23:29 [TUniServerModule]:Global Cache Folder Erased. <92> Files deleted.
AqarAlghad.exe: 000031A8: 15:23:29 [TUniServerModule]:Starting HTTP Server on Port: 8077...
AqarAlghad.exe: 000031A8: 15:23:29 [TUniServerModule]:HTTP Server Started on Port: 8077
AqarAlghad.exe: 000019BC: 15:24:03 [HandleFileRequest[127.0.0.1]]:File not found: C:\Program Files (x86)\FMSoft\Framework\unigui\unipackages-7.2.0\themes\ext-theme-uni_ubuntu\resources\images\button\arrow-rtl.png
AqarAlghad.exe: 00002F60: 15:26:04 []:>--------------------------------------------------------------<
AqarAlghad.exe: 00002F60: 15:26:04 [TUniServerModule]:Server First Init.
AqarAlghad.exe: 00002F60: 15:26:04 [TUniServerModule]:Global Cache Folder Erased. <75> Files deleted.
AqarAlghad.exe: 00002F60: 15:26:04 [TUniServerModule]:Starting HTTP Server on Port: 8077...
AqarAlghad.exe: 00002F60: 15:26:04 [TUniServerModule]:HTTP Server Started on Port: 8077
AqarAlghad.exe: 000023B8: 15:26:25 [HandleFileRequest[127.0.0.1]]:File not found: C:\Program Files (x86)\FMSoft\Framework\unigui\unipackages-7.2.0\themes\ext-theme-uni_ubuntu\resources\images\button\arrow-rtl.png
AqarAlghad.exe: 00001830: 15:29:56 []:>--------------------------------------------------------------<
AqarAlghad.exe: 00001830: 15:29:56 [TUniServerModule]:Server First Init.
AqarAlghad.exe: 00001830: 15:29:56 [TUniServerModule]:Global Cache Folder Erased. <63> Files deleted.
AqarAlghad.exe: 00001830: 15:29:56 [TUniServerModule]:Starting HTTP Server on Port: 8077...
AqarAlghad.exe: 00001830: 15:29:56 [TUniServerModule]:HTTP Server Started on Port: 8077
AqarAlghad.exe: 000016EC: 15:30:18 [HandleFileRequest[127.0.0.1]]:File not found: C:\Program Files (x86)\FMSoft\Framework\unigui\unipackages-7.2.0\themes\ext-theme-uni_ubuntu\resources\images\button\arrow-rtl.png
AqarAlghad.exe: 000011B0: 15:46:48 []:>--------------------------------------------------------------<
AqarAlghad.exe: 000011B0: 15:46:48 [TUniServerModule]:Server First Init.
AqarAlghad.exe: 000011B0: 15:46:48 [TUniServerModule]:Global Cache Folder Erased. <63> Files deleted.
AqarAlghad.exe: 000011B0: 15:46:48 [TUniServerModule]:Starting HTTP Server on Port: 8077...
AqarAlghad.exe: 000011B0: 15:46:48 [TUniServerModule]:HTTP Server Started on Port: 8077
AqarAlghad.exe: 000029D8: 15:47:02 [HandleFileRequest[127.0.0.1]]:File not found: C:\Program Files (x86)\FMSoft\Framework\unigui\unipackages-7.2.0\themes\ext-theme-uni_ubuntu\resources\images\button\arrow-rtl.png
AqarAlghad.exe: 000012CC: 15:49:21 []:>--------------------------------------------------------------<
AqarAlghad.exe: 000012CC: 15:49:21 [TUniServerModule]:Server First Init.
AqarAlghad.exe: 000012CC: 15:49:21 [TUniServerModule]:Global Cache Folder Erased. <65> Files deleted.
AqarAlghad.exe: 000012CC: 15:49:21 [TUniServerModule]:Starting HTTP Server on Port: 8077...
AqarAlghad.exe: 000012CC: 15:49:21 [TUniServerModule]:HTTP Server Started on Port: 8077
AqarAlghad.exe: 00002B10: 15:49:55 [HandleFileRequest[127.0.0.1]]:File not found: C:\Program Files (x86)\FMSoft\Framework\unigui\unipackages-7.2.0\themes\ext-theme-uni_ubuntu\resources\images\button\arrow-rtl.png
AqarAlghad.exe: 000023E8: 15:53:27 []:>--------------------------------------------------------------<
AqarAlghad.exe: 000023E8: 15:53:27 [TUniServerModule]:Server First Init.
AqarAlghad.exe: 000023E8: 15:53:27 [TUniServerModule]:Global Cache Folder Erased. <63> Files deleted.
AqarAlghad.exe: 000023E8: 15:53:27 [TUniServerModule]:Starting HTTP Server on Port: 8077...
AqarAlghad.exe: 000023E8: 15:53:27 [TUniServerModule]:HTTP Server Started on Port: 8077
AqarAlghad.exe: 000029DC: 15:54:16 [HandleFileRequest[127.0.0.1]]:File not found: C:\Program Files (x86)\FMSoft\Framework\unigui\unipackages-7.2.0\themes\ext-theme-uni_ubuntu\resources\images\button\arrow-rtl.png
