AqarAlghad.exe: 0000222C: 13:32:13 []:>--------------------------------------------------------------<
AqarAlghad.exe: 0000222C: 13:32:13 [TUniServerModule]:Server First Init.
AqarAlghad.exe: 0000222C: 13:32:13 [TUniServerModule]:Global Cache Folder Erased. <64> Files deleted.
AqarAlghad.exe: 0000222C: 13:32:13 [TUniServerModule]:Starting HTTP Server on Port: 8077...
AqarAlghad.exe: 0000222C: 13:32:13 [TUniServerModule]:HTTP Server Started on Port: 8077
AqarAlghad.exe: 00002FEC: 13:36:17 []:>--------------------------------------------------------------<
AqarAlghad.exe: 00002FEC: 13:36:17 [TUniServerModule]:Server First Init.
AqarAlghad.exe: 00002FEC: 13:36:17 [TUniServerModule]:Global Cache Folder Erased. <68> Files deleted.
AqarAlghad.exe: 00002FEC: 13:36:17 [TUniServerModule]:Starting HTTP Server on Port: 8077...
AqarAlghad.exe: 00002FEC: 13:36:17 [TUniServerModule]:HTTP Server Started on Port: 8077
AqarAlghad.exe: 00000648: 13:37:28 []:>--------------------------------------------------------------<
AqarAlghad.exe: 00000648: 13:37:28 [TUniServerModule]:Server First Init.
AqarAlghad.exe: 00000648: 13:37:28 [TUniServerModule]:Global Cache Folder Erased. <68> Files deleted.
AqarAlghad.exe: 00000648: 13:37:28 [TUniServerModule]:Starting HTTP Server on Port: 8077...
AqarAlghad.exe: 00000648: 13:37:28 [TUniServerModule]:HTTP Server Started on Port: 8077
AqarAlghad.exe: 00000F70: 14:00:56 []:>--------------------------------------------------------------<
AqarAlghad.exe: 00000F70: 14:00:56 [TUniServerModule]:Server First Init.
AqarAlghad.exe: 00000F70: 14:00:56 [TUniServerModule]:Global Cache Folder Erased. <65> Files deleted.
AqarAlghad.exe: 00000F70: 14:00:56 [TUniServerModule]:Starting HTTP Server on Port: 8077...
AqarAlghad.exe: 00000F70: 14:00:56 [TUniServerModule]:HTTP Server Started on Port: 8077
AqarAlghad.exe: 000026D0: 14:07:58 []:>--------------------------------------------------------------<
AqarAlghad.exe: 000026D0: 14:07:58 [TUniServerModule]:Server First Init.
AqarAlghad.exe: 000026D0: 14:07:58 [TUniServerModule]:Global Cache Folder Erased. <63> Files deleted.
AqarAlghad.exe: 000026D0: 14:07:58 [TUniServerModule]:Starting HTTP Server on Port: 8077...
AqarAlghad.exe: 000026D0: 14:07:58 [TUniServerModule]:HTTP Server Started on Port: 8077
AqarAlghad.exe: 000027C0: 14:11:43 []:>--------------------------------------------------------------<
AqarAlghad.exe: 000027C0: 14:11:43 [TUniServerModule]:Server First Init.
AqarAlghad.exe: 000027C0: 14:11:43 [TUniServerModule]:Global Cache Folder Erased. <67> Files deleted.
AqarAlghad.exe: 000027C0: 14:11:43 [TUniServerModule]:Starting HTTP Server on Port: 8077...
AqarAlghad.exe: 000027C0: 14:11:43 [TUniServerModule]:HTTP Server Started on Port: 8077
AqarAlghad.exe: 00001E70: 14:17:20 []:>--------------------------------------------------------------<
AqarAlghad.exe: 00001E70: 14:17:20 [TUniServerModule]:Server First Init.
AqarAlghad.exe: 00001E70: 14:17:20 [TUniServerModule]:Global Cache Folder Erased. <65> Files deleted.
AqarAlghad.exe: 00001E70: 14:17:20 [TUniServerModule]:Starting HTTP Server on Port: 8077...
AqarAlghad.exe: 00001E70: 14:17:20 [TUniServerModule]:HTTP Server Started on Port: 8077
