AqarAlghad.exe: 0000306C: 04:38:25 []:>--------------------------------------------------------------<
AqarAlghad.exe: 0000306C: 04:38:25 [TUniServerModule]:Server First Init.
AqarAlghad.exe: 0000306C: 04:38:25 [TUniServerModule]:Global Cache Folder Erased. <66> Files deleted.
AqarAlghad.exe: 0000306C: 04:38:25 [TUniServerModule]:Starting HTTP Server on Port: 8077...
AqarAlghad.exe: 0000306C: 04:38:25 [TUniServerModule]:HTTP Server Started on Port: 8077
AqarAlghad.exe: 00000C34: 04:42:19 []:>--------------------------------------------------------------<
AqarAlghad.exe: 00000C34: 04:42:19 [TUniServerModule]:Server First Init.
AqarAlghad.exe: 00000C34: 04:42:19 [TUniServerModule]:Global Cache Folder Erased. <80> Files deleted.
AqarAlghad.exe: 00000C34: 04:42:19 [TUniServerModule]:Starting HTTP Server on Port: 8077...
AqarAlghad.exe: 00000C34: 04:42:19 [TUniServerModule]:HTTP Server Started on Port: 8077
AqarAlghad.exe: 00002FC0: 04:47:12 []:>--------------------------------------------------------------<
AqarAlghad.exe: 00002FC0: 04:47:12 [TUniServerModule]:Server First Init.
AqarAlghad.exe: 00002FC0: 04:47:12 [TUniServerModule]:Global Cache Folder Erased. <71> Files deleted.
AqarAlghad.exe: 00002FC0: 04:47:12 [TUniServerModule]:Starting HTTP Server on Port: 8077...
AqarAlghad.exe: 00002FC0: 04:47:12 [TUniServerModule]:HTTP Server Started on Port: 8077
AqarAlghad.exe: 00002F34: 04:54:05 []:>--------------------------------------------------------------<
AqarAlghad.exe: 00002F34: 04:54:05 [TUniServerModule]:Server First Init.
AqarAlghad.exe: 00002F34: 04:54:05 [TUniServerModule]:Global Cache Folder Erased. <60> Files deleted.
AqarAlghad.exe: 00002F34: 04:54:05 [TUniServerModule]:Starting HTTP Server on Port: 8077...
AqarAlghad.exe: 00002F34: 04:54:05 [TUniServerModule]:HTTP Server Started on Port: 8077
AqarAlghad.exe: 00002FE0: 05:00:00 []:>--------------------------------------------------------------<
AqarAlghad.exe: 00002FE0: 05:00:00 [TUniServerModule]:Server First Init.
AqarAlghad.exe: 00002FE0: 05:00:00 [TUniServerModule]:Global Cache Folder Erased. <63> Files deleted.
AqarAlghad.exe: 00002FE0: 05:00:00 [TUniServerModule]:Starting HTTP Server on Port: 8077...
AqarAlghad.exe: 00002FE0: 05:00:00 [TUniServerModule]:HTTP Server Started on Port: 8077
AqarAlghad.exe: 000031D8: 05:02:04 []:>--------------------------------------------------------------<
AqarAlghad.exe: 000031D8: 05:02:04 [TUniServerModule]:Server First Init.
AqarAlghad.exe: 000031D8: 05:02:04 [TUniServerModule]:Global Cache Folder Erased. <68> Files deleted.
AqarAlghad.exe: 000031D8: 05:02:04 [TUniServerModule]:Starting HTTP Server on Port: 8077...
AqarAlghad.exe: 000031D8: 05:02:04 [TUniServerModule]:HTTP Server Started on Port: 8077
AqarAlghad.exe: 00000890: 05:03:16 []:>--------------------------------------------------------------<
AqarAlghad.exe: 00000890: 05:03:16 [TUniServerModule]:Server First Init.
AqarAlghad.exe: 00000890: 05:03:16 [TUniServerModule]:Global Cache Folder Erased. <63> Files deleted.
AqarAlghad.exe: 00000890: 05:03:16 [TUniServerModule]:Starting HTTP Server on Port: 8077...
AqarAlghad.exe: 00000890: 05:03:16 [TUniServerModule]:HTTP Server Started on Port: 8077
AqarAlghad.exe: 00002478: 05:06:10 []:>--------------------------------------------------------------<
AqarAlghad.exe: 00002478: 05:06:10 [TUniServerModule]:Server First Init.
AqarAlghad.exe: 00002478: 05:06:10 [TUniServerModule]:Global Cache Folder Erased. <63> Files deleted.
AqarAlghad.exe: 00002478: 05:06:10 [TUniServerModule]:Starting HTTP Server on Port: 8077...
AqarAlghad.exe: 00002478: 05:06:10 [TUniServerModule]:HTTP Server Started on Port: 8077
AqarAlghad.exe: 00002B7C: 05:08:22 []:>--------------------------------------------------------------<
AqarAlghad.exe: 00002B7C: 05:08:22 [TUniServerModule]:Server First Init.
AqarAlghad.exe: 00002B7C: 05:08:22 [TUniServerModule]:Global Cache Folder Erased. <63> Files deleted.
AqarAlghad.exe: 00002B7C: 05:08:22 [TUniServerModule]:Starting HTTP Server on Port: 8077...
AqarAlghad.exe: 00002B7C: 05:08:22 [TUniServerModule]:HTTP Server Started on Port: 8077
AqarAlghad.exe: 00002D38: 05:11:41 []:>--------------------------------------------------------------<
AqarAlghad.exe: 00002D38: 05:11:41 [TUniServerModule]:Server First Init.
AqarAlghad.exe: 00002D38: 05:11:41 [TUniServerModule]:Global Cache Folder Erased. <63> Files deleted.
AqarAlghad.exe: 00002D38: 05:11:41 [TUniServerModule]:Starting HTTP Server on Port: 8077...
AqarAlghad.exe: 00002D38: 05:11:41 [TUniServerModule]:HTTP Server Started on Port: 8077
AqarAlghad.exe: 00002CA0: 05:12:15 []:>--------------------------------------------------------------<
AqarAlghad.exe: 00002CA0: 05:12:15 [TUniServerModule]:Server First Init.
AqarAlghad.exe: 00002CA0: 05:12:15 [TUniServerModule]:Global Cache Folder Erased. <63> Files deleted.
AqarAlghad.exe: 00002CA0: 05:12:15 [TUniServerModule]:Starting HTTP Server on Port: 8077...
AqarAlghad.exe: 00002CA0: 05:12:15 [TUniServerModule]:HTTP Server Started on Port: 8077
AqarAlghad.exe: 00002D44: 05:15:47 []:>--------------------------------------------------------------<
AqarAlghad.exe: 00002D44: 05:15:47 [TUniServerModule]:Server First Init.
AqarAlghad.exe: 00002D44: 05:15:47 [TUniServerModule]:Global Cache Folder Erased. <63> Files deleted.
AqarAlghad.exe: 00002D44: 05:15:47 [TUniServerModule]:Starting HTTP Server on Port: 8077...
AqarAlghad.exe: 00002D44: 05:15:47 [TUniServerModule]:HTTP Server Started on Port: 8077
AqarAlghad.exe: 00002BD8: 05:16:46 []:>--------------------------------------------------------------<
AqarAlghad.exe: 00002BD8: 05:16:46 [TUniServerModule]:Server First Init.
AqarAlghad.exe: 00002BD8: 05:16:46 [TUniServerModule]:Global Cache Folder Erased. <69> Files deleted.
AqarAlghad.exe: 00002BD8: 05:16:46 [TUniServerModule]:Starting HTTP Server on Port: 8077...
AqarAlghad.exe: 00002BD8: 05:16:46 [TUniServerModule]:HTTP Server Started on Port: 8077
AqarAlghad.exe: 00002BA8: 05:18:01 []:>--------------------------------------------------------------<
AqarAlghad.exe: 00002BA8: 05:18:01 [TUniServerModule]:Server First Init.
AqarAlghad.exe: 00002BA8: 05:18:01 [TUniServerModule]:Global Cache Folder Erased. <68> Files deleted.
AqarAlghad.exe: 00002BA8: 05:18:01 [TUniServerModule]:Starting HTTP Server on Port: 8077...
AqarAlghad.exe: 00002BA8: 05:18:01 [TUniServerModule]:HTTP Server Started on Port: 8077
AqarAlghad.exe: 00002DCC: 05:18:53 []:>--------------------------------------------------------------<
AqarAlghad.exe: 00002DCC: 05:18:53 [TUniServerModule]:Server First Init.
AqarAlghad.exe: 00002DCC: 05:18:53 [TUniServerModule]:Global Cache Folder Erased. <69> Files deleted.
AqarAlghad.exe: 00002DCC: 05:18:53 [TUniServerModule]:Starting HTTP Server on Port: 8077...
AqarAlghad.exe: 00002DCC: 05:18:53 [TUniServerModule]:HTTP Server Started on Port: 8077
AqarAlghad.exe: 00001FE8: 05:20:40 []:>--------------------------------------------------------------<
AqarAlghad.exe: 00001FE8: 05:20:40 [TUniServerModule]:Server First Init.
AqarAlghad.exe: 00001FE8: 05:20:40 [TUniServerModule]:Global Cache Folder Erased. <67> Files deleted.
AqarAlghad.exe: 00001FE8: 05:20:40 [TUniServerModule]:Starting HTTP Server on Port: 8077...
AqarAlghad.exe: 00001FE8: 05:20:40 [TUniServerModule]:HTTP Server Started on Port: 8077
AqarAlghad.exe: 00000F04: 05:22:01 []:>--------------------------------------------------------------<
AqarAlghad.exe: 00000F04: 05:22:01 [TUniServerModule]:Server First Init.
AqarAlghad.exe: 00000F04: 05:22:01 [TUniServerModule]:Global Cache Folder Erased. <79> Files deleted.
AqarAlghad.exe: 00000F04: 05:22:01 [TUniServerModule]:Starting HTTP Server on Port: 8077...
AqarAlghad.exe: 00000F04: 05:22:01 [TUniServerModule]:HTTP Server Started on Port: 8077
