AqarAlghad.exe: 000029CC: 00:00:37 []:>--------------------------------------------------------------<
AqarAlghad.exe: 000029CC: 00:00:37 [TUniServerModule]:Server First Init.
AqarAlghad.exe: 000029CC: 00:00:37 [TUniServerModule]:Global Cache Folder Erased. <64> Files deleted.
AqarAlghad.exe: 000029CC: 00:00:37 [TUniServerModule]:Starting HTTP Server on Port: 8077...
AqarAlghad.exe: 000029CC: 00:00:37 [TUniServerModule]:HTTP Server Started on Port: 8077
AqarAlghad.exe: 00002374: 00:02:55 []:>--------------------------------------------------------------<
AqarAlghad.exe: 00002374: 00:02:55 [TUniServerModule]:Server First Init.
AqarAlghad.exe: 00002374: 00:02:55 [TUniServerModule]:Global Cache Folder Erased. <62> Files deleted.
AqarAlghad.exe: 00002374: 00:02:55 [TUniServerModule]:Starting HTTP Server on Port: 8077...
AqarAlghad.exe: 00002374: 00:02:55 [TUniServerModule]:HTTP Server Started on Port: 8077
AqarAlghad.exe: 00002DA8: 00:04:13 []:>--------------------------------------------------------------<
AqarAlghad.exe: 00002DA8: 00:04:13 [TUniServerModule]:Server First Init.
AqarAlghad.exe: 00002DA8: 00:04:13 [TUniServerModule]:Global Cache Folder Erased. <64> Files deleted.
AqarAlghad.exe: 00002DA8: 00:04:13 [TUniServerModule]:Starting HTTP Server on Port: 8077...
AqarAlghad.exe: 00002DA8: 00:04:13 [TUniServerModule]:HTTP Server Started on Port: 8077
AqarAlghad.exe: 0000087C: 00:04:58 []:>--------------------------------------------------------------<
AqarAlghad.exe: 0000087C: 00:04:58 [TUniServerModule]:Server First Init.
AqarAlghad.exe: 0000087C: 00:04:58 [TUniServerModule]:Global Cache Folder Erased. <64> Files deleted.
AqarAlghad.exe: 0000087C: 00:04:58 [TUniServerModule]:Starting HTTP Server on Port: 8077...
AqarAlghad.exe: 0000087C: 00:04:58 [TUniServerModule]:HTTP Server Started on Port: 8077
