AqarAlghad.exe: 00002FEC: 07:25:29 []:>--------------------------------------------------------------<
AqarAlghad.exe: 00002FEC: 07:25:29 [TUniServerModule]:Server First Init.
AqarAlghad.exe: 00002FEC: 07:25:29 [TUniServerModule]:Global Cache Folder Erased. <58> Files deleted.
AqarAlghad.exe: 00002FEC: 07:25:29 [TUniServerModule]:Starting HTTP Server on Port: 8077...
AqarAlghad.exe: 00002FEC: 07:25:29 [TUniServerModule]:HTTP Server Started on Port: 8077
AqarAlghad.exe: 00000860: 08:14:49 []:>--------------------------------------------------------------<
AqarAlghad.exe: 00000860: 08:14:49 [TUniServerModule]:Server First Init.
AqarAlghad.exe: 00000860: 08:14:49 [TUniServerModule]:Global Cache Folder Erased. <90> Files deleted.
AqarAlghad.exe: 00000860: 08:14:49 [TUniServerModule]:Starting HTTP Server on Port: 8077...
AqarAlghad.exe: 00000860: 08:14:49 [TUniServerModule]:HTTP Server Started on Port: 8077
AqarAlghad.exe: 000014B8: 08:19:16 []:>--------------------------------------------------------------<
AqarAlghad.exe: 000014B8: 08:19:16 [TUniServerModule]:Server First Init.
AqarAlghad.exe: 000014B8: 08:19:16 [TUniServerModule]:Global Cache Folder Erased. <93> Files deleted.
AqarAlghad.exe: 000014B8: 08:19:16 [TUniServerModule]:Starting HTTP Server on Port: 8077...
AqarAlghad.exe: 000014B8: 08:19:16 [TUniServerModule]:HTTP Server Started on Port: 8077
AqarAlghad.exe: 000007D8: 08:24:02 []:>--------------------------------------------------------------<
AqarAlghad.exe: 000007D8: 08:24:02 [TUniServerModule]:Server First Init.
AqarAlghad.exe: 000007D8: 08:24:02 [TUniServerModule]:Global Cache Folder Erased. <65> Files deleted.
AqarAlghad.exe: 000007D8: 08:24:02 [TUniServerModule]:Starting HTTP Server on Port: 8077...
AqarAlghad.exe: 000007D8: 08:24:02 [TUniServerModule]:HTTP Server Started on Port: 8077
AqarAlghad.exe: 00003394: 08:27:27 []:>--------------------------------------------------------------<
AqarAlghad.exe: 00003394: 08:27:27 [TUniServerModule]:Server First Init.
AqarAlghad.exe: 00003394: 08:27:27 [TUniServerModule]:Global Cache Folder Erased. <68> Files deleted.
AqarAlghad.exe: 00003394: 08:27:27 [TUniServerModule]:Starting HTTP Server on Port: 8077...
AqarAlghad.exe: 00003394: 08:27:27 [TUniServerModule]:HTTP Server Started on Port: 8077
AqarAlghad.exe: 00001D90: 08:29:03 []:>--------------------------------------------------------------<
AqarAlghad.exe: 00001D90: 08:29:03 [TUniServerModule]:Server First Init.
AqarAlghad.exe: 00001D90: 08:29:03 [TUniServerModule]:Global Cache Folder Erased. <64> Files deleted.
AqarAlghad.exe: 00001D90: 08:29:03 [TUniServerModule]:Starting HTTP Server on Port: 8077...
AqarAlghad.exe: 00001D90: 08:29:03 [TUniServerModule]:HTTP Server Started on Port: 8077
AqarAlghad.exe: 00002074: 08:31:54 []:>--------------------------------------------------------------<
AqarAlghad.exe: 00002074: 08:31:54 [TUniServerModule]:Server First Init.
AqarAlghad.exe: 00002074: 08:31:54 [TUniServerModule]:Global Cache Folder Erased. <67> Files deleted.
AqarAlghad.exe: 00002074: 08:31:54 [TUniServerModule]:Starting HTTP Server on Port: 8077...
AqarAlghad.exe: 00002074: 08:31:55 [TUniServerModule]:HTTP Server Started on Port: 8077
AqarAlghad.exe: 0000281C: 08:33:04 []:>--------------------------------------------------------------<
AqarAlghad.exe: 0000281C: 08:33:04 [TUniServerModule]:Server First Init.
AqarAlghad.exe: 0000281C: 08:33:04 [TUniServerModule]:Global Cache Folder Erased. <64> Files deleted.
AqarAlghad.exe: 0000281C: 08:33:04 [TUniServerModule]:Starting HTTP Server on Port: 8077...
AqarAlghad.exe: 0000281C: 08:33:04 [TUniServerModule]:HTTP Server Started on Port: 8077
AqarAlghad.exe: 00001DC4: 08:35:10 []:>--------------------------------------------------------------<
AqarAlghad.exe: 00001DC4: 08:35:10 [TUniServerModule]:Server First Init.
AqarAlghad.exe: 00001DC4: 08:35:10 [TUniServerModule]:Global Cache Folder Erased. <64> Files deleted.
AqarAlghad.exe: 00001DC4: 08:35:10 [TUniServerModule]:Starting HTTP Server on Port: 8077...
AqarAlghad.exe: 00001DC4: 08:35:10 [TUniServerModule]:HTTP Server Started on Port: 8077
AqarAlghad.exe: 00003130: 08:38:16 []:>--------------------------------------------------------------<
AqarAlghad.exe: 00003130: 08:38:16 [TUniServerModule]:Server First Init.
AqarAlghad.exe: 00003130: 08:38:16 [TUniServerModule]:Global Cache Folder Erased. <64> Files deleted.
AqarAlghad.exe: 00003130: 08:38:16 [TUniServerModule]:Starting HTTP Server on Port: 8077...
AqarAlghad.exe: 00003130: 08:38:16 [TUniServerModule]:HTTP Server Started on Port: 8077
AqarAlghad.exe: 00003174: 08:38:58 []:>--------------------------------------------------------------<
AqarAlghad.exe: 00003174: 08:38:58 [TUniServerModule]:Server First Init.
AqarAlghad.exe: 00003174: 08:38:58 [TUniServerModule]:Global Cache Folder Erased. <63> Files deleted.
AqarAlghad.exe: 00003174: 08:38:58 [TUniServerModule]:Starting HTTP Server on Port: 8077...
AqarAlghad.exe: 00003174: 08:38:58 [TUniServerModule]:HTTP Server Started on Port: 8077
AqarAlghad.exe: 00000690: 08:42:45 []:>--------------------------------------------------------------<
AqarAlghad.exe: 00000690: 08:42:45 [TUniServerModule]:Server First Init.
AqarAlghad.exe: 00000690: 08:42:45 [TUniServerModule]:Global Cache Folder Erased. <64> Files deleted.
AqarAlghad.exe: 00000690: 08:42:45 [TUniServerModule]:Starting HTTP Server on Port: 8077...
AqarAlghad.exe: 00000690: 08:42:45 [TUniServerModule]:HTTP Server Started on Port: 8077
AqarAlghad.exe: 00000C94: 09:25:29 []:>--------------------------------------------------------------<
AqarAlghad.exe: 00000C94: 09:25:29 [TUniServerModule]:Server First Init.
AqarAlghad.exe: 00000C94: 09:25:29 [TUniServerModule]:Global Cache Folder Erased. <60> Files deleted.
AqarAlghad.exe: 00000C94: 09:25:29 [TUniServerModule]:Starting HTTP Server on Port: 8077...
AqarAlghad.exe: 00000C94: 09:25:29 [TUniServerModule]:HTTP Server Started on Port: 8077
AqarAlghad.exe: 00001120: 09:26:13 [HandleFileRequest[127.0.0.1]]:File not found: C:\Program Files (x86)\FMSoft\Framework\unigui\unipackages-7.2.0\themes\ext-theme-uni_ubuntu\resources\images\button\arrow-rtl.png
AqarAlghad.exe: 00000C08: 09:29:18 []:>--------------------------------------------------------------<
AqarAlghad.exe: 00000C08: 09:29:18 [TUniServerModule]:Server First Init.
AqarAlghad.exe: 00000C08: 09:29:18 [TUniServerModule]:Global Cache Folder Erased. <67> Files deleted.
AqarAlghad.exe: 00000C08: 09:29:18 [TUniServerModule]:Starting HTTP Server on Port: 8077...
AqarAlghad.exe: 00000C08: 09:29:18 [TUniServerModule]:HTTP Server Started on Port: 8077
AqarAlghad.exe: 00001A54: 09:32:26 []:>--------------------------------------------------------------<
AqarAlghad.exe: 00001A54: 09:32:26 [TUniServerModule]:Server First Init.
AqarAlghad.exe: 00001A54: 09:32:26 [TUniServerModule]:Global Cache Folder Erased. <63> Files deleted.
AqarAlghad.exe: 00001A54: 09:32:26 [TUniServerModule]:Starting HTTP Server on Port: 8077...
AqarAlghad.exe: 00001A54: 09:32:26 [TUniServerModule]:HTTP Server Started on Port: 8077
AqarAlghad.exe: 0000316C: 09:33:00 []:>--------------------------------------------------------------<
AqarAlghad.exe: 0000316C: 09:33:00 [TUniServerModule]:Server First Init.
AqarAlghad.exe: 0000316C: 09:33:00 [TUniServerModule]:Global Cache Folder Erased. <63> Files deleted.
AqarAlghad.exe: 0000316C: 09:33:00 [TUniServerModule]:Starting HTTP Server on Port: 8077...
AqarAlghad.exe: 0000316C: 09:33:00 [TUniServerModule]:HTTP Server Started on Port: 8077
AqarAlghad.exe: 000014AC: 09:38:30 []:>--------------------------------------------------------------<
AqarAlghad.exe: 000014AC: 09:38:30 [TUniServerModule]:Server First Init.
AqarAlghad.exe: 000014AC: 09:38:30 [TUniServerModule]:Global Cache Folder Erased. <63> Files deleted.
AqarAlghad.exe: 000014AC: 09:38:30 [TUniServerModule]:Starting HTTP Server on Port: 8077...
AqarAlghad.exe: 000014AC: 09:38:30 [TUniServerModule]:HTTP Server Started on Port: 8077
AqarAlghad.exe: 0000339C: 09:40:03 []:>--------------------------------------------------------------<
AqarAlghad.exe: 0000339C: 09:40:03 [TUniServerModule]:Server First Init.
AqarAlghad.exe: 0000339C: 09:40:03 [TUniServerModule]:Global Cache Folder Erased. <69> Files deleted.
AqarAlghad.exe: 0000339C: 09:40:03 [TUniServerModule]:Starting HTTP Server on Port: 8077...
AqarAlghad.exe: 0000339C: 09:40:03 [TUniServerModule]:HTTP Server Started on Port: 8077
AqarAlghad.exe: 00002FEC: 09:54:58 []:>--------------------------------------------------------------<
AqarAlghad.exe: 00002FEC: 09:54:58 [TUniServerModule]:Server First Init.
AqarAlghad.exe: 00002FEC: 09:54:58 [TUniServerModule]:Global Cache Folder Erased. <65> Files deleted.
AqarAlghad.exe: 00002FEC: 09:54:58 [TUniServerModule]:Starting HTTP Server on Port: 8077...
AqarAlghad.exe: 00002FEC: 09:54:58 [TUniServerModule]:HTTP Server Started on Port: 8077
AqarAlghad.exe: 00001370: 09:55:09 []:>--------------------------------------------------------------<
AqarAlghad.exe: 00001370: 09:55:09 [TUniServerModule]:Server First Init.
AqarAlghad.exe: 00001370: 09:55:09 [TUniServerModule]:Global Cache Folder Erased. <1> Files deleted.
AqarAlghad.exe: 00001370: 09:55:09 [TUniServerModule]:Starting HTTP Server on Port: 8077...
AqarAlghad.exe: 00001370: 09:55:10 [TUniServerModule]:HTTP Server Started on Port: 8077
AqarAlghad.exe: 000031D8: 09:58:57 []:>--------------------------------------------------------------<
AqarAlghad.exe: 000031D8: 09:58:57 [TUniServerModule]:Server First Init.
AqarAlghad.exe: 000031D8: 09:58:57 [TUniServerModule]:Global Cache Folder Erased. <66> Files deleted.
AqarAlghad.exe: 000031D8: 09:58:57 [TUniServerModule]:Starting HTTP Server on Port: 8077...
AqarAlghad.exe: 000031D8: 09:58:57 [TUniServerModule]:HTTP Server Started on Port: 8077
AqarAlghad.exe: 000030AC: 10:00:52 [HandleFileRequest[127.0.0.1]]:File not found: C:\Program Files (x86)\FMSoft\Framework\unigui\unipackages-7.2.0\themes\ext-theme-uni_ubuntu\resources\images\button\arrow-rtl.png
AqarAlghad.exe: 00002B24: 10:05:25 []:>--------------------------------------------------------------<
AqarAlghad.exe: 00002B24: 10:05:25 [TUniServerModule]:Server First Init.
AqarAlghad.exe: 00002B24: 10:05:25 [TUniServerModule]:Global Cache Folder Erased. <70> Files deleted.
AqarAlghad.exe: 00002B24: 10:05:25 [TUniServerModule]:Starting HTTP Server on Port: 8077...
AqarAlghad.exe: 00002B24: 10:05:25 [TUniServerModule]:HTTP Server Started on Port: 8077
AqarAlghad.exe: 00003144: 10:07:54 []:>--------------------------------------------------------------<
AqarAlghad.exe: 00003144: 10:07:54 [TUniServerModule]:Server First Init.
AqarAlghad.exe: 00003144: 10:07:54 [TUniServerModule]:Global Cache Folder Erased. <65> Files deleted.
AqarAlghad.exe: 00003144: 10:07:55 [TUniServerModule]:Starting HTTP Server on Port: 8077...
AqarAlghad.exe: 00003144: 10:07:55 [TUniServerModule]:HTTP Server Started on Port: 8077
AqarAlghad.exe: 000014D4: 10:11:05 []:>--------------------------------------------------------------<
AqarAlghad.exe: 000014D4: 10:11:05 [TUniServerModule]:Server First Init.
AqarAlghad.exe: 000014D4: 10:11:05 [TUniServerModule]:Global Cache Folder Erased. <69> Files deleted.
AqarAlghad.exe: 000014D4: 10:11:05 [TUniServerModule]:Starting HTTP Server on Port: 8077...
AqarAlghad.exe: 000014D4: 10:11:05 [TUniServerModule]:HTTP Server Started on Port: 8077
AqarAlghad.exe: 00002DD0: 10:15:23 []:>--------------------------------------------------------------<
AqarAlghad.exe: 00002DD0: 10:15:23 [TUniServerModule]:Server First Init.
AqarAlghad.exe: 00002DD0: 10:15:23 [TUniServerModule]:Global Cache Folder Erased. <69> Files deleted.
AqarAlghad.exe: 00002DD0: 10:15:23 [TUniServerModule]:Starting HTTP Server on Port: 8077...
AqarAlghad.exe: 00002DD0: 10:15:23 [TUniServerModule]:HTTP Server Started on Port: 8077
AqarAlghad.exe: 00002DA0: 10:18:29 []:>--------------------------------------------------------------<
AqarAlghad.exe: 00002DA0: 10:18:29 [TUniServerModule]:Server First Init.
AqarAlghad.exe: 00002DA0: 10:18:29 [TUniServerModule]:Global Cache Folder Erased. <63> Files deleted.
AqarAlghad.exe: 00002DA0: 10:18:29 [TUniServerModule]:Starting HTTP Server on Port: 8077...
AqarAlghad.exe: 00002DA0: 10:18:29 [TUniServerModule]:HTTP Server Started on Port: 8077
AqarAlghad.exe: 00000AD0: 10:19:47 []:>--------------------------------------------------------------<
AqarAlghad.exe: 00000AD0: 10:19:47 [TUniServerModule]:Server First Init.
AqarAlghad.exe: 00000AD0: 10:19:47 [TUniServerModule]:Global Cache Folder Erased. <67> Files deleted.
AqarAlghad.exe: 00000AD0: 10:19:47 [TUniServerModule]:Starting HTTP Server on Port: 8077...
AqarAlghad.exe: 00000AD0: 10:19:47 [TUniServerModule]:HTTP Server Started on Port: 8077
AqarAlghad.exe: 00002C9C: 10:20:43 []:>--------------------------------------------------------------<
AqarAlghad.exe: 00002C9C: 10:20:43 [TUniServerModule]:Server First Init.
AqarAlghad.exe: 00002C9C: 10:20:43 [TUniServerModule]:Global Cache Folder Erased. <63> Files deleted.
AqarAlghad.exe: 00002C9C: 10:20:43 [TUniServerModule]:Starting HTTP Server on Port: 8077...
AqarAlghad.exe: 00002C9C: 10:20:43 [TUniServerModule]:HTTP Server Started on Port: 8077
AqarAlghad.exe: 000020F0: 10:30:19 []:>--------------------------------------------------------------<
AqarAlghad.exe: 000020F0: 10:30:19 [TUniServerModule]:Server First Init.
AqarAlghad.exe: 000020F0: 10:30:19 [TUniServerModule]:Global Cache Folder Erased. <76> Files deleted.
AqarAlghad.exe: 000020F0: 10:30:19 [TUniServerModule]:Starting HTTP Server on Port: 8077...
AqarAlghad.exe: 000020F0: 10:30:19 [TUniServerModule]:HTTP Server Started on Port: 8077
AqarAlghad.exe: 000033A0: 10:30:28 [HandleFileRequest[127.0.0.1]]:File not found: C:\Program Files (x86)\FMSoft\Framework\unigui\unipackages-7.2.0\themes\ext-theme-uni_ubuntu\resources\images\button\arrow-rtl.png
AqarAlghad.exe: 00001AC4: 10:41:08 []:>--------------------------------------------------------------<
AqarAlghad.exe: 00001AC4: 10:41:08 [TUniServerModule]:Server First Init.
AqarAlghad.exe: 00001AC4: 10:41:08 [TUniServerModule]:Global Cache Folder Erased. <61> Files deleted.
AqarAlghad.exe: 00001AC4: 10:41:08 [TUniServerModule]:Starting HTTP Server on Port: 8077...
AqarAlghad.exe: 00001AC4: 10:41:08 [TUniServerModule]:HTTP Server Started on Port: 8077
AqarAlghad.exe: 00001628: 14:28:28 []:>--------------------------------------------------------------<
AqarAlghad.exe: 00001628: 14:28:28 [TUniServerModule]:Server First Init.
AqarAlghad.exe: 00001628: 14:28:28 [TUniServerModule]:Global Cache Folder Erased. <96> Files deleted.
AqarAlghad.exe: 00001628: 14:28:28 [TUniServerModule]:Starting HTTP Server on Port: 8077...
AqarAlghad.exe: 00001628: 14:28:28 [TUniServerModule]:HTTP Server Started on Port: 8077
AqarAlghad.exe: 00002A30: 14:51:56 []:>--------------------------------------------------------------<
AqarAlghad.exe: 00002A30: 14:51:56 [TUniServerModule]:Server First Init.
AqarAlghad.exe: 00002A30: 14:51:56 [TUniServerModule]:Global Cache Folder Erased. <66> Files deleted.
AqarAlghad.exe: 00002A30: 14:51:56 [TUniServerModule]:Starting HTTP Server on Port: 8077...
AqarAlghad.exe: 00002A30: 14:51:56 [TUniServerModule]:HTTP Server Started on Port: 8077
AqarAlghad.exe: 0000079C: 14:52:04 [HandleFileRequest[127.0.0.1]]:File not found: C:\Program Files (x86)\FMSoft\Framework\unigui\unipackages-7.2.0\themes\ext-theme-uni_ubuntu\resources\images\button\arrow-rtl.png
AqarAlghad.exe: 00003038: 15:08:41 []:>--------------------------------------------------------------<
AqarAlghad.exe: 00003038: 15:08:41 [TUniServerModule]:Server First Init.
AqarAlghad.exe: 00003038: 15:08:41 [TUniServerModule]:Global Cache Folder Erased. <60> Files deleted.
AqarAlghad.exe: 00003038: 15:08:41 [TUniServerModule]:Starting HTTP Server on Port: 8077...
AqarAlghad.exe: 00003038: 15:08:41 [TUniServerModule]:HTTP Server Started on Port: 8077
AqarAlghad.exe: 00003044: 15:09:04 [HandleFileRequest[127.0.0.1]]:File not found: C:\Program Files (x86)\FMSoft\Framework\unigui\unipackages-7.2.0\themes\ext-theme-uni_ubuntu\resources\images\button\arrow-rtl.png
AqarAlghad.exe: 00001ED0: 15:18:26 []:>--------------------------------------------------------------<
AqarAlghad.exe: 00001ED0: 15:18:26 [TUniServerModule]:Server First Init.
AqarAlghad.exe: 00001ED0: 15:18:26 [TUniServerModule]:Global Cache Folder Erased. <67> Files deleted.
AqarAlghad.exe: 00001ED0: 15:18:26 [TUniServerModule]:Starting HTTP Server on Port: 8077...
AqarAlghad.exe: 00001ED0: 15:18:26 [TUniServerModule]:HTTP Server Started on Port: 8077
AqarAlghad.exe: 0000145C: 15:19:09 []:>--------------------------------------------------------------<
AqarAlghad.exe: 0000145C: 15:19:09 [TUniServerModule]:Server First Init.
AqarAlghad.exe: 0000145C: 15:19:09 [TUniServerModule]:Global Cache Folder Erased. <64> Files deleted.
AqarAlghad.exe: 0000145C: 15:19:09 [TUniServerModule]:Starting HTTP Server on Port: 8077...
AqarAlghad.exe: 0000145C: 15:19:09 [TUniServerModule]:HTTP Server Started on Port: 8077
AqarAlghad.exe: 00001B24: 15:22:17 []:>--------------------------------------------------------------<
AqarAlghad.exe: 00001B24: 15:22:17 [TUniServerModule]:Server First Init.
AqarAlghad.exe: 00001B24: 15:22:17 [TUniServerModule]:Global Cache Folder Erased. <64> Files deleted.
AqarAlghad.exe: 00001B24: 15:22:17 [TUniServerModule]:Starting HTTP Server on Port: 8077...
AqarAlghad.exe: 00001B24: 15:22:17 [TUniServerModule]:HTTP Server Started on Port: 8077
AqarAlghad.exe: 00002730: 15:24:56 []:>--------------------------------------------------------------<
AqarAlghad.exe: 00002730: 15:24:56 [TUniServerModule]:Server First Init.
AqarAlghad.exe: 00002730: 15:24:56 [TUniServerModule]:Global Cache Folder Erased. <66> Files deleted.
AqarAlghad.exe: 00002730: 15:24:56 [TUniServerModule]:Starting HTTP Server on Port: 8077...
AqarAlghad.exe: 00002730: 15:24:56 [TUniServerModule]:HTTP Server Started on Port: 8077
AqarAlghad.exe: 00002E2C: 15:27:38 []:>--------------------------------------------------------------<
AqarAlghad.exe: 00002E2C: 15:27:38 [TUniServerModule]:Server First Init.
AqarAlghad.exe: 00002E2C: 15:27:38 [TUniServerModule]:Global Cache Folder Erased. <64> Files deleted.
AqarAlghad.exe: 00002E2C: 15:27:38 [TUniServerModule]:Starting HTTP Server on Port: 8077...
AqarAlghad.exe: 00002E2C: 15:27:38 [TUniServerModule]:HTTP Server Started on Port: 8077
AqarAlghad.exe: 000020C8: 15:28:38 [HandleFileRequest[127.0.0.1]]:File not found: C:\Program Files (x86)\FMSoft\Framework\unigui\unipackages-7.2.0\themes\ext-theme-uni_ubuntu\resources\images\button\arrow-rtl.png
AqarAlghad.exe: 00002E04: 15:33:06 []:>--------------------------------------------------------------<
AqarAlghad.exe: 00002E04: 15:33:06 [TUniServerModule]:Server First Init.
AqarAlghad.exe: 00002E04: 15:33:06 [TUniServerModule]:Global Cache Folder Erased. <66> Files deleted.
AqarAlghad.exe: 00002E04: 15:33:06 [TUniServerModule]:Starting HTTP Server on Port: 8077...
AqarAlghad.exe: 00002E04: 15:33:06 [TUniServerModule]:HTTP Server Started on Port: 8077
AqarAlghad.exe: 000015F4: 15:33:28 [HandleFileRequest[127.0.0.1]]:File not found: C:\Program Files (x86)\FMSoft\Framework\unigui\unipackages-7.2.0\themes\ext-theme-uni_ubuntu\resources\images\button\arrow-rtl.png
AqarAlghad.exe: 00000CD0: 15:38:12 []:>--------------------------------------------------------------<
AqarAlghad.exe: 00000CD0: 15:38:12 [TUniServerModule]:Server First Init.
AqarAlghad.exe: 00000CD0: 15:38:12 [TUniServerModule]:Global Cache Folder Erased. <68> Files deleted.
AqarAlghad.exe: 00000CD0: 15:38:12 [TUniServerModule]:Starting HTTP Server on Port: 8077...
AqarAlghad.exe: 00000CD0: 15:38:12 [TUniServerModule]:HTTP Server Started on Port: 8077
AqarAlghad.exe: 000022B4: 15:47:18 []:>--------------------------------------------------------------<
AqarAlghad.exe: 000022B4: 15:47:18 [TUniServerModule]:Server First Init.
AqarAlghad.exe: 000022B4: 15:47:18 [TUniServerModule]:Global Cache Folder Erased. <65> Files deleted.
AqarAlghad.exe: 000022B4: 15:47:18 [TUniServerModule]:Starting HTTP Server on Port: 8077...
AqarAlghad.exe: 000022B4: 15:47:18 [TUniServerModule]:HTTP Server Started on Port: 8077
AqarAlghad.exe: 0000330C: 15:48:07 []:>--------------------------------------------------------------<
AqarAlghad.exe: 0000330C: 15:48:07 [TUniServerModule]:Server First Init.
AqarAlghad.exe: 0000330C: 15:48:07 [TUniServerModule]:Global Cache Folder Erased. <67> Files deleted.
AqarAlghad.exe: 0000330C: 15:48:07 [TUniServerModule]:Starting HTTP Server on Port: 8077...
AqarAlghad.exe: 0000330C: 15:48:07 [TUniServerModule]:HTTP Server Started on Port: 8077
AqarAlghad.exe: 00001E90: 15:51:27 []:>--------------------------------------------------------------<
AqarAlghad.exe: 00001E90: 15:51:27 [TUniServerModule]:Server First Init.
AqarAlghad.exe: 00001E90: 15:51:27 [TUniServerModule]:Global Cache Folder Erased. <66> Files deleted.
AqarAlghad.exe: 00001E90: 15:51:27 [TUniServerModule]:Starting HTTP Server on Port: 8077...
AqarAlghad.exe: 00001E90: 15:51:27 [TUniServerModule]:HTTP Server Started on Port: 8077
AqarAlghad.exe: 00002CC0: 15:51:30 [127.0.0.1]:EUniSessionException : Invalid session or session Timeout. (Session not found: PZ9777bBBI106FF5C13 ) : Addr: $00000000009DBE57
AqarAlghad.exe: 00000720: 15:51:32 [127.0.0.1]:EUniSessionException : Invalid session or session Timeout. (Session not found: PZ9777bBBI106FF5C13 ) : Addr: $00000000009DBE57
AqarAlghad.exe: 00002CC0: 15:51:33 [127.0.0.1]:EUniSessionException : Invalid session or session Timeout. (Session not found: PZ9777bBBI106FF5C13 ) : Addr: $00000000009DBE57
AqarAlghad.exe: 00000720: 15:51:34 [127.0.0.1]:EUniSessionException : Invalid session or session Timeout. (Session not found: PZ9777bBBI106FF5C13 ) : Addr: $00000000009DBE57
AqarAlghad.exe: 00002CC0: 15:51:34 [127.0.0.1]:EUniSessionException : Invalid session or session Timeout. (Session not found: PZ9777bBBI106FF5C13 ) : Addr: $00000000009DBE57
AqarAlghad.exe: 00001374: 15:51:45 []:>--------------------------------------------------------------<
AqarAlghad.exe: 00001374: 15:51:45 [TUniServerModule]:Server First Init.
AqarAlghad.exe: 00001374: 15:51:45 [TUniServerModule]:Global Cache Folder Erased. <57> Files deleted.
AqarAlghad.exe: 00001374: 15:51:46 [TUniServerModule]:Starting HTTP Server on Port: 8077...
AqarAlghad.exe: 00001374: 15:51:46 [TUniServerModule]:HTTP Server Started on Port: 8077
AqarAlghad.exe: 00000104: 15:54:24 []:>--------------------------------------------------------------<
AqarAlghad.exe: 00000104: 15:54:24 [TUniServerModule]:Server First Init.
AqarAlghad.exe: 00000104: 15:54:24 [TUniServerModule]:Global Cache Folder Erased. <73> Files deleted.
AqarAlghad.exe: 00000104: 15:54:24 [TUniServerModule]:Starting HTTP Server on Port: 8077...
AqarAlghad.exe: 00000104: 15:54:24 [TUniServerModule]:HTTP Server Started on Port: 8077
AqarAlghad.exe: 00001194: 15:56:54 []:>--------------------------------------------------------------<
AqarAlghad.exe: 00001194: 15:56:54 [TUniServerModule]:Server First Init.
AqarAlghad.exe: 00001194: 15:56:54 [TUniServerModule]:Global Cache Folder Erased. <66> Files deleted.
AqarAlghad.exe: 00001194: 15:56:54 [TUniServerModule]:Starting HTTP Server on Port: 8077...
AqarAlghad.exe: 00001194: 15:56:54 [TUniServerModule]:HTTP Server Started on Port: 8077
AqarAlghad.exe: 000016E4: 15:59:11 []:>--------------------------------------------------------------<
AqarAlghad.exe: 000016E4: 15:59:11 [TUniServerModule]:Server First Init.
AqarAlghad.exe: 000016E4: 15:59:11 [TUniServerModule]:Global Cache Folder Erased. <67> Files deleted.
AqarAlghad.exe: 000016E4: 15:59:11 [TUniServerModule]:Starting HTTP Server on Port: 8077...
AqarAlghad.exe: 000016E4: 15:59:11 [TUniServerModule]:HTTP Server Started on Port: 8077
AqarAlghad.exe: 00002900: 16:01:56 []:>--------------------------------------------------------------<
AqarAlghad.exe: 00002900: 16:01:56 [TUniServerModule]:Server First Init.
AqarAlghad.exe: 00002900: 16:01:56 [TUniServerModule]:Global Cache Folder Erased. <68> Files deleted.
AqarAlghad.exe: 00002900: 16:01:56 [TUniServerModule]:Starting HTTP Server on Port: 8077...
AqarAlghad.exe: 00002900: 16:01:56 [TUniServerModule]:HTTP Server Started on Port: 8077
AqarAlghad.exe: 00001F38: 16:03:18 [HandleFileRequest[127.0.0.1]]:File not found: C:\Program Files (x86)\FMSoft\Framework\unigui\unipackages-7.2.0\themes\ext-theme-uni_ubuntu\resources\images\button\arrow-rtl.png
