AqarAlghad.exe: 00000900: 11:29:28 []:>--------------------------------------------------------------<
AqarAlghad.exe: 00000900: 11:29:28 [TUniServerModule]:Server First Init.
AqarAlghad.exe: 00000900: 11:29:28 [TUniServerModule]:Global Cache Folder Erased. <69> Files deleted.
AqarAlghad.exe: 00000900: 11:29:29 [TUniServerModule]:Starting HTTP Server on Port: 8077...
AqarAlghad.exe: 00000900: 11:29:29 [TUniServerModule]:HTTP Server Started on Port: 8077
AqarAlghad.exe: 0000195C: 11:31:45 []:>--------------------------------------------------------------<
AqarAlghad.exe: 0000195C: 11:31:45 [TUniServerModule]:Server First Init.
AqarAlghad.exe: 0000195C: 11:31:45 [TUniServerModule]:Global Cache Folder Erased. <63> Files deleted.
AqarAlghad.exe: 0000195C: 11:31:45 [TUniServerModule]:Starting HTTP Server on Port: 8077...
AqarAlghad.exe: 0000195C: 11:31:45 [TUniServerModule]:HTTP Server Started on Port: 8077
AqarAlghad.exe: 000023F0: 11:31:58 [127.0.0.1]:Exception : Exporter is not enabled. : Addr: $0000000000C8765F
AqarAlghad.exe: 00002730: 11:33:08 []:>--------------------------------------------------------------<
AqarAlghad.exe: 00002730: 11:33:08 [TUniServerModule]:Server First Init.
AqarAlghad.exe: 00002730: 11:33:08 [TUniServerModule]:Global Cache Folder Erased. <63> Files deleted.
AqarAlghad.exe: 00002730: 11:33:08 [TUniServerModule]:Starting HTTP Server on Port: 8077...
AqarAlghad.exe: 00002730: 11:33:08 [TUniServerModule]:HTTP Server Started on Port: 8077
AqarAlghad.exe: 000025DC: 11:37:07 []:>--------------------------------------------------------------<
AqarAlghad.exe: 000025DC: 11:37:07 [TUniServerModule]:Server First Init.
AqarAlghad.exe: 000025DC: 11:37:07 [TUniServerModule]:Global Cache Folder Erased. <62> Files deleted.
AqarAlghad.exe: 000025DC: 11:37:07 [TUniServerModule]:Starting HTTP Server on Port: 8077...
AqarAlghad.exe: 000025DC: 11:37:07 [TUniServerModule]:HTTP Server Started on Port: 8077
AqarAlghad.exe: 00002684: 11:38:10 []:>--------------------------------------------------------------<
AqarAlghad.exe: 00002684: 11:38:10 [TUniServerModule]:Server First Init.
AqarAlghad.exe: 00002684: 11:38:10 [TUniServerModule]:Global Cache Folder Erased. <63> Files deleted.
AqarAlghad.exe: 00002684: 11:38:10 [TUniServerModule]:Starting HTTP Server on Port: 8077...
AqarAlghad.exe: 00002684: 11:38:10 [TUniServerModule]:HTTP Server Started on Port: 8077
AqarAlghad.exe: 00001B2C: 11:41:56 []:>--------------------------------------------------------------<
AqarAlghad.exe: 00001B2C: 11:41:56 [TUniServerModule]:Server First Init.
AqarAlghad.exe: 00001B2C: 11:41:56 [TUniServerModule]:Global Cache Folder Erased. <63> Files deleted.
AqarAlghad.exe: 00001B2C: 11:41:56 [TUniServerModule]:Starting HTTP Server on Port: 8077...
AqarAlghad.exe: 00001B2C: 11:41:56 [TUniServerModule]:HTTP Server Started on Port: 8077
AqarAlghad.exe: 00000BA8: 11:44:36 []:>--------------------------------------------------------------<
AqarAlghad.exe: 00000BA8: 11:44:36 [TUniServerModule]:Server First Init.
AqarAlghad.exe: 00000BA8: 11:44:36 [TUniServerModule]:Global Cache Folder Erased. <61> Files deleted.
AqarAlghad.exe: 00000BA8: 11:44:36 [TUniServerModule]:Starting HTTP Server on Port: 8077...
AqarAlghad.exe: 00000BA8: 11:44:36 [TUniServerModule]:HTTP Server Started on Port: 8077
AqarAlghad.exe: 00001554: 11:45:15 []:>--------------------------------------------------------------<
AqarAlghad.exe: 00001554: 11:45:15 [TUniServerModule]:Server First Init.
AqarAlghad.exe: 00001554: 11:45:15 [TUniServerModule]:Global Cache Folder Erased. <63> Files deleted.
AqarAlghad.exe: 00001554: 11:45:15 [TUniServerModule]:Starting HTTP Server on Port: 8077...
AqarAlghad.exe: 00001554: 11:45:15 [TUniServerModule]:HTTP Server Started on Port: 8077
AqarAlghad.exe: 0000248C: 11:46:52 []:>--------------------------------------------------------------<
AqarAlghad.exe: 0000248C: 11:46:52 [TUniServerModule]:Server First Init.
AqarAlghad.exe: 0000248C: 11:46:52 [TUniServerModule]:Global Cache Folder Erased. <61> Files deleted.
AqarAlghad.exe: 0000248C: 11:46:52 [TUniServerModule]:Starting HTTP Server on Port: 8077...
AqarAlghad.exe: 0000248C: 11:46:52 [TUniServerModule]:HTTP Server Started on Port: 8077
AqarAlghad.exe: 00001BA4: 11:54:02 []:>--------------------------------------------------------------<
AqarAlghad.exe: 00001BA4: 11:54:02 [TUniServerModule]:Server First Init.
AqarAlghad.exe: 00001BA4: 11:54:02 [TUniServerModule]:Global Cache Folder Erased. <61> Files deleted.
AqarAlghad.exe: 00001BA4: 11:54:02 [TUniServerModule]:Starting HTTP Server on Port: 8077...
AqarAlghad.exe: 00001BA4: 11:54:02 [TUniServerModule]:HTTP Server Started on Port: 8077
AqarAlghad.exe: 00000968: 11:55:14 []:>--------------------------------------------------------------<
AqarAlghad.exe: 00000968: 11:55:14 [TUniServerModule]:Server First Init.
AqarAlghad.exe: 00000968: 11:55:14 [TUniServerModule]:Global Cache Folder Erased. <64> Files deleted.
AqarAlghad.exe: 00000968: 11:55:14 [TUniServerModule]:Starting HTTP Server on Port: 8077...
AqarAlghad.exe: 00000968: 11:55:14 [TUniServerModule]:HTTP Server Started on Port: 8077
AqarAlghad.exe: 000004F4: 12:05:15 []:>--------------------------------------------------------------<
AqarAlghad.exe: 000004F4: 12:05:15 [TUniServerModule]:Server First Init.
AqarAlghad.exe: 000004F4: 12:05:15 [TUniServerModule]:Global Cache Folder Erased. <62> Files deleted.
AqarAlghad.exe: 000004F4: 12:05:15 [TUniServerModule]:Starting HTTP Server on Port: 8077...
AqarAlghad.exe: 000004F4: 12:05:15 [TUniServerModule]:HTTP Server Started on Port: 8077
AqarAlghad.exe: 000017AC: 12:16:56 []:>--------------------------------------------------------------<
AqarAlghad.exe: 000017AC: 12:16:56 [TUniServerModule]:Server First Init.
AqarAlghad.exe: 000017AC: 12:16:56 [TUniServerModule]:Global Cache Folder Erased. <63> Files deleted.
AqarAlghad.exe: 000017AC: 12:16:56 [TUniServerModule]:Starting HTTP Server on Port: 8077...
AqarAlghad.exe: 000017AC: 12:16:56 [TUniServerModule]:HTTP Server Started on Port: 8077
AqarAlghad.exe: 000019DC: 12:20:28 []:>--------------------------------------------------------------<
AqarAlghad.exe: 000019DC: 12:20:28 [TUniServerModule]:Server First Init.
AqarAlghad.exe: 000019DC: 12:20:28 [TUniServerModule]:Global Cache Folder Erased. <67> Files deleted.
AqarAlghad.exe: 000019DC: 12:20:28 [TUniServerModule]:Starting HTTP Server on Port: 8077...
AqarAlghad.exe: 000019DC: 12:20:28 [TUniServerModule]:HTTP Server Started on Port: 8077
AqarAlghad.exe: 000026A8: 12:21:30 []:>--------------------------------------------------------------<
AqarAlghad.exe: 000026A8: 12:21:30 [TUniServerModule]:Server First Init.
AqarAlghad.exe: 000026A8: 12:21:30 [TUniServerModule]:Global Cache Folder Erased. <65> Files deleted.
AqarAlghad.exe: 000026A8: 12:21:30 [TUniServerModule]:Starting HTTP Server on Port: 8077...
AqarAlghad.exe: 000026A8: 12:21:30 [TUniServerModule]:HTTP Server Started on Port: 8077
AqarAlghad.exe: 00001C3C: 12:25:48 []:>--------------------------------------------------------------<
AqarAlghad.exe: 00001C3C: 12:25:48 [TUniServerModule]:Server First Init.
AqarAlghad.exe: 00001C3C: 12:25:48 [TUniServerModule]:Global Cache Folder Erased. <65> Files deleted.
AqarAlghad.exe: 00001C3C: 12:25:48 [TUniServerModule]:Starting HTTP Server on Port: 8077...
AqarAlghad.exe: 00001C3C: 12:25:48 [TUniServerModule]:HTTP Server Started on Port: 8077
AqarAlghad.exe: 00001B00: 12:27:25 []:>--------------------------------------------------------------<
AqarAlghad.exe: 00001B00: 12:27:25 [TUniServerModule]:Server First Init.
AqarAlghad.exe: 00001B00: 12:27:25 [TUniServerModule]:Global Cache Folder Erased. <62> Files deleted.
AqarAlghad.exe: 00001B00: 12:27:25 [TUniServerModule]:Starting HTTP Server on Port: 8077...
AqarAlghad.exe: 00001B00: 12:27:25 [TUniServerModule]:HTTP Server Started on Port: 8077
AqarAlghad.exe: 000016F8: 12:39:00 []:>--------------------------------------------------------------<
AqarAlghad.exe: 000016F8: 12:39:00 [TUniServerModule]:Server First Init.
AqarAlghad.exe: 000016F8: 12:39:00 [TUniServerModule]:Global Cache Folder Erased. <69> Files deleted.
AqarAlghad.exe: 000016F8: 12:39:00 [TUniServerModule]:Starting HTTP Server on Port: 8077...
AqarAlghad.exe: 000016F8: 12:39:00 [TUniServerModule]:HTTP Server Started on Port: 8077
AqarAlghad.exe: 000017EC: 12:41:19 []:>--------------------------------------------------------------<
AqarAlghad.exe: 000017EC: 12:41:19 [TUniServerModule]:Server First Init.
AqarAlghad.exe: 000017EC: 12:41:19 [TUniServerModule]:Global Cache Folder Erased. <63> Files deleted.
AqarAlghad.exe: 000017EC: 12:41:19 [TUniServerModule]:Starting HTTP Server on Port: 8077...
AqarAlghad.exe: 000017EC: 12:41:19 [TUniServerModule]:HTTP Server Started on Port: 8077
AqarAlghad.exe: 00000908: 12:44:10 []:>--------------------------------------------------------------<
AqarAlghad.exe: 00000908: 12:44:10 [TUniServerModule]:Server First Init.
AqarAlghad.exe: 00000908: 12:44:10 [TUniServerModule]:Global Cache Folder Erased. <63> Files deleted.
AqarAlghad.exe: 00000908: 12:44:10 [TUniServerModule]:Starting HTTP Server on Port: 8077...
AqarAlghad.exe: 00000908: 12:44:10 [TUniServerModule]:HTTP Server Started on Port: 8077
AqarAlghad.exe: 00000EA8: 12:48:25 []:>--------------------------------------------------------------<
AqarAlghad.exe: 00000EA8: 12:48:25 [TUniServerModule]:Server First Init.
AqarAlghad.exe: 00000EA8: 12:48:25 [TUniServerModule]:Global Cache Folder Erased. <63> Files deleted.
AqarAlghad.exe: 00000EA8: 12:48:25 [TUniServerModule]:Starting HTTP Server on Port: 8077...
AqarAlghad.exe: 00000EA8: 12:48:25 [TUniServerModule]:HTTP Server Started on Port: 8077
AqarAlghad.exe: 00000F64: 12:50:18 []:>--------------------------------------------------------------<
AqarAlghad.exe: 00000F64: 12:50:18 [TUniServerModule]:Server First Init.
AqarAlghad.exe: 00000F64: 12:50:18 [TUniServerModule]:Global Cache Folder Erased. <63> Files deleted.
AqarAlghad.exe: 00000F64: 12:50:18 [TUniServerModule]:Starting HTTP Server on Port: 8077...
AqarAlghad.exe: 00000F64: 12:50:18 [TUniServerModule]:HTTP Server Started on Port: 8077
AqarAlghad.exe: 00000A2C: 12:58:59 []:>--------------------------------------------------------------<
AqarAlghad.exe: 00000A2C: 12:58:59 [TUniServerModule]:Server First Init.
AqarAlghad.exe: 00000A2C: 12:58:59 [TUniServerModule]:Global Cache Folder Erased. <63> Files deleted.
AqarAlghad.exe: 00000A2C: 12:58:59 [TUniServerModule]:Starting HTTP Server on Port: 8077...
AqarAlghad.exe: 00000A2C: 12:58:59 [TUniServerModule]:HTTP Server Started on Port: 8077
AqarAlghad.exe: 00001D04: 13:02:15 []:>--------------------------------------------------------------<
AqarAlghad.exe: 00001D04: 13:02:15 [TUniServerModule]:Server First Init.
AqarAlghad.exe: 00001D04: 13:02:15 [TUniServerModule]:Global Cache Folder Erased. <63> Files deleted.
AqarAlghad.exe: 00001D04: 13:02:15 [TUniServerModule]:Starting HTTP Server on Port: 8077...
AqarAlghad.exe: 00001D04: 13:02:15 [TUniServerModule]:HTTP Server Started on Port: 8077
AqarAlghad.exe: 000008CC: 13:05:50 []:>--------------------------------------------------------------<
AqarAlghad.exe: 000008CC: 13:05:50 [TUniServerModule]:Server First Init.
AqarAlghad.exe: 000008CC: 13:05:50 [TUniServerModule]:Global Cache Folder Erased. <80> Files deleted.
AqarAlghad.exe: 000008CC: 13:05:50 [TUniServerModule]:Starting HTTP Server on Port: 8077...
AqarAlghad.exe: 000008CC: 13:05:50 [TUniServerModule]:HTTP Server Started on Port: 8077
AqarAlghad.exe: 000009FC: 13:28:46 []:>--------------------------------------------------------------<
AqarAlghad.exe: 000009FC: 13:28:46 [TUniServerModule]:Server First Init.
AqarAlghad.exe: 000009FC: 13:28:46 [TUniServerModule]:Global Cache Folder Erased. <61> Files deleted.
AqarAlghad.exe: 000009FC: 13:28:46 [TUniServerModule]:Starting HTTP Server on Port: 8077...
AqarAlghad.exe: 000009FC: 13:28:46 [TUniServerModule]:HTTP Server Started on Port: 8077
AqarAlghad.exe: 00000864: 13:30:07 []:>--------------------------------------------------------------<
AqarAlghad.exe: 00000864: 13:30:07 [TUniServerModule]:Server First Init.
AqarAlghad.exe: 00000864: 13:30:07 [TUniServerModule]:Global Cache Folder Erased. <69> Files deleted.
AqarAlghad.exe: 00000864: 13:30:07 [TUniServerModule]:Starting HTTP Server on Port: 8077...
AqarAlghad.exe: 00000864: 13:30:07 [TUniServerModule]:HTTP Server Started on Port: 8077
AqarAlghad.exe: 000008D0: 13:33:57 []:>--------------------------------------------------------------<
AqarAlghad.exe: 000008D0: 13:33:57 [TUniServerModule]:Server First Init.
AqarAlghad.exe: 000008D0: 13:33:57 [TUniServerModule]:Global Cache Folder Erased. <60> Files deleted.
AqarAlghad.exe: 000008D0: 13:33:57 [TUniServerModule]:Starting HTTP Server on Port: 8077...
AqarAlghad.exe: 000008D0: 13:33:57 [TUniServerModule]:HTTP Server Started on Port: 8077
AqarAlghad.exe: 000004E4: 13:36:27 []:>--------------------------------------------------------------<
AqarAlghad.exe: 000004E4: 13:36:27 [TUniServerModule]:Server First Init.
AqarAlghad.exe: 000004E4: 13:36:27 [TUniServerModule]:Global Cache Folder Erased. <72> Files deleted.
AqarAlghad.exe: 000004E4: 13:36:27 [TUniServerModule]:Starting HTTP Server on Port: 8077...
AqarAlghad.exe: 000004E4: 13:36:27 [TUniServerModule]:HTTP Server Started on Port: 8077
AqarAlghad.exe: 00001304: 13:37:54 []:>--------------------------------------------------------------<
AqarAlghad.exe: 00001304: 13:37:54 [TUniServerModule]:Server First Init.
AqarAlghad.exe: 00001304: 13:37:54 [TUniServerModule]:Global Cache Folder Erased. <62> Files deleted.
AqarAlghad.exe: 00001304: 13:37:54 [TUniServerModule]:Starting HTTP Server on Port: 8077...
AqarAlghad.exe: 00001304: 13:37:54 [TUniServerModule]:HTTP Server Started on Port: 8077
AqarAlghad.exe: 000009F8: 13:47:56 []:>--------------------------------------------------------------<
AqarAlghad.exe: 000009F8: 13:47:56 [TUniServerModule]:Server First Init.
AqarAlghad.exe: 000009F8: 13:47:56 [TUniServerModule]:Global Cache Folder Erased. <64> Files deleted.
AqarAlghad.exe: 000009F8: 13:47:56 [TUniServerModule]:Starting HTTP Server on Port: 8077...
AqarAlghad.exe: 000009F8: 13:47:56 [TUniServerModule]:HTTP Server Started on Port: 8077
AqarAlghad.exe: 000007BC: 13:49:47 []:>--------------------------------------------------------------<
AqarAlghad.exe: 000007BC: 13:49:47 [TUniServerModule]:Server First Init.
AqarAlghad.exe: 000007BC: 13:49:47 [TUniServerModule]:Global Cache Folder Erased. <67> Files deleted.
AqarAlghad.exe: 000007BC: 13:49:47 [TUniServerModule]:Starting HTTP Server on Port: 8077...
AqarAlghad.exe: 000007BC: 13:49:47 [TUniServerModule]:HTTP Server Started on Port: 8077
AqarAlghad.exe: 00000F3C: 13:51:12 []:>--------------------------------------------------------------<
AqarAlghad.exe: 00000F3C: 13:51:12 [TUniServerModule]:Server First Init.
AqarAlghad.exe: 00000F3C: 13:51:12 [TUniServerModule]:Global Cache Folder Erased. <58> Files deleted.
AqarAlghad.exe: 00000F3C: 13:51:12 [TUniServerModule]:Starting HTTP Server on Port: 8077...
AqarAlghad.exe: 00000F3C: 13:51:12 [TUniServerModule]:HTTP Server Started on Port: 8077
AqarAlghad.exe: 0000076C: 13:54:36 []:>--------------------------------------------------------------<
AqarAlghad.exe: 0000076C: 13:54:36 [TUniServerModule]:Server First Init.
AqarAlghad.exe: 0000076C: 13:54:36 [TUniServerModule]:Global Cache Folder Erased. <69> Files deleted.
AqarAlghad.exe: 0000076C: 13:54:37 [TUniServerModule]:Starting HTTP Server on Port: 8077...
AqarAlghad.exe: 0000076C: 13:54:37 [TUniServerModule]:HTTP Server Started on Port: 8077
