AqarAlghad.exe: 000029F0: 10:59:56 []:>--------------------------------------------------------------<
AqarAlghad.exe: 000029F0: 10:59:56 [TUniServerModule]:Server First Init.
AqarAlghad.exe: 000029F0: 10:59:56 [TUniServerModule]:Global Cache Folder Erased. <58> Files deleted.
AqarAlghad.exe: 000029F0: 10:59:56 [TUniServerModule]:Starting HTTP Server on Port: 8077...
AqarAlghad.exe: 000029F0: 10:59:56 [TUniServerModule]:HTTP Server Started on Port: 8077
AqarAlghad.exe: 00002820: 11:04:38 []:>--------------------------------------------------------------<
AqarAlghad.exe: 00002820: 11:04:38 [TUniServerModule]:Server First Init.
AqarAlghad.exe: 00002820: 11:04:38 [TUniServerModule]:Global Cache Folder Erased. <75> Files deleted.
AqarAlghad.exe: 00002820: 11:04:38 [TUniServerModule]:Starting HTTP Server on Port: 8077...
AqarAlghad.exe: 00002820: 11:04:38 [TUniServerModule]:HTTP Server Started on Port: 8077
AqarAlghad.exe: 0000258C: 11:05:16 [127.0.0.1]:EDatabaseError : Parameter 'ContractRef' not found : Addr: $000000000081673A
AqarAlghad.exe: 000021C4: 11:06:13 []:>--------------------------------------------------------------<
AqarAlghad.exe: 000021C4: 11:06:13 [TUniServerModule]:Server First Init.
AqarAlghad.exe: 000021C4: 11:06:13 [TUniServerModule]:Global Cache Folder Erased. <66> Files deleted.
AqarAlghad.exe: 000021C4: 11:06:13 [TUniServerModule]:Starting HTTP Server on Port: 8077...
AqarAlghad.exe: 000021C4: 11:06:13 [TUniServerModule]:HTTP Server Started on Port: 8077
AqarAlghad.exe: 00000CFC: 11:07:44 []:>--------------------------------------------------------------<
AqarAlghad.exe: 00000CFC: 11:07:44 [TUniServerModule]:Server First Init.
AqarAlghad.exe: 00000CFC: 11:07:44 [TUniServerModule]:Global Cache Folder Erased. <58> Files deleted.
AqarAlghad.exe: 00000CFC: 11:07:44 [TUniServerModule]:Starting HTTP Server on Port: 8077...
AqarAlghad.exe: 00000CFC: 11:07:44 [TUniServerModule]:HTTP Server Started on Port: 8077
AqarAlghad.exe: 00002140: 11:11:00 []:>--------------------------------------------------------------<
AqarAlghad.exe: 00002140: 11:11:00 [TUniServerModule]:Server First Init.
AqarAlghad.exe: 00002140: 11:11:00 [TUniServerModule]:Global Cache Folder Erased. <72> Files deleted.
AqarAlghad.exe: 00002140: 11:11:00 [TUniServerModule]:Starting HTTP Server on Port: 8077...
AqarAlghad.exe: 00002140: 11:11:00 [TUniServerModule]:HTTP Server Started on Port: 8077
AqarAlghad.exe: 00001F44: 11:14:04 []:>--------------------------------------------------------------<
AqarAlghad.exe: 00001F44: 11:14:04 [TUniServerModule]:Server First Init.
AqarAlghad.exe: 00001F44: 11:14:04 [TUniServerModule]:Global Cache Folder Erased. <69> Files deleted.
AqarAlghad.exe: 00001F44: 11:14:04 [TUniServerModule]:Starting HTTP Server on Port: 8077...
AqarAlghad.exe: 00001F44: 11:14:04 [TUniServerModule]:HTTP Server Started on Port: 8077
AqarAlghad.exe: 00002D24: 11:18:40 []:>--------------------------------------------------------------<
AqarAlghad.exe: 00002D24: 11:18:40 [TUniServerModule]:Server First Init.
AqarAlghad.exe: 00002D24: 11:18:40 [TUniServerModule]:Global Cache Folder Erased. <71> Files deleted.
AqarAlghad.exe: 00002D24: 11:18:40 [TUniServerModule]:Starting HTTP Server on Port: 8077...
AqarAlghad.exe: 00002D24: 11:18:40 [TUniServerModule]:HTTP Server Started on Port: 8077
AqarAlghad.exe: 0000258C: 11:19:43 []:>--------------------------------------------------------------<
AqarAlghad.exe: 0000258C: 11:19:43 [TUniServerModule]:Server First Init.
AqarAlghad.exe: 0000258C: 11:19:43 [TUniServerModule]:Global Cache Folder Erased. <65> Files deleted.
AqarAlghad.exe: 0000258C: 11:19:43 [TUniServerModule]:Starting HTTP Server on Port: 8077...
AqarAlghad.exe: 0000258C: 11:19:43 [TUniServerModule]:HTTP Server Started on Port: 8077
AqarAlghad.exe: 00003138: 11:22:55 []:>--------------------------------------------------------------<
AqarAlghad.exe: 00003138: 11:22:55 [TUniServerModule]:Server First Init.
AqarAlghad.exe: 00003138: 11:22:55 [TUniServerModule]:Global Cache Folder Erased. <67> Files deleted.
AqarAlghad.exe: 00003138: 11:22:55 [TUniServerModule]:Starting HTTP Server on Port: 8077...
AqarAlghad.exe: 00003138: 11:22:55 [TUniServerModule]:HTTP Server Started on Port: 8077
AqarAlghad.exe: 00000B74: 11:32:34 []:>--------------------------------------------------------------<
AqarAlghad.exe: 00000B74: 11:32:34 [TUniServerModule]:Server First Init.
AqarAlghad.exe: 00000B74: 11:32:34 [TUniServerModule]:Global Cache Folder Erased. <66> Files deleted.
AqarAlghad.exe: 00000B74: 11:32:34 [TUniServerModule]:Starting HTTP Server on Port: 8077...
AqarAlghad.exe: 00000B74: 11:32:34 [TUniServerModule]:HTTP Server Started on Port: 8077
AqarAlghad.exe: 00002980: 11:44:55 []:>--------------------------------------------------------------<
AqarAlghad.exe: 00002980: 11:44:55 [TUniServerModule]:Server First Init.
AqarAlghad.exe: 00002980: 11:44:55 [TUniServerModule]:Global Cache Folder Erased. <72> Files deleted.
AqarAlghad.exe: 00002980: 11:44:55 [TUniServerModule]:Starting HTTP Server on Port: 8077...
AqarAlghad.exe: 00002980: 11:44:55 [TUniServerModule]:HTTP Server Started on Port: 8077
AqarAlghad.exe: 00002678: 11:52:29 []:>--------------------------------------------------------------<
AqarAlghad.exe: 00002678: 11:52:29 [TUniServerModule]:Server First Init.
AqarAlghad.exe: 00002678: 11:52:29 [TUniServerModule]:Global Cache Folder Erased. <58> Files deleted.
AqarAlghad.exe: 00002678: 11:52:29 [TUniServerModule]:Starting HTTP Server on Port: 8077...
AqarAlghad.exe: 00002678: 11:52:29 [TUniServerModule]:HTTP Server Started on Port: 8077
AqarAlghad.exe: 000020D4: 12:00:16 []:>--------------------------------------------------------------<
AqarAlghad.exe: 000020D4: 12:00:16 [TUniServerModule]:Server First Init.
AqarAlghad.exe: 000020D4: 12:00:16 [TUniServerModule]:Global Cache Folder Erased. <58> Files deleted.
AqarAlghad.exe: 000020D4: 12:00:16 [TUniServerModule]:Starting HTTP Server on Port: 8077...
AqarAlghad.exe: 000020D4: 12:00:16 [TUniServerModule]:HTTP Server Started on Port: 8077
AqarAlghad.exe: 00001134: 12:02:36 []:>--------------------------------------------------------------<
AqarAlghad.exe: 00001134: 12:02:36 [TUniServerModule]:Server First Init.
AqarAlghad.exe: 00001134: 12:02:36 [TUniServerModule]:Global Cache Folder Erased. <68> Files deleted.
AqarAlghad.exe: 00001134: 12:02:37 [TUniServerModule]:Starting HTTP Server on Port: 8077...
AqarAlghad.exe: 00001134: 12:02:37 [TUniServerModule]:HTTP Server Started on Port: 8077
AqarAlghad.exe: 000028F4: 23:37:44 []:>--------------------------------------------------------------<
AqarAlghad.exe: 000028F4: 23:37:44 [TUniServerModule]:Server First Init.
AqarAlghad.exe: 000028F4: 23:37:44 [TUniServerModule]:Global Cache Folder Erased. <67> Files deleted.
AqarAlghad.exe: 000028F4: 23:37:45 [TUniServerModule]:Starting HTTP Server on Port: 8077...
AqarAlghad.exe: 000028F4: 23:37:45 [TUniServerModule]:HTTP Server Started on Port: 8077
AqarAlghad.exe: 000030C4: 23:38:59 []:>--------------------------------------------------------------<
AqarAlghad.exe: 000030C4: 23:38:59 [TUniServerModule]:Server First Init.
AqarAlghad.exe: 000030C4: 23:38:59 [TUniServerModule]:Global Cache Folder Erased. <95> Files deleted.
AqarAlghad.exe: 000030C4: 23:38:59 [TUniServerModule]:Starting HTTP Server on Port: 8077...
AqarAlghad.exe: 000030C4: 23:38:59 [TUniServerModule]:HTTP Server Started on Port: 8077
AqarAlghad.exe: 0000238C: 23:39:32 []:>--------------------------------------------------------------<
AqarAlghad.exe: 0000238C: 23:39:32 [TUniServerModule]:Server First Init.
AqarAlghad.exe: 0000238C: 23:39:32 [TUniServerModule]:Global Cache Folder Erased. <64> Files deleted.
AqarAlghad.exe: 0000238C: 23:39:32 [TUniServerModule]:Starting HTTP Server on Port: 8077...
AqarAlghad.exe: 0000238C: 23:39:32 [TUniServerModule]:HTTP Server Started on Port: 8077
AqarAlghad.exe: 000030E0: 23:40:47 []:>--------------------------------------------------------------<
AqarAlghad.exe: 000030E0: 23:40:47 [TUniServerModule]:Server First Init.
AqarAlghad.exe: 000030E0: 23:40:47 [TUniServerModule]:Global Cache Folder Erased. <65> Files deleted.
AqarAlghad.exe: 000030E0: 23:40:47 [TUniServerModule]:Starting HTTP Server on Port: 8077...
AqarAlghad.exe: 000030E0: 23:40:47 [TUniServerModule]:HTTP Server Started on Port: 8077
AqarAlghad.exe: 00001E54: 23:41:24 []:>--------------------------------------------------------------<
AqarAlghad.exe: 00001E54: 23:41:24 [TUniServerModule]:Server First Init.
AqarAlghad.exe: 00001E54: 23:41:24 [TUniServerModule]:Global Cache Folder Erased. <67> Files deleted.
AqarAlghad.exe: 00001E54: 23:41:24 [TUniServerModule]:Starting HTTP Server on Port: 8077...
AqarAlghad.exe: 00001E54: 23:41:24 [TUniServerModule]:HTTP Server Started on Port: 8077
AqarAlghad.exe: 0000224C: 23:43:11 []:>--------------------------------------------------------------<
AqarAlghad.exe: 0000224C: 23:43:11 [TUniServerModule]:Server First Init.
AqarAlghad.exe: 0000224C: 23:43:11 [TUniServerModule]:Global Cache Folder Erased. <64> Files deleted.
AqarAlghad.exe: 0000224C: 23:43:11 [TUniServerModule]:Starting HTTP Server on Port: 8077...
AqarAlghad.exe: 0000224C: 23:43:11 [TUniServerModule]:HTTP Server Started on Port: 8077
AqarAlghad.exe: 00002B08: 23:44:30 []:>--------------------------------------------------------------<
AqarAlghad.exe: 00002B08: 23:44:30 [TUniServerModule]:Server First Init.
AqarAlghad.exe: 00002B08: 23:44:30 [TUniServerModule]:Global Cache Folder Erased. <67> Files deleted.
AqarAlghad.exe: 00002B08: 23:44:30 [TUniServerModule]:Starting HTTP Server on Port: 8077...
AqarAlghad.exe: 00002B08: 23:44:30 [TUniServerModule]:HTTP Server Started on Port: 8077
AqarAlghad.exe: 00001ED4: 23:44:45 [127.0.0.1]:EDatabaseError : EstatesQry: Cannot perform this operation on a closed dataset : Addr: $000000000081671E
AqarAlghad.exe: 00002F88: 23:45:51 []:>--------------------------------------------------------------<
AqarAlghad.exe: 00002F88: 23:45:51 [TUniServerModule]:Server First Init.
AqarAlghad.exe: 00002F88: 23:45:51 [TUniServerModule]:Global Cache Folder Erased. <64> Files deleted.
AqarAlghad.exe: 00002F88: 23:45:51 [TUniServerModule]:Starting HTTP Server on Port: 8077...
AqarAlghad.exe: 00002F88: 23:45:51 [TUniServerModule]:HTTP Server Started on Port: 8077
AqarAlghad.exe: 00002FA0: 23:46:31 []:>--------------------------------------------------------------<
AqarAlghad.exe: 00002FA0: 23:46:31 [TUniServerModule]:Server First Init.
AqarAlghad.exe: 00002FA0: 23:46:31 [TUniServerModule]:Global Cache Folder Erased. <64> Files deleted.
AqarAlghad.exe: 00002FA0: 23:46:31 [TUniServerModule]:Starting HTTP Server on Port: 8077...
AqarAlghad.exe: 00002FA0: 23:46:31 [TUniServerModule]:HTTP Server Started on Port: 8077
AqarAlghad.exe: 00002E8C: 23:46:48 [127.0.0.1]:EStringListError : List index out of bounds (0) : Addr: $0000000006020B50
