AqarAlghad.exe: 000011E4: 11:30:52 []:>--------------------------------------------------------------<
AqarAlghad.exe: 000011E4: 11:30:52 [TUniServerModule]:Server First Init.
AqarAlghad.exe: 000011E4: 11:30:52 [TUniServerModule]:Global Cache Folder Erased. <73> Files deleted.
AqarAlghad.exe: 000011E4: 11:30:52 [TUniServerModule]:Starting HTTP Server on Port: 8077...
AqarAlghad.exe: 000011E4: 11:30:53 [TUniServerModule]:HTTP Server Started on Port: 8077
AqarAlghad.exe: 000021DC: 11:32:05 []:>--------------------------------------------------------------<
AqarAlghad.exe: 000021DC: 11:32:05 [TUniServerModule]:Server First Init.
AqarAlghad.exe: 000021DC: 11:32:05 [TUniServerModule]:Global Cache Folder Erased. <62> Files deleted.
AqarAlghad.exe: 000021DC: 11:32:05 [TUniServerModule]:Starting HTTP Server on Port: 8077...
AqarAlghad.exe: 000021DC: 11:32:05 [TUniServerModule]:HTTP Server Started on Port: 8077
AqarAlghad.exe: 00001438: 11:34:53 []:>--------------------------------------------------------------<
AqarAlghad.exe: 00001438: 11:34:53 [TUniServerModule]:Server First Init.
AqarAlghad.exe: 00001438: 11:34:53 [TUniServerModule]:Global Cache Folder Erased. <62> Files deleted.
AqarAlghad.exe: 00001438: 11:34:53 [TUniServerModule]:Starting HTTP Server on Port: 8077...
AqarAlghad.exe: 00001438: 11:34:53 [TUniServerModule]:HTTP Server Started on Port: 8077
AqarAlghad.exe: 00001208: 11:35:49 []:>--------------------------------------------------------------<
AqarAlghad.exe: 00001208: 11:35:49 [TUniServerModule]:Server First Init.
AqarAlghad.exe: 00001208: 11:35:49 [TUniServerModule]:Global Cache Folder Erased. <62> Files deleted.
AqarAlghad.exe: 00001208: 11:35:49 [TUniServerModule]:Starting HTTP Server on Port: 8077...
AqarAlghad.exe: 00001208: 11:35:49 [TUniServerModule]:HTTP Server Started on Port: 8077
AqarAlghad.exe: 0000080C: 11:35:58 []:>--------------------------------------------------------------<
AqarAlghad.exe: 0000080C: 11:35:58 [TUniServerModule]:Server First Init.
AqarAlghad.exe: 0000080C: 11:35:58 [TUniServerModule]:Global Cache Folder Erased. <1> Files deleted.
AqarAlghad.exe: 0000080C: 11:35:58 [TUniServerModule]:Starting HTTP Server on Port: 8077...
AqarAlghad.exe: 0000080C: 11:35:58 [TUniServerModule]:HTTP Server Started on Port: 8077
AqarAlghad.exe: 000023D0: 11:36:43 []:>--------------------------------------------------------------<
AqarAlghad.exe: 000023D0: 11:36:43 [TUniServerModule]:Server First Init.
AqarAlghad.exe: 000023D0: 11:36:43 [TUniServerModule]:Global Cache Folder Erased. <62> Files deleted.
AqarAlghad.exe: 000023D0: 11:36:43 [TUniServerModule]:Starting HTTP Server on Port: 8077...
AqarAlghad.exe: 000023D0: 11:36:43 [TUniServerModule]:HTTP Server Started on Port: 8077
AqarAlghad.exe: 0000230C: 11:36:55 []:>--------------------------------------------------------------<
AqarAlghad.exe: 0000230C: 11:36:55 [TUniServerModule]:Server First Init.
AqarAlghad.exe: 0000230C: 11:36:55 [TUniServerModule]:Global Cache Folder Erased. <1> Files deleted.
AqarAlghad.exe: 0000230C: 11:36:55 [TUniServerModule]:Starting HTTP Server on Port: 8077...
AqarAlghad.exe: 0000230C: 11:36:55 [TUniServerModule]:HTTP Server Started on Port: 8077
AqarAlghad.exe: 000015A0: 11:41:56 []:>--------------------------------------------------------------<
AqarAlghad.exe: 000015A0: 11:41:56 [TUniServerModule]:Server First Init.
AqarAlghad.exe: 000015A0: 11:41:56 [TUniServerModule]:Global Cache Folder Erased. <62> Files deleted.
AqarAlghad.exe: 000015A0: 11:41:56 [TUniServerModule]:Starting HTTP Server on Port: 8077...
AqarAlghad.exe: 000015A0: 11:41:56 [TUniServerModule]:HTTP Server Started on Port: 8077
AqarAlghad.exe: 0000178C: 12:04:40 []:>--------------------------------------------------------------<
AqarAlghad.exe: 0000178C: 12:04:40 [TUniServerModule]:Server First Init.
AqarAlghad.exe: 0000178C: 12:04:40 [TUniServerModule]:Global Cache Folder Erased. <62> Files deleted.
AqarAlghad.exe: 0000178C: 12:04:40 [TUniServerModule]:Starting HTTP Server on Port: 8077...
AqarAlghad.exe: 0000178C: 12:04:40 [TUniServerModule]:HTTP Server Started on Port: 8077
AqarAlghad.exe: 00002494: 12:06:22 []:>--------------------------------------------------------------<
AqarAlghad.exe: 00002494: 12:06:22 [TUniServerModule]:Server First Init.
AqarAlghad.exe: 00002494: 12:06:22 [TUniServerModule]:Global Cache Folder Erased. <62> Files deleted.
AqarAlghad.exe: 00002494: 12:06:22 [TUniServerModule]:Starting HTTP Server on Port: 8077...
AqarAlghad.exe: 00002494: 12:06:22 [TUniServerModule]:HTTP Server Started on Port: 8077
AqarAlghad.exe: 00000B20: 12:07:24 []:>--------------------------------------------------------------<
AqarAlghad.exe: 00000B20: 12:07:24 [TUniServerModule]:Server First Init.
AqarAlghad.exe: 00000B20: 12:07:24 [TUniServerModule]:Global Cache Folder Erased. <62> Files deleted.
AqarAlghad.exe: 00000B20: 12:07:24 [TUniServerModule]:Starting HTTP Server on Port: 8077...
AqarAlghad.exe: 00000B20: 12:07:24 [TUniServerModule]:HTTP Server Started on Port: 8077
AqarAlghad.exe: 00000BD8: 12:08:55 []:>--------------------------------------------------------------<
AqarAlghad.exe: 00000BD8: 12:08:55 [TUniServerModule]:Server First Init.
AqarAlghad.exe: 00000BD8: 12:08:55 [TUniServerModule]:Global Cache Folder Erased. <60> Files deleted.
AqarAlghad.exe: 00000BD8: 12:08:55 [TUniServerModule]:Starting HTTP Server on Port: 8077...
AqarAlghad.exe: 00000BD8: 12:08:55 [TUniServerModule]:HTTP Server Started on Port: 8077
AqarAlghad.exe: 00001850: 12:10:14 []:>--------------------------------------------------------------<
AqarAlghad.exe: 00001850: 12:10:14 [TUniServerModule]:Server First Init.
AqarAlghad.exe: 00001850: 12:10:14 [TUniServerModule]:Global Cache Folder Erased. <62> Files deleted.
AqarAlghad.exe: 00001850: 12:10:14 [TUniServerModule]:Starting HTTP Server on Port: 8077...
AqarAlghad.exe: 00001850: 12:10:14 [TUniServerModule]:HTTP Server Started on Port: 8077
AqarAlghad.exe: 000021B8: 12:10:52 []:>--------------------------------------------------------------<
AqarAlghad.exe: 000021B8: 12:10:52 [TUniServerModule]:Server First Init.
AqarAlghad.exe: 000021B8: 12:10:52 [TUniServerModule]:Global Cache Folder Erased. <62> Files deleted.
AqarAlghad.exe: 000021B8: 12:10:52 [TUniServerModule]:Starting HTTP Server on Port: 8077...
AqarAlghad.exe: 000021B8: 12:10:52 [TUniServerModule]:HTTP Server Started on Port: 8077
AqarAlghad.exe: 000022E0: 12:12:02 []:>--------------------------------------------------------------<
AqarAlghad.exe: 000022E0: 12:12:02 [TUniServerModule]:Server First Init.
AqarAlghad.exe: 000022E0: 12:12:02 [TUniServerModule]:Global Cache Folder Erased. <62> Files deleted.
AqarAlghad.exe: 000022E0: 12:12:02 [TUniServerModule]:Starting HTTP Server on Port: 8077...
AqarAlghad.exe: 000022E0: 12:12:02 [TUniServerModule]:HTTP Server Started on Port: 8077
AqarAlghad.exe: 000024FC: 12:12:49 []:>--------------------------------------------------------------<
AqarAlghad.exe: 000024FC: 12:12:49 [TUniServerModule]:Server First Init.
AqarAlghad.exe: 000024FC: 12:12:49 [TUniServerModule]:Global Cache Folder Erased. <62> Files deleted.
AqarAlghad.exe: 000024FC: 12:12:49 [TUniServerModule]:Starting HTTP Server on Port: 8077...
AqarAlghad.exe: 000024FC: 12:12:49 [TUniServerModule]:HTTP Server Started on Port: 8077
AqarAlghad.exe: 000026B0: 12:16:23 []:>--------------------------------------------------------------<
AqarAlghad.exe: 000026B0: 12:16:23 [TUniServerModule]:Server First Init.
AqarAlghad.exe: 000026B0: 12:16:23 [TUniServerModule]:Global Cache Folder Erased. <58> Files deleted.
AqarAlghad.exe: 000026B0: 12:16:23 [TUniServerModule]:Starting HTTP Server on Port: 8077...
AqarAlghad.exe: 000026B0: 12:16:23 [TUniServerModule]:HTTP Server Started on Port: 8077
AqarAlghad.exe: 0000206C: 12:19:53 []:>--------------------------------------------------------------<
AqarAlghad.exe: 0000206C: 12:19:53 [TUniServerModule]:Server First Init.
AqarAlghad.exe: 0000206C: 12:19:53 [TUniServerModule]:Global Cache Folder Erased. <64> Files deleted.
AqarAlghad.exe: 0000206C: 12:19:53 [TUniServerModule]:Starting HTTP Server on Port: 8077...
AqarAlghad.exe: 0000206C: 12:19:53 [TUniServerModule]:HTTP Server Started on Port: 8077
AqarAlghad.exe: 000017EC: 12:21:58 []:>--------------------------------------------------------------<
AqarAlghad.exe: 000017EC: 12:21:58 [TUniServerModule]:Server First Init.
AqarAlghad.exe: 000017EC: 12:21:58 [TUniServerModule]:Global Cache Folder Erased. <65> Files deleted.
AqarAlghad.exe: 000017EC: 12:21:58 [TUniServerModule]:Starting HTTP Server on Port: 8077...
AqarAlghad.exe: 000017EC: 12:21:59 [TUniServerModule]:HTTP Server Started on Port: 8077
AqarAlghad.exe: 00000880: 12:32:47 []:>--------------------------------------------------------------<
AqarAlghad.exe: 00000880: 12:32:47 [TUniServerModule]:Server First Init.
AqarAlghad.exe: 00000880: 12:32:47 [TUniServerModule]:Global Cache Folder Erased. <68> Files deleted.
AqarAlghad.exe: 00000880: 12:32:47 [TUniServerModule]:Starting HTTP Server on Port: 8077...
AqarAlghad.exe: 00000880: 12:32:47 [TUniServerModule]:HTTP Server Started on Port: 8077
AqarAlghad.exe: 00002584: 13:32:33 []:>--------------------------------------------------------------<
AqarAlghad.exe: 00002584: 13:32:33 [TUniServerModule]:Server First Init.
AqarAlghad.exe: 00002584: 13:32:33 [TUniServerModule]:Global Cache Folder Erased. <69> Files deleted.
AqarAlghad.exe: 00002584: 13:32:33 [TUniServerModule]:Starting HTTP Server on Port: 8077...
AqarAlghad.exe: 00002584: 13:32:33 [TUniServerModule]:HTTP Server Started on Port: 8077
AqarAlghad.exe: 00001610: 13:45:43 []:>--------------------------------------------------------------<
AqarAlghad.exe: 00001610: 13:45:43 [TUniServerModule]:Server First Init.
AqarAlghad.exe: 00001610: 13:45:43 [TUniServerModule]:Global Cache Folder Erased. <69> Files deleted.
AqarAlghad.exe: 00001610: 13:45:44 [TUniServerModule]:Starting HTTP Server on Port: 8077...
AqarAlghad.exe: 00001610: 13:45:44 [TUniServerModule]:HTTP Server Started on Port: 8077
AqarAlghad.exe: 00000F18: 13:51:56 []:>--------------------------------------------------------------<
AqarAlghad.exe: 00000F18: 13:51:56 [TUniServerModule]:Server First Init.
AqarAlghad.exe: 00000F18: 13:51:56 [TUniServerModule]:Global Cache Folder Erased. <68> Files deleted.
AqarAlghad.exe: 00000F18: 13:51:57 [TUniServerModule]:Starting HTTP Server on Port: 8077...
AqarAlghad.exe: 00000F18: 13:51:57 [TUniServerModule]:HTTP Server Started on Port: 8077
AqarAlghad.exe: 00002044: 13:56:36 []:>--------------------------------------------------------------<
AqarAlghad.exe: 00002044: 13:56:36 [TUniServerModule]:Server First Init.
AqarAlghad.exe: 00002044: 13:56:36 [TUniServerModule]:Global Cache Folder Erased. <67> Files deleted.
AqarAlghad.exe: 00002044: 13:56:36 [TUniServerModule]:Starting HTTP Server on Port: 8077...
AqarAlghad.exe: 00002044: 13:56:36 [TUniServerModule]:HTTP Server Started on Port: 8077
AqarAlghad.exe: 0000225C: 13:59:46 []:>--------------------------------------------------------------<
AqarAlghad.exe: 0000225C: 13:59:46 [TUniServerModule]:Server First Init.
AqarAlghad.exe: 0000225C: 13:59:46 [TUniServerModule]:Global Cache Folder Erased. <70> Files deleted.
AqarAlghad.exe: 0000225C: 13:59:46 [TUniServerModule]:Starting HTTP Server on Port: 8077...
AqarAlghad.exe: 0000225C: 13:59:46 [TUniServerModule]:HTTP Server Started on Port: 8077
AqarAlghad.exe: 00000B38: 14:00:28 []:>--------------------------------------------------------------<
AqarAlghad.exe: 00000B38: 14:00:28 [TUniServerModule]:Server First Init.
AqarAlghad.exe: 00000B38: 14:00:28 [TUniServerModule]:Global Cache Folder Erased. <63> Files deleted.
AqarAlghad.exe: 00000B38: 14:00:28 [TUniServerModule]:Starting HTTP Server on Port: 8077...
AqarAlghad.exe: 00000B38: 14:00:28 [TUniServerModule]:HTTP Server Started on Port: 8077
AqarAlghad.exe: 000024D8: 14:07:24 []:>--------------------------------------------------------------<
AqarAlghad.exe: 000024D8: 14:07:24 [TUniServerModule]:Server First Init.
AqarAlghad.exe: 000024D8: 14:07:24 [TUniServerModule]:Global Cache Folder Erased. <64> Files deleted.
AqarAlghad.exe: 000024D8: 14:07:24 [TUniServerModule]:Starting HTTP Server on Port: 8077...
AqarAlghad.exe: 000024D8: 14:07:24 [TUniServerModule]:HTTP Server Started on Port: 8077
AqarAlghad.exe: 00002750: 14:10:46 []:>--------------------------------------------------------------<
AqarAlghad.exe: 00002750: 14:10:46 [TUniServerModule]:Server First Init.
AqarAlghad.exe: 00002750: 14:10:46 [TUniServerModule]:Global Cache Folder Erased. <58> Files deleted.
AqarAlghad.exe: 00002750: 14:10:46 [TUniServerModule]:Starting HTTP Server on Port: 8077...
AqarAlghad.exe: 00002750: 14:10:46 [TUniServerModule]:HTTP Server Started on Port: 8077
AqarAlghad.exe: 00001A30: 15:02:26 []:>--------------------------------------------------------------<
AqarAlghad.exe: 00001A30: 15:02:26 [TUniServerModule]:Server First Init.
AqarAlghad.exe: 00001A30: 15:02:26 [TUniServerModule]:Global Cache Folder Erased. <58> Files deleted.
AqarAlghad.exe: 00001A30: 15:02:26 [TUniServerModule]:Starting HTTP Server on Port: 8077...
AqarAlghad.exe: 00001A30: 15:02:26 [TUniServerModule]:HTTP Server Started on Port: 8077
AqarAlghad.exe: 00001F28: 15:03:14 []:>--------------------------------------------------------------<
AqarAlghad.exe: 00001F28: 15:03:14 [TUniServerModule]:Server First Init.
AqarAlghad.exe: 00001F28: 15:03:14 [TUniServerModule]:Global Cache Folder Erased. <67> Files deleted.
AqarAlghad.exe: 00001F28: 15:03:14 [TUniServerModule]:Starting HTTP Server on Port: 8077...
AqarAlghad.exe: 00001F28: 15:03:14 [TUniServerModule]:HTTP Server Started on Port: 8077
AqarAlghad.exe: 00002140: 15:04:12 []:>--------------------------------------------------------------<
AqarAlghad.exe: 00002140: 15:04:12 [TUniServerModule]:Server First Init.
AqarAlghad.exe: 00002140: 15:04:12 [TUniServerModule]:Global Cache Folder Erased. <64> Files deleted.
AqarAlghad.exe: 00002140: 15:04:12 [TUniServerModule]:Starting HTTP Server on Port: 8077...
AqarAlghad.exe: 00002140: 15:04:12 [TUniServerModule]:HTTP Server Started on Port: 8077
AqarAlghad.exe: 00000104: 15:16:00 []:>--------------------------------------------------------------<
AqarAlghad.exe: 00000104: 15:16:00 [TUniServerModule]:Server First Init.
AqarAlghad.exe: 00000104: 15:16:00 [TUniServerModule]:Global Cache Folder Erased. <71> Files deleted.
AqarAlghad.exe: 00000104: 15:16:01 [TUniServerModule]:Starting HTTP Server on Port: 8077...
AqarAlghad.exe: 00000104: 15:16:01 [TUniServerModule]:HTTP Server Started on Port: 8077
AqarAlghad.exe: 00002774: 15:18:11 []:>--------------------------------------------------------------<
AqarAlghad.exe: 00002774: 15:18:11 [TUniServerModule]:Server First Init.
AqarAlghad.exe: 00002774: 15:18:11 [TUniServerModule]:Global Cache Folder Erased. <68> Files deleted.
AqarAlghad.exe: 00002774: 15:18:11 [TUniServerModule]:Starting HTTP Server on Port: 8077...
AqarAlghad.exe: 00002774: 15:18:11 [TUniServerModule]:HTTP Server Started on Port: 8077
AqarAlghad.exe: 00002424: 15:19:22 [HandleFileRequest[127.0.0.1]]:File not found: C:\Program Files (x86)\FMSoft\Framework\unigui\unipackages-7.2.0\themes\ext-theme-uni_ubuntu\resources\images\button\arrow-rtl.png
AqarAlghad.exe: 00002628: 15:20:52 [127.0.0.1]:EUniError : #42S22Unknown column 'conDate' in 'where clause' : Addr: $0000000000BD7BA9
AqarAlghad.exe: 00002050: 15:28:12 []:>--------------------------------------------------------------<
AqarAlghad.exe: 00002050: 15:28:12 [TUniServerModule]:Server First Init.
AqarAlghad.exe: 00002050: 15:28:12 [TUniServerModule]:Global Cache Folder Erased. <78> Files deleted.
AqarAlghad.exe: 00002050: 15:28:12 [TUniServerModule]:Starting HTTP Server on Port: 8077...
AqarAlghad.exe: 00002050: 15:28:12 [TUniServerModule]:HTTP Server Started on Port: 8077
AqarAlghad.exe: 0000069C: 15:36:32 []:>--------------------------------------------------------------<
AqarAlghad.exe: 0000069C: 15:36:32 [TUniServerModule]:Server First Init.
AqarAlghad.exe: 0000069C: 15:36:32 [TUniServerModule]:Global Cache Folder Erased. <69> Files deleted.
AqarAlghad.exe: 0000069C: 15:36:32 [TUniServerModule]:Starting HTTP Server on Port: 8077...
AqarAlghad.exe: 0000069C: 15:36:32 [TUniServerModule]:HTTP Server Started on Port: 8077
AqarAlghad.exe: 000025C0: 15:39:29 []:>--------------------------------------------------------------<
AqarAlghad.exe: 000025C0: 15:39:29 [TUniServerModule]:Server First Init.
AqarAlghad.exe: 000025C0: 15:39:29 [TUniServerModule]:Global Cache Folder Erased. <65> Files deleted.
AqarAlghad.exe: 000025C0: 15:39:29 [TUniServerModule]:Starting HTTP Server on Port: 8077...
AqarAlghad.exe: 000025C0: 15:39:29 [TUniServerModule]:HTTP Server Started on Port: 8077
AqarAlghad.exe: 000004CC: 15:49:29 []:>--------------------------------------------------------------<
AqarAlghad.exe: 000004CC: 15:49:29 [TUniServerModule]:Server First Init.
AqarAlghad.exe: 000004CC: 15:49:29 [TUniServerModule]:Global Cache Folder Erased. <71> Files deleted.
AqarAlghad.exe: 000004CC: 15:49:29 [TUniServerModule]:Starting HTTP Server on Port: 8077...
AqarAlghad.exe: 000004CC: 15:49:29 [TUniServerModule]:HTTP Server Started on Port: 8077
AqarAlghad.exe: 0000171C: 15:53:47 []:>--------------------------------------------------------------<
AqarAlghad.exe: 0000171C: 15:53:47 [TUniServerModule]:Server First Init.
AqarAlghad.exe: 0000171C: 15:53:47 [TUniServerModule]:Global Cache Folder Erased. <66> Files deleted.
AqarAlghad.exe: 0000171C: 15:53:47 [TUniServerModule]:Starting HTTP Server on Port: 8077...
AqarAlghad.exe: 0000171C: 15:53:47 [TUniServerModule]:HTTP Server Started on Port: 8077
AqarAlghad.exe: 00002484: 15:54:48 []:>--------------------------------------------------------------<
AqarAlghad.exe: 00002484: 15:54:48 [TUniServerModule]:Server First Init.
AqarAlghad.exe: 00002484: 15:54:48 [TUniServerModule]:Global Cache Folder Erased. <68> Files deleted.
AqarAlghad.exe: 00002484: 15:54:48 [TUniServerModule]:Starting HTTP Server on Port: 8077...
AqarAlghad.exe: 00002484: 15:54:48 [TUniServerModule]:HTTP Server Started on Port: 8077
AqarAlghad.exe: 00001470: 15:56:44 []:>--------------------------------------------------------------<
AqarAlghad.exe: 00001470: 15:56:44 [TUniServerModule]:Server First Init.
AqarAlghad.exe: 00001470: 15:56:44 [TUniServerModule]:Global Cache Folder Erased. <58> Files deleted.
AqarAlghad.exe: 00001470: 15:56:44 [TUniServerModule]:Starting HTTP Server on Port: 8077...
AqarAlghad.exe: 00001470: 15:56:44 [TUniServerModule]:HTTP Server Started on Port: 8077
