AqarAlghad.exe: 00002524: 00:03:23 []:>--------------------------------------------------------------<
AqarAlghad.exe: 00002524: 00:03:23 [TUniServerModule]:Server First Init.
AqarAlghad.exe: 00002524: 00:03:23 [TUniServerModule]:Global Cache Folder Erased. <68> Files deleted.
AqarAlghad.exe: 00002524: 00:03:23 [TUniServerModule]:Starting HTTP Server on Port: 8077...
AqarAlghad.exe: 00002524: 00:03:23 [TUniServerModule]:HTTP Server Started on Port: 8077
AqarAlghad.exe: 000034A0: 00:07:22 []:>--------------------------------------------------------------<
AqarAlghad.exe: 000034A0: 00:07:22 [TUniServerModule]:Server First Init.
AqarAlghad.exe: 000034A0: 00:07:22 [TUniServerModule]:Global Cache Folder Erased. <69> Files deleted.
AqarAlghad.exe: 000034A0: 00:07:22 [TUniServerModule]:Starting HTTP Server on Port: 8077...
AqarAlghad.exe: 000034A0: 00:07:22 [TUniServerModule]:HTTP Server Started on Port: 8077
AqarAlghad.exe: 00001CB4: 00:09:25 []:>--------------------------------------------------------------<
AqarAlghad.exe: 00001CB4: 00:09:25 [TUniServerModule]:Server First Init.
AqarAlghad.exe: 00001CB4: 00:09:25 [TUniServerModule]:Global Cache Folder Erased. <83> Files deleted.
AqarAlghad.exe: 00001CB4: 00:09:25 [TUniServerModule]:Starting HTTP Server on Port: 8077...
AqarAlghad.exe: 00001CB4: 00:09:25 [TUniServerModule]:HTTP Server Started on Port: 8077
AqarAlghad.exe: 00001930: 00:28:50 []:>--------------------------------------------------------------<
AqarAlghad.exe: 00001930: 00:28:50 [TUniServerModule]:Server First Init.
AqarAlghad.exe: 00001930: 00:28:50 [TUniServerModule]:Global Cache Folder Erased. <68> Files deleted.
AqarAlghad.exe: 00001930: 00:28:50 [TUniServerModule]:Starting HTTP Server on Port: 8077...
AqarAlghad.exe: 00001930: 00:28:50 [TUniServerModule]:HTTP Server Started on Port: 8077
AqarAlghad.exe: 00003530: 00:35:53 []:>--------------------------------------------------------------<
AqarAlghad.exe: 00003530: 00:35:53 [TUniServerModule]:Server First Init.
AqarAlghad.exe: 00003530: 00:35:53 [TUniServerModule]:Global Cache Folder Erased. <65> Files deleted.
AqarAlghad.exe: 00003530: 00:35:53 [TUniServerModule]:Starting HTTP Server on Port: 8077...
AqarAlghad.exe: 00003530: 00:35:53 [TUniServerModule]:HTTP Server Started on Port: 8077
AqarAlghad.exe: 00003628: 00:38:54 []:>--------------------------------------------------------------<
AqarAlghad.exe: 00003628: 00:38:54 [TUniServerModule]:Server First Init.
AqarAlghad.exe: 00003628: 00:38:54 [TUniServerModule]:Global Cache Folder Erased. <62> Files deleted.
AqarAlghad.exe: 00003628: 00:38:54 [TUniServerModule]:Starting HTTP Server on Port: 8077...
AqarAlghad.exe: 00003628: 00:38:54 [TUniServerModule]:HTTP Server Started on Port: 8077
AqarAlghad.exe: 00002968: 00:47:55 []:>--------------------------------------------------------------<
AqarAlghad.exe: 00002968: 00:47:55 [TUniServerModule]:Server First Init.
AqarAlghad.exe: 00002968: 00:47:55 [TUniServerModule]:Global Cache Folder Erased. <65> Files deleted.
AqarAlghad.exe: 00002968: 00:47:55 [TUniServerModule]:Starting HTTP Server on Port: 8077...
AqarAlghad.exe: 00002968: 00:47:55 [TUniServerModule]:HTTP Server Started on Port: 8077
AqarAlghad.exe: 00000E08: 00:51:37 []:>--------------------------------------------------------------<
AqarAlghad.exe: 00000E08: 00:51:37 [TUniServerModule]:Server First Init.
AqarAlghad.exe: 00000E08: 00:51:37 [TUniServerModule]:Global Cache Folder Erased. <78> Files deleted.
AqarAlghad.exe: 00000E08: 00:51:37 [TUniServerModule]:Starting HTTP Server on Port: 8077...
AqarAlghad.exe: 00000E08: 00:51:37 [TUniServerModule]:HTTP Server Started on Port: 8077
AqarAlghad.exe: 00001C98: 00:54:28 []:>--------------------------------------------------------------<
AqarAlghad.exe: 00001C98: 00:54:28 [TUniServerModule]:Server First Init.
AqarAlghad.exe: 00001C98: 00:54:28 [TUniServerModule]:Global Cache Folder Erased. <64> Files deleted.
AqarAlghad.exe: 00001C98: 00:54:28 [TUniServerModule]:Starting HTTP Server on Port: 8077...
AqarAlghad.exe: 00001C98: 00:54:28 [TUniServerModule]:HTTP Server Started on Port: 8077
AqarAlghad.exe: 000023DC: 00:58:39 []:>--------------------------------------------------------------<
AqarAlghad.exe: 000023DC: 00:58:39 [TUniServerModule]:Server First Init.
AqarAlghad.exe: 000023DC: 00:58:39 [TUniServerModule]:Global Cache Folder Erased. <63> Files deleted.
AqarAlghad.exe: 000023DC: 00:58:39 [TUniServerModule]:Starting HTTP Server on Port: 8077...
AqarAlghad.exe: 000023DC: 00:58:39 [TUniServerModule]:HTTP Server Started on Port: 8077
AqarAlghad.exe: 00002878: 00:59:27 []:>--------------------------------------------------------------<
AqarAlghad.exe: 00002878: 00:59:27 [TUniServerModule]:Server First Init.
AqarAlghad.exe: 00002878: 00:59:27 [TUniServerModule]:Global Cache Folder Erased. <63> Files deleted.
AqarAlghad.exe: 00002878: 00:59:27 [TUniServerModule]:Starting HTTP Server on Port: 8077...
AqarAlghad.exe: 00002878: 00:59:27 [TUniServerModule]:HTTP Server Started on Port: 8077
AqarAlghad.exe: 00002C1C: 01:00:24 []:>--------------------------------------------------------------<
AqarAlghad.exe: 00002C1C: 01:00:24 [TUniServerModule]:Server First Init.
AqarAlghad.exe: 00002C1C: 01:00:24 [TUniServerModule]:Global Cache Folder Erased. <62> Files deleted.
AqarAlghad.exe: 00002C1C: 01:00:24 [TUniServerModule]:Starting HTTP Server on Port: 8077...
AqarAlghad.exe: 00002C1C: 01:00:24 [TUniServerModule]:HTTP Server Started on Port: 8077
AqarAlghad.exe: 00002448: 01:03:15 []:>--------------------------------------------------------------<
AqarAlghad.exe: 00002448: 01:03:15 [TUniServerModule]:Server First Init.
AqarAlghad.exe: 00002448: 01:03:15 [TUniServerModule]:Global Cache Folder Erased. <64> Files deleted.
AqarAlghad.exe: 00002448: 01:03:15 [TUniServerModule]:Starting HTTP Server on Port: 8077...
AqarAlghad.exe: 00002448: 01:03:15 [TUniServerModule]:HTTP Server Started on Port: 8077
AqarAlghad.exe: 00002E8C: 01:05:15 []:>--------------------------------------------------------------<
AqarAlghad.exe: 00002E8C: 01:05:15 [TUniServerModule]:Server First Init.
AqarAlghad.exe: 00002E8C: 01:05:15 [TUniServerModule]:Global Cache Folder Erased. <61> Files deleted.
AqarAlghad.exe: 00002E8C: 01:05:15 [TUniServerModule]:Starting HTTP Server on Port: 8077...
AqarAlghad.exe: 00002E8C: 01:05:15 [TUniServerModule]:HTTP Server Started on Port: 8077
AqarAlghad.exe: 00000458: 01:07:42 []:>--------------------------------------------------------------<
AqarAlghad.exe: 00000458: 01:07:42 [TUniServerModule]:Server First Init.
AqarAlghad.exe: 00000458: 01:07:42 [TUniServerModule]:Global Cache Folder Erased. <63> Files deleted.
AqarAlghad.exe: 00000458: 01:07:42 [TUniServerModule]:Starting HTTP Server on Port: 8077...
AqarAlghad.exe: 00000458: 01:07:42 [TUniServerModule]:HTTP Server Started on Port: 8077
AqarAlghad.exe: 00000338: 01:07:53 [HandleFileRequest[127.0.0.1]]:File not found: C:\Program Files (x86)\FMSoft\Framework\unigui\unipackages-7.2.0\themes\ext-theme-uni_ubuntu\resources\images\button\arrow-rtl.png
AqarAlghad.exe: 00002164: 01:08:42 []:>--------------------------------------------------------------<
AqarAlghad.exe: 00002164: 01:08:42 [TUniServerModule]:Server First Init.
AqarAlghad.exe: 00002164: 01:08:42 [TUniServerModule]:Global Cache Folder Erased. <64> Files deleted.
AqarAlghad.exe: 00002164: 01:08:42 [TUniServerModule]:Starting HTTP Server on Port: 8077...
AqarAlghad.exe: 00002164: 01:08:42 [TUniServerModule]:HTTP Server Started on Port: 8077
AqarAlghad.exe: 00001C9C: 01:09:20 []:>--------------------------------------------------------------<
AqarAlghad.exe: 00001C9C: 01:09:20 [TUniServerModule]:Server First Init.
AqarAlghad.exe: 00001C9C: 01:09:20 [TUniServerModule]:Global Cache Folder Erased. <63> Files deleted.
AqarAlghad.exe: 00001C9C: 01:09:20 [TUniServerModule]:Starting HTTP Server on Port: 8077...
AqarAlghad.exe: 00001C9C: 01:09:21 [TUniServerModule]:HTTP Server Started on Port: 8077
AqarAlghad.exe: 00000430: 01:41:56 []:>--------------------------------------------------------------<
AqarAlghad.exe: 00000430: 01:41:56 [TUniServerModule]:Server First Init.
AqarAlghad.exe: 00000430: 01:41:56 [TUniServerModule]:Global Cache Folder Erased. <64> Files deleted.
AqarAlghad.exe: 00000430: 01:41:56 [TUniServerModule]:Starting HTTP Server on Port: 8077...
AqarAlghad.exe: 00000430: 01:41:56 [TUniServerModule]:HTTP Server Started on Port: 8077
AqarAlghad.exe: 00003738: 02:20:15 []:>--------------------------------------------------------------<
AqarAlghad.exe: 00003738: 02:20:16 [TUniServerModule]:Server First Init.
AqarAlghad.exe: 00003738: 02:20:16 [TUniServerModule]:Global Cache Folder Erased. <64> Files deleted.
AqarAlghad.exe: 00003738: 02:20:16 [TUniServerModule]:Starting HTTP Server on Port: 8077...
AqarAlghad.exe: 00003738: 02:20:16 [TUniServerModule]:HTTP Server Started on Port: 8077
AqarAlghad.exe: 00002768: 02:23:24 []:>--------------------------------------------------------------<
AqarAlghad.exe: 00002768: 02:23:24 [TUniServerModule]:Server First Init.
AqarAlghad.exe: 00002768: 02:23:24 [TUniServerModule]:Global Cache Folder Erased. <66> Files deleted.
AqarAlghad.exe: 00002768: 02:23:24 [TUniServerModule]:Starting HTTP Server on Port: 8077...
AqarAlghad.exe: 00002768: 02:23:24 [TUniServerModule]:HTTP Server Started on Port: 8077
AqarAlghad.exe: 00002968: 02:25:27 []:>--------------------------------------------------------------<
AqarAlghad.exe: 00002968: 02:25:27 [TUniServerModule]:Server First Init.
AqarAlghad.exe: 00002968: 02:25:27 [TUniServerModule]:Global Cache Folder Erased. <65> Files deleted.
AqarAlghad.exe: 00002968: 02:25:27 [TUniServerModule]:Starting HTTP Server on Port: 8077...
AqarAlghad.exe: 00002968: 02:25:27 [TUniServerModule]:HTTP Server Started on Port: 8077
AqarAlghad.exe: 000011BC: 02:34:19 []:>--------------------------------------------------------------<
AqarAlghad.exe: 000011BC: 02:34:19 [TUniServerModule]:Server First Init.
AqarAlghad.exe: 000011BC: 02:34:19 [TUniServerModule]:Global Cache Folder Erased. <60> Files deleted.
AqarAlghad.exe: 000011BC: 02:34:19 [TUniServerModule]:Starting HTTP Server on Port: 8077...
AqarAlghad.exe: 000011BC: 02:34:19 [TUniServerModule]:HTTP Server Started on Port: 8077
AqarAlghad.exe: 00002830: 02:35:15 []:>--------------------------------------------------------------<
AqarAlghad.exe: 00002830: 02:35:15 [TUniServerModule]:Server First Init.
AqarAlghad.exe: 00002830: 02:35:15 [TUniServerModule]:Global Cache Folder Erased. <65> Files deleted.
AqarAlghad.exe: 00002830: 02:35:15 [TUniServerModule]:Starting HTTP Server on Port: 8077...
AqarAlghad.exe: 00002830: 02:35:15 [TUniServerModule]:HTTP Server Started on Port: 8077
AqarAlghad.exe: 00001EC0: 02:36:51 []:>--------------------------------------------------------------<
AqarAlghad.exe: 00001EC0: 02:36:51 [TUniServerModule]:Server First Init.
AqarAlghad.exe: 00001EC0: 02:36:51 [TUniServerModule]:Global Cache Folder Erased. <65> Files deleted.
AqarAlghad.exe: 00001EC0: 02:36:51 [TUniServerModule]:Starting HTTP Server on Port: 8077...
AqarAlghad.exe: 00001EC0: 02:36:51 [TUniServerModule]:HTTP Server Started on Port: 8077
AqarAlghad.exe: 00000D3C: 02:38:45 []:>--------------------------------------------------------------<
AqarAlghad.exe: 00000D3C: 02:38:45 [TUniServerModule]:Server First Init.
AqarAlghad.exe: 00000D3C: 02:38:45 [TUniServerModule]:Global Cache Folder Erased. <65> Files deleted.
AqarAlghad.exe: 00000D3C: 02:38:45 [TUniServerModule]:Starting HTTP Server on Port: 8077...
AqarAlghad.exe: 00000D3C: 02:38:45 [TUniServerModule]:HTTP Server Started on Port: 8077
AqarAlghad.exe: 00003080: 02:39:59 []:>--------------------------------------------------------------<
AqarAlghad.exe: 00003080: 02:39:59 [TUniServerModule]:Server First Init.
AqarAlghad.exe: 00003080: 02:39:59 [TUniServerModule]:Global Cache Folder Erased. <66> Files deleted.
AqarAlghad.exe: 00003080: 02:39:59 [TUniServerModule]:Starting HTTP Server on Port: 8077...
AqarAlghad.exe: 00003080: 02:39:59 [TUniServerModule]:HTTP Server Started on Port: 8077
AqarAlghad.exe: 000013A4: 02:41:35 []:>--------------------------------------------------------------<
AqarAlghad.exe: 000013A4: 02:41:35 [TUniServerModule]:Server First Init.
AqarAlghad.exe: 000013A4: 02:41:35 [TUniServerModule]:Global Cache Folder Erased. <66> Files deleted.
AqarAlghad.exe: 000013A4: 02:41:35 [TUniServerModule]:Starting HTTP Server on Port: 8077...
AqarAlghad.exe: 000013A4: 02:41:35 [TUniServerModule]:HTTP Server Started on Port: 8077
AqarAlghad.exe: 00000E90: 02:43:27 []:>--------------------------------------------------------------<
AqarAlghad.exe: 00000E90: 02:43:27 [TUniServerModule]:Server First Init.
AqarAlghad.exe: 00000E90: 02:43:27 [TUniServerModule]:Global Cache Folder Erased. <65> Files deleted.
AqarAlghad.exe: 00000E90: 02:43:27 [TUniServerModule]:Starting HTTP Server on Port: 8077...
AqarAlghad.exe: 00000E90: 02:43:27 [TUniServerModule]:HTTP Server Started on Port: 8077
AqarAlghad.exe: 00001528: 02:45:11 []:>--------------------------------------------------------------<
AqarAlghad.exe: 00001528: 02:45:11 [TUniServerModule]:Server First Init.
AqarAlghad.exe: 00001528: 02:45:11 [TUniServerModule]:Global Cache Folder Erased. <70> Files deleted.
AqarAlghad.exe: 00001528: 02:45:11 [TUniServerModule]:Starting HTTP Server on Port: 8077...
AqarAlghad.exe: 00001528: 02:45:11 [TUniServerModule]:HTTP Server Started on Port: 8077
AqarAlghad.exe: 000025D8: 02:48:24 []:>--------------------------------------------------------------<
AqarAlghad.exe: 000025D8: 02:48:24 [TUniServerModule]:Server First Init.
AqarAlghad.exe: 000025D8: 02:48:24 [TUniServerModule]:Global Cache Folder Erased. <65> Files deleted.
AqarAlghad.exe: 000025D8: 02:48:24 [TUniServerModule]:Starting HTTP Server on Port: 8077...
AqarAlghad.exe: 000025D8: 02:48:24 [TUniServerModule]:HTTP Server Started on Port: 8077
AqarAlghad.exe: 00001E24: 02:51:09 []:>--------------------------------------------------------------<
AqarAlghad.exe: 00001E24: 02:51:09 [TUniServerModule]:Server First Init.
AqarAlghad.exe: 00001E24: 02:51:09 [TUniServerModule]:Global Cache Folder Erased. <65> Files deleted.
AqarAlghad.exe: 00001E24: 02:51:09 [TUniServerModule]:Starting HTTP Server on Port: 8077...
AqarAlghad.exe: 00001E24: 02:51:09 [TUniServerModule]:HTTP Server Started on Port: 8077
AqarAlghad.exe: 000021B4: 02:53:22 []:>--------------------------------------------------------------<
AqarAlghad.exe: 000021B4: 02:53:22 [TUniServerModule]:Server First Init.
AqarAlghad.exe: 000021B4: 02:53:22 [TUniServerModule]:Global Cache Folder Erased. <65> Files deleted.
AqarAlghad.exe: 000021B4: 02:53:22 [TUniServerModule]:Starting HTTP Server on Port: 8077...
AqarAlghad.exe: 000021B4: 02:53:22 [TUniServerModule]:HTTP Server Started on Port: 8077
AqarAlghad.exe: 00002324: 02:53:32 [HandleFileRequest[127.0.0.1]]:File not found: C:\Program Files (x86)\FMSoft\Framework\unigui\unipackages-7.2.0\themes\ext-theme-uni_ubuntu\resources\images\button\arrow-rtl.png
AqarAlghad.exe: 000025C4: 02:54:44 []:>--------------------------------------------------------------<
AqarAlghad.exe: 000025C4: 02:54:44 [TUniServerModule]:Server First Init.
AqarAlghad.exe: 000025C4: 02:54:44 [TUniServerModule]:Global Cache Folder Erased. <65> Files deleted.
AqarAlghad.exe: 000025C4: 02:54:44 [TUniServerModule]:Starting HTTP Server on Port: 8077...
AqarAlghad.exe: 000025C4: 02:54:44 [TUniServerModule]:HTTP Server Started on Port: 8077
AqarAlghad.exe: 00002BE0: 02:55:48 []:>--------------------------------------------------------------<
AqarAlghad.exe: 00002BE0: 02:55:48 [TUniServerModule]:Server First Init.
AqarAlghad.exe: 00002BE0: 02:55:48 [TUniServerModule]:Global Cache Folder Erased. <65> Files deleted.
AqarAlghad.exe: 00002BE0: 02:55:48 [TUniServerModule]:Starting HTTP Server on Port: 8077...
AqarAlghad.exe: 00002BE0: 02:55:48 [TUniServerModule]:HTTP Server Started on Port: 8077
AqarAlghad.exe: 00000DC8: 02:57:04 []:>--------------------------------------------------------------<
AqarAlghad.exe: 00000DC8: 02:57:04 [TUniServerModule]:Server First Init.
AqarAlghad.exe: 00000DC8: 02:57:04 [TUniServerModule]:Global Cache Folder Erased. <65> Files deleted.
AqarAlghad.exe: 00000DC8: 02:57:04 [TUniServerModule]:Starting HTTP Server on Port: 8077...
AqarAlghad.exe: 00000DC8: 02:57:04 [TUniServerModule]:HTTP Server Started on Port: 8077
AqarAlghad.exe: 00001C44: 02:59:23 []:>--------------------------------------------------------------<
AqarAlghad.exe: 00001C44: 02:59:23 [TUniServerModule]:Server First Init.
AqarAlghad.exe: 00001C44: 02:59:23 [TUniServerModule]:Global Cache Folder Erased. <65> Files deleted.
AqarAlghad.exe: 00001C44: 02:59:23 [TUniServerModule]:Starting HTTP Server on Port: 8077...
AqarAlghad.exe: 00001C44: 02:59:23 [TUniServerModule]:HTTP Server Started on Port: 8077
AqarAlghad.exe: 0000239C: 03:02:29 []:>--------------------------------------------------------------<
AqarAlghad.exe: 0000239C: 03:02:29 [TUniServerModule]:Server First Init.
AqarAlghad.exe: 0000239C: 03:02:29 [TUniServerModule]:Global Cache Folder Erased. <67> Files deleted.
AqarAlghad.exe: 0000239C: 03:02:29 [TUniServerModule]:Starting HTTP Server on Port: 8077...
AqarAlghad.exe: 0000239C: 03:02:29 [TUniServerModule]:HTTP Server Started on Port: 8077
AqarAlghad.exe: 000037B0: 03:03:59 []:>--------------------------------------------------------------<
AqarAlghad.exe: 000037B0: 03:03:59 [TUniServerModule]:Server First Init.
AqarAlghad.exe: 000037B0: 03:03:59 [TUniServerModule]:Global Cache Folder Erased. <69> Files deleted.
AqarAlghad.exe: 000037B0: 03:03:59 [TUniServerModule]:Starting HTTP Server on Port: 8077...
AqarAlghad.exe: 000037B0: 03:03:59 [TUniServerModule]:HTTP Server Started on Port: 8077
AqarAlghad.exe: 000027C4: 03:07:35 []:>--------------------------------------------------------------<
AqarAlghad.exe: 000027C4: 03:07:35 [TUniServerModule]:Server First Init.
AqarAlghad.exe: 000027C4: 03:07:35 [TUniServerModule]:Global Cache Folder Erased. <71> Files deleted.
AqarAlghad.exe: 000027C4: 03:07:35 [TUniServerModule]:Starting HTTP Server on Port: 8077...
AqarAlghad.exe: 000027C4: 03:07:35 [TUniServerModule]:HTTP Server Started on Port: 8077
AqarAlghad.exe: 0000214C: 03:09:45 []:>--------------------------------------------------------------<
AqarAlghad.exe: 0000214C: 03:09:45 [TUniServerModule]:Server First Init.
AqarAlghad.exe: 0000214C: 03:09:45 [TUniServerModule]:Global Cache Folder Erased. <70> Files deleted.
AqarAlghad.exe: 0000214C: 03:09:45 [TUniServerModule]:Starting HTTP Server on Port: 8077...
AqarAlghad.exe: 0000214C: 03:09:46 [TUniServerModule]:HTTP Server Started on Port: 8077
AqarAlghad.exe: 000032F0: 03:10:34 []:>--------------------------------------------------------------<
AqarAlghad.exe: 000032F0: 03:10:34 [TUniServerModule]:Server First Init.
AqarAlghad.exe: 000032F0: 03:10:34 [TUniServerModule]:Global Cache Folder Erased. <68> Files deleted.
AqarAlghad.exe: 000032F0: 03:10:34 [TUniServerModule]:Starting HTTP Server on Port: 8077...
AqarAlghad.exe: 000032F0: 03:10:34 [TUniServerModule]:HTTP Server Started on Port: 8077
AqarAlghad.exe: 00002DB4: 23:21:47 []:>--------------------------------------------------------------<
AqarAlghad.exe: 00002DB4: 23:21:47 [TUniServerModule]:Server First Init.
AqarAlghad.exe: 00002DB4: 23:21:47 [TUniServerModule]:Global Cache Folder Erased. <75> Files deleted.
AqarAlghad.exe: 00002DB4: 23:21:47 [TUniServerModule]:Starting HTTP Server on Port: 8077...
AqarAlghad.exe: 00002DB4: 23:21:48 [TUniServerModule]:HTTP Server Started on Port: 8077
AqarAlghad.exe: 00001A9C: 23:24:15 []:>--------------------------------------------------------------<
AqarAlghad.exe: 00001A9C: 23:24:15 [TUniServerModule]:Server First Init.
AqarAlghad.exe: 00001A9C: 23:24:15 [TUniServerModule]:Global Cache Folder Erased. <65> Files deleted.
AqarAlghad.exe: 00001A9C: 23:24:15 [TUniServerModule]:Starting HTTP Server on Port: 8077...
AqarAlghad.exe: 00001A9C: 23:24:15 [TUniServerModule]:HTTP Server Started on Port: 8077
AqarAlghad.exe: 00002270: 23:42:05 []:>--------------------------------------------------------------<
AqarAlghad.exe: 00002270: 23:42:05 [TUniServerModule]:Server First Init.
AqarAlghad.exe: 00002270: 23:42:05 [TUniServerModule]:Global Cache Folder Erased. <83> Files deleted.
AqarAlghad.exe: 00002270: 23:42:05 [TUniServerModule]:Starting HTTP Server on Port: 8077...
AqarAlghad.exe: 00002270: 23:42:05 [TUniServerModule]:HTTP Server Started on Port: 8077
AqarAlghad.exe: 00001844: 23:49:13 []:>--------------------------------------------------------------<
AqarAlghad.exe: 00001844: 23:49:13 [TUniServerModule]:Server First Init.
AqarAlghad.exe: 00001844: 23:49:13 [TUniServerModule]:Global Cache Folder Erased. <69> Files deleted.
AqarAlghad.exe: 00001844: 23:49:13 [TUniServerModule]:Starting HTTP Server on Port: 8077...
AqarAlghad.exe: 00001844: 23:49:13 [TUniServerModule]:HTTP Server Started on Port: 8077
AqarAlghad.exe: 00002E88: 23:56:45 []:>--------------------------------------------------------------<
AqarAlghad.exe: 00002E88: 23:56:45 [TUniServerModule]:Server First Init.
AqarAlghad.exe: 00002E88: 23:56:45 [TUniServerModule]:Global Cache Folder Erased. <71> Files deleted.
AqarAlghad.exe: 00002E88: 23:56:45 [TUniServerModule]:Starting HTTP Server on Port: 8077...
AqarAlghad.exe: 00002E88: 23:56:45 [TUniServerModule]:HTTP Server Started on Port: 8077
AqarAlghad.exe: 00002F00: 23:58:39 []:>--------------------------------------------------------------<
AqarAlghad.exe: 00002F00: 23:58:39 [TUniServerModule]:Server First Init.
AqarAlghad.exe: 00002F00: 23:58:39 [TUniServerModule]:Global Cache Folder Erased. <69> Files deleted.
AqarAlghad.exe: 00002F00: 23:58:39 [TUniServerModule]:Starting HTTP Server on Port: 8077...
AqarAlghad.exe: 00002F00: 23:58:39 [TUniServerModule]:HTTP Server Started on Port: 8077
