AqarAlghad.exe: 00001D6C: 10:29:07 []:>--------------------------------------------------------------<
AqarAlghad.exe: 00001D6C: 10:29:07 [TUniServerModule]:Server First Init.
AqarAlghad.exe: 00001D6C: 10:29:07 [TUniServerModule]:Global Cache Folder Erased. <67> Files deleted.
AqarAlghad.exe: 00001D6C: 10:29:07 [TUniServerModule]:Starting HTTP Server on Port: 8077...
AqarAlghad.exe: 00001D6C: 10:29:07 [TUniServerModule]:HTTP Server Started on Port: 8077
AqarAlghad.exe: 0000144C: 10:53:19 []:>--------------------------------------------------------------<
AqarAlghad.exe: 0000144C: 10:53:19 [TUniServerModule]:Server First Init.
AqarAlghad.exe: 0000144C: 10:53:19 [TUniServerModule]:Global Cache Folder Erased. <60> Files deleted.
AqarAlghad.exe: 0000144C: 10:53:19 [TUniServerModule]:Starting HTTP Server on Port: 8077...
AqarAlghad.exe: 0000144C: 10:53:19 [TUniServerModule]:HTTP Server Started on Port: 8077
AqarAlghad.exe: 00002F20: 11:29:01 []:>--------------------------------------------------------------<
AqarAlghad.exe: 00002F20: 11:29:01 [TUniServerModule]:Server First Init.
AqarAlghad.exe: 00002F20: 11:29:01 [TUniServerModule]:Global Cache Folder Erased. <69> Files deleted.
AqarAlghad.exe: 00002F20: 11:29:01 [TUniServerModule]:Starting HTTP Server on Port: 8077...
AqarAlghad.exe: 00002F20: 11:29:01 [TUniServerModule]:HTTP Server Started on Port: 8077
AqarAlghad.exe: 00001868: 11:31:32 []:>--------------------------------------------------------------<
AqarAlghad.exe: 00001868: 11:31:32 [TUniServerModule]:Server First Init.
AqarAlghad.exe: 00001868: 11:31:32 [TUniServerModule]:Global Cache Folder Erased. <62> Files deleted.
AqarAlghad.exe: 00001868: 11:31:32 [TUniServerModule]:Starting HTTP Server on Port: 8077...
AqarAlghad.exe: 00001868: 11:31:32 [TUniServerModule]:HTTP Server Started on Port: 8077
AqarAlghad.exe: 00000ABC: 11:32:15 []:>--------------------------------------------------------------<
AqarAlghad.exe: 00000ABC: 11:32:15 [TUniServerModule]:Server First Init.
AqarAlghad.exe: 00000ABC: 11:32:15 [TUniServerModule]:Global Cache Folder Erased. <62> Files deleted.
AqarAlghad.exe: 00000ABC: 11:32:15 [TUniServerModule]:Starting HTTP Server on Port: 8077...
AqarAlghad.exe: 00000ABC: 11:32:15 [TUniServerModule]:HTTP Server Started on Port: 8077
AqarAlghad.exe: 000014D8: 11:33:05 []:>--------------------------------------------------------------<
AqarAlghad.exe: 000014D8: 11:33:05 [TUniServerModule]:Server First Init.
AqarAlghad.exe: 000014D8: 11:33:05 [TUniServerModule]:Global Cache Folder Erased. <62> Files deleted.
AqarAlghad.exe: 000014D8: 11:33:05 [TUniServerModule]:Starting HTTP Server on Port: 8077...
AqarAlghad.exe: 000014D8: 11:33:05 [TUniServerModule]:HTTP Server Started on Port: 8077
AqarAlghad.exe: 000028BC: 11:33:42 []:>--------------------------------------------------------------<
AqarAlghad.exe: 000028BC: 11:33:42 [TUniServerModule]:Server First Init.
AqarAlghad.exe: 000028BC: 11:33:42 [TUniServerModule]:Global Cache Folder Erased. <62> Files deleted.
AqarAlghad.exe: 000028BC: 11:33:43 [TUniServerModule]:Starting HTTP Server on Port: 8077...
AqarAlghad.exe: 000028BC: 11:33:43 [TUniServerModule]:HTTP Server Started on Port: 8077
AqarAlghad.exe: 000023F0: 11:37:20 []:>--------------------------------------------------------------<
AqarAlghad.exe: 000023F0: 11:37:20 [TUniServerModule]:Server First Init.
AqarAlghad.exe: 000023F0: 11:37:20 [TUniServerModule]:Global Cache Folder Erased. <69> Files deleted.
AqarAlghad.exe: 000023F0: 11:37:20 [TUniServerModule]:Starting HTTP Server on Port: 8077...
AqarAlghad.exe: 000023F0: 11:37:20 [TUniServerModule]:HTTP Server Started on Port: 8077
AqarAlghad.exe: 00000638: 11:38:43 []:>--------------------------------------------------------------<
AqarAlghad.exe: 00000638: 11:38:43 [TUniServerModule]:Server First Init.
AqarAlghad.exe: 00000638: 11:38:43 [TUniServerModule]:Global Cache Folder Erased. <62> Files deleted.
AqarAlghad.exe: 00000638: 11:38:43 [TUniServerModule]:Starting HTTP Server on Port: 8077...
AqarAlghad.exe: 00000638: 11:38:43 [TUniServerModule]:HTTP Server Started on Port: 8077
AqarAlghad.exe: 00000C0C: 11:39:40 []:>--------------------------------------------------------------<
AqarAlghad.exe: 00000C0C: 11:39:40 [TUniServerModule]:Server First Init.
AqarAlghad.exe: 00000C0C: 11:39:40 [TUniServerModule]:Global Cache Folder Erased. <62> Files deleted.
AqarAlghad.exe: 00000C0C: 11:39:40 [TUniServerModule]:Starting HTTP Server on Port: 8077...
AqarAlghad.exe: 00000C0C: 11:39:40 [TUniServerModule]:HTTP Server Started on Port: 8077
AqarAlghad.exe: 00000B64: 11:40:17 []:>--------------------------------------------------------------<
AqarAlghad.exe: 00000B64: 11:40:17 [TUniServerModule]:Server First Init.
AqarAlghad.exe: 00000B64: 11:40:17 [TUniServerModule]:Global Cache Folder Erased. <62> Files deleted.
AqarAlghad.exe: 00000B64: 11:40:17 [TUniServerModule]:Starting HTTP Server on Port: 8077...
AqarAlghad.exe: 00000B64: 11:40:17 [TUniServerModule]:HTTP Server Started on Port: 8077
AqarAlghad.exe: 00000DCC: 11:40:47 []:>--------------------------------------------------------------<
AqarAlghad.exe: 00000DCC: 11:40:47 [TUniServerModule]:Server First Init.
AqarAlghad.exe: 00000DCC: 11:40:47 [TUniServerModule]:Global Cache Folder Erased. <62> Files deleted.
AqarAlghad.exe: 00000DCC: 11:40:47 [TUniServerModule]:Starting HTTP Server on Port: 8077...
AqarAlghad.exe: 00000DCC: 11:40:47 [TUniServerModule]:HTTP Server Started on Port: 8077
AqarAlghad.exe: 000018E0: 11:41:52 []:>--------------------------------------------------------------<
AqarAlghad.exe: 000018E0: 11:41:52 [TUniServerModule]:Server First Init.
AqarAlghad.exe: 000018E0: 11:41:52 [TUniServerModule]:Global Cache Folder Erased. <62> Files deleted.
AqarAlghad.exe: 000018E0: 11:41:52 [TUniServerModule]:Starting HTTP Server on Port: 8077...
AqarAlghad.exe: 000018E0: 11:41:52 [TUniServerModule]:HTTP Server Started on Port: 8077
AqarAlghad.exe: 00002618: 11:44:37 []:>--------------------------------------------------------------<
AqarAlghad.exe: 00002618: 11:44:37 [TUniServerModule]:Server First Init.
AqarAlghad.exe: 00002618: 11:44:37 [TUniServerModule]:Global Cache Folder Erased. <62> Files deleted.
AqarAlghad.exe: 00002618: 11:44:37 [TUniServerModule]:Starting HTTP Server on Port: 8077...
AqarAlghad.exe: 00002618: 11:44:37 [TUniServerModule]:HTTP Server Started on Port: 8077
AqarAlghad.exe: 0000305C: 12:16:39 []:>--------------------------------------------------------------<
AqarAlghad.exe: 0000305C: 12:16:39 [TUniServerModule]:Server First Init.
AqarAlghad.exe: 0000305C: 12:16:39 [TUniServerModule]:Global Cache Folder Erased. <62> Files deleted.
AqarAlghad.exe: 0000305C: 12:16:40 [TUniServerModule]:Starting HTTP Server on Port: 8077...
AqarAlghad.exe: 0000305C: 12:16:40 [TUniServerModule]:HTTP Server Started on Port: 8077
AqarAlghad.exe: 00000094: 14:47:46 []:>--------------------------------------------------------------<
AqarAlghad.exe: 00000094: 14:47:46 [TUniServerModule]:Server First Init.
AqarAlghad.exe: 00000094: 14:47:46 [TUniServerModule]:Global Cache Folder Erased. <58> Files deleted.
AqarAlghad.exe: 00000094: 14:47:46 [TUniServerModule]:Starting HTTP Server on Port: 8077...
AqarAlghad.exe: 00000094: 14:47:46 [TUniServerModule]:HTTP Server Started on Port: 8077
AqarAlghad.exe: 000025C8: 14:48:39 []:>--------------------------------------------------------------<
AqarAlghad.exe: 000025C8: 14:48:39 [TUniServerModule]:Server First Init.
AqarAlghad.exe: 000025C8: 14:48:39 [TUniServerModule]:Global Cache Folder Erased. <57> Files deleted.
AqarAlghad.exe: 000025C8: 14:48:39 [TUniServerModule]:Starting HTTP Server on Port: 8077...
AqarAlghad.exe: 000025C8: 14:48:39 [TUniServerModule]:HTTP Server Started on Port: 8077
AqarAlghad.exe: 00002C04: 14:51:22 []:>--------------------------------------------------------------<
AqarAlghad.exe: 00002C04: 14:51:22 [TUniServerModule]:Server First Init.
AqarAlghad.exe: 00002C04: 14:51:22 [TUniServerModule]:Global Cache Folder Erased. <62> Files deleted.
AqarAlghad.exe: 00002C04: 14:51:22 [TUniServerModule]:Starting HTTP Server on Port: 8077...
AqarAlghad.exe: 00002C04: 14:51:22 [TUniServerModule]:HTTP Server Started on Port: 8077
AqarAlghad.exe: 0000153C: 15:04:52 []:>--------------------------------------------------------------<
AqarAlghad.exe: 0000153C: 15:04:52 [TUniServerModule]:Server First Init.
AqarAlghad.exe: 0000153C: 15:04:52 [TUniServerModule]:Global Cache Folder Erased. <62> Files deleted.
AqarAlghad.exe: 0000153C: 15:04:53 [TUniServerModule]:Starting HTTP Server on Port: 8077...
AqarAlghad.exe: 0000153C: 15:04:53 [TUniServerModule]:HTTP Server Started on Port: 8077
AqarAlghad.exe: 00001E6C: 15:05:31 []:>--------------------------------------------------------------<
AqarAlghad.exe: 00001E6C: 15:05:31 [TUniServerModule]:Server First Init.
AqarAlghad.exe: 00001E6C: 15:05:31 [TUniServerModule]:Global Cache Folder Erased. <62> Files deleted.
AqarAlghad.exe: 00001E6C: 15:05:31 [TUniServerModule]:Starting HTTP Server on Port: 8077...
AqarAlghad.exe: 00001E6C: 15:05:32 [TUniServerModule]:HTTP Server Started on Port: 8077
AqarAlghad.exe: 00000870: 15:06:18 []:>--------------------------------------------------------------<
AqarAlghad.exe: 00000870: 15:06:18 [TUniServerModule]:Server First Init.
AqarAlghad.exe: 00000870: 15:06:18 [TUniServerModule]:Global Cache Folder Erased. <62> Files deleted.
AqarAlghad.exe: 00000870: 15:06:18 [TUniServerModule]:Starting HTTP Server on Port: 8077...
AqarAlghad.exe: 00000870: 15:06:18 [TUniServerModule]:HTTP Server Started on Port: 8077
AqarAlghad.exe: 0000207C: 15:09:38 []:>--------------------------------------------------------------<
AqarAlghad.exe: 0000207C: 15:09:38 [TUniServerModule]:Server First Init.
AqarAlghad.exe: 0000207C: 15:09:38 [TUniServerModule]:Global Cache Folder Erased. <62> Files deleted.
AqarAlghad.exe: 0000207C: 15:09:38 [TUniServerModule]:Starting HTTP Server on Port: 8077...
AqarAlghad.exe: 0000207C: 15:09:38 [TUniServerModule]:HTTP Server Started on Port: 8077
AqarAlghad.exe: 0000325C: 15:13:05 []:>--------------------------------------------------------------<
AqarAlghad.exe: 0000325C: 15:13:05 [TUniServerModule]:Server First Init.
AqarAlghad.exe: 0000325C: 15:13:05 [TUniServerModule]:Global Cache Folder Erased. <62> Files deleted.
AqarAlghad.exe: 0000325C: 15:13:05 [TUniServerModule]:Starting HTTP Server on Port: 8077...
AqarAlghad.exe: 0000325C: 15:13:05 [TUniServerModule]:HTTP Server Started on Port: 8077
AqarAlghad.exe: 00000A60: 15:13:52 []:>--------------------------------------------------------------<
AqarAlghad.exe: 00000A60: 15:13:52 [TUniServerModule]:Server First Init.
AqarAlghad.exe: 00000A60: 15:13:52 [TUniServerModule]:Global Cache Folder Erased. <62> Files deleted.
AqarAlghad.exe: 00000A60: 15:13:53 [TUniServerModule]:Starting HTTP Server on Port: 8077...
AqarAlghad.exe: 00000A60: 15:13:53 [TUniServerModule]:HTTP Server Started on Port: 8077
AqarAlghad.exe: 00001254: 15:16:11 []:>--------------------------------------------------------------<
AqarAlghad.exe: 00001254: 15:16:11 [TUniServerModule]:Server First Init.
AqarAlghad.exe: 00001254: 15:16:11 [TUniServerModule]:Global Cache Folder Erased. <62> Files deleted.
AqarAlghad.exe: 00001254: 15:16:11 [TUniServerModule]:Starting HTTP Server on Port: 8077...
AqarAlghad.exe: 00001254: 15:16:11 [TUniServerModule]:HTTP Server Started on Port: 8077
AqarAlghad.exe: 00002244: 15:17:07 []:>--------------------------------------------------------------<
AqarAlghad.exe: 00002244: 15:17:07 [TUniServerModule]:Server First Init.
AqarAlghad.exe: 00002244: 15:17:07 [TUniServerModule]:Global Cache Folder Erased. <57> Files deleted.
AqarAlghad.exe: 00002244: 15:17:07 [TUniServerModule]:Starting HTTP Server on Port: 8077...
AqarAlghad.exe: 00002244: 15:17:07 [TUniServerModule]:HTTP Server Started on Port: 8077
AqarAlghad.exe: 000024D8: 15:19:18 []:>--------------------------------------------------------------<
AqarAlghad.exe: 000024D8: 15:19:18 [TUniServerModule]:Server First Init.
AqarAlghad.exe: 000024D8: 15:19:18 [TUniServerModule]:Global Cache Folder Erased. <62> Files deleted.
AqarAlghad.exe: 000024D8: 15:19:18 [TUniServerModule]:Starting HTTP Server on Port: 8077...
AqarAlghad.exe: 000024D8: 15:19:18 [TUniServerModule]:HTTP Server Started on Port: 8077
AqarAlghad.exe: 00000878: 15:21:47 []:>--------------------------------------------------------------<
AqarAlghad.exe: 00000878: 15:21:47 [TUniServerModule]:Server First Init.
AqarAlghad.exe: 00000878: 15:21:47 [TUniServerModule]:Global Cache Folder Erased. <62> Files deleted.
AqarAlghad.exe: 00000878: 15:21:47 [TUniServerModule]:Starting HTTP Server on Port: 8077...
AqarAlghad.exe: 00000878: 15:21:47 [TUniServerModule]:HTTP Server Started on Port: 8077
AqarAlghad.exe: 00001678: 15:23:26 []:>--------------------------------------------------------------<
AqarAlghad.exe: 00001678: 15:23:26 [TUniServerModule]:Server First Init.
AqarAlghad.exe: 00001678: 15:23:26 [TUniServerModule]:Global Cache Folder Erased. <62> Files deleted.
AqarAlghad.exe: 00001678: 15:23:27 [TUniServerModule]:Starting HTTP Server on Port: 8077...
AqarAlghad.exe: 00001678: 15:23:27 [TUniServerModule]:HTTP Server Started on Port: 8077
AqarAlghad.exe: 00002144: 15:23:40 []:>--------------------------------------------------------------<
AqarAlghad.exe: 00002144: 15:23:40 [TUniServerModule]:Server First Init.
AqarAlghad.exe: 00002144: 15:23:41 [TUniServerModule]:Global Cache Folder Erased. <51> Files deleted.
AqarAlghad.exe: 00002144: 15:23:41 [TUniServerModule]:Starting HTTP Server on Port: 8077...
AqarAlghad.exe: 00002144: 15:23:41 [TUniServerModule]:HTTP Server Started on Port: 8077
AqarAlghad.exe: 000028EC: 15:24:07 []:>--------------------------------------------------------------<
AqarAlghad.exe: 000028EC: 15:24:07 [TUniServerModule]:Server First Init.
AqarAlghad.exe: 000028EC: 15:24:07 [TUniServerModule]:Global Cache Folder Erased. <62> Files deleted.
AqarAlghad.exe: 000028EC: 15:24:07 [TUniServerModule]:Starting HTTP Server on Port: 8077...
AqarAlghad.exe: 000028EC: 15:24:07 [TUniServerModule]:HTTP Server Started on Port: 8077
AqarAlghad.exe: 000013E0: 15:25:30 []:>--------------------------------------------------------------<
AqarAlghad.exe: 000013E0: 15:25:30 [TUniServerModule]:Server First Init.
AqarAlghad.exe: 000013E0: 15:25:30 [TUniServerModule]:Global Cache Folder Erased. <57> Files deleted.
AqarAlghad.exe: 000013E0: 15:25:30 [TUniServerModule]:Starting HTTP Server on Port: 8077...
AqarAlghad.exe: 000013E0: 15:25:30 [TUniServerModule]:HTTP Server Started on Port: 8077
AqarAlghad.exe: 00001944: 15:26:54 []:>--------------------------------------------------------------<
AqarAlghad.exe: 00001944: 15:26:54 [TUniServerModule]:Server First Init.
AqarAlghad.exe: 00001944: 15:26:54 [TUniServerModule]:Global Cache Folder Erased. <62> Files deleted.
AqarAlghad.exe: 00001944: 15:26:54 [TUniServerModule]:Starting HTTP Server on Port: 8077...
AqarAlghad.exe: 00001944: 15:26:54 [TUniServerModule]:HTTP Server Started on Port: 8077
AqarAlghad.exe: 00002FC4: 15:28:00 []:>--------------------------------------------------------------<
AqarAlghad.exe: 00002FC4: 15:28:00 [TUniServerModule]:Server First Init.
AqarAlghad.exe: 00002FC4: 15:28:00 [TUniServerModule]:Global Cache Folder Erased. <62> Files deleted.
AqarAlghad.exe: 00002FC4: 15:28:00 [TUniServerModule]:Starting HTTP Server on Port: 8077...
AqarAlghad.exe: 00002FC4: 15:28:00 [TUniServerModule]:HTTP Server Started on Port: 8077
AqarAlghad.exe: 00002A9C: 15:29:29 []:>--------------------------------------------------------------<
AqarAlghad.exe: 00002A9C: 15:29:29 [TUniServerModule]:Server First Init.
AqarAlghad.exe: 00002A9C: 15:29:29 [TUniServerModule]:Global Cache Folder Erased. <62> Files deleted.
AqarAlghad.exe: 00002A9C: 15:29:29 [TUniServerModule]:Starting HTTP Server on Port: 8077...
AqarAlghad.exe: 00002A9C: 15:29:30 [TUniServerModule]:HTTP Server Started on Port: 8077
AqarAlghad.exe: 00002A84: 15:31:47 []:>--------------------------------------------------------------<
AqarAlghad.exe: 00002A84: 15:31:47 [TUniServerModule]:Server First Init.
AqarAlghad.exe: 00002A84: 15:31:47 [TUniServerModule]:Global Cache Folder Erased. <62> Files deleted.
AqarAlghad.exe: 00002A84: 15:31:47 [TUniServerModule]:Starting HTTP Server on Port: 8077...
AqarAlghad.exe: 00002A84: 15:31:47 [TUniServerModule]:HTTP Server Started on Port: 8077
AqarAlghad.exe: 00002B00: 15:33:34 []:>--------------------------------------------------------------<
AqarAlghad.exe: 00002B00: 15:33:34 [TUniServerModule]:Server First Init.
AqarAlghad.exe: 00002B00: 15:33:34 [TUniServerModule]:Global Cache Folder Erased. <62> Files deleted.
AqarAlghad.exe: 00002B00: 15:33:34 [TUniServerModule]:Starting HTTP Server on Port: 8077...
AqarAlghad.exe: 00002B00: 15:33:35 [TUniServerModule]:HTTP Server Started on Port: 8077
AqarAlghad.exe: 000022B4: 15:34:27 []:>--------------------------------------------------------------<
AqarAlghad.exe: 000022B4: 15:34:27 [TUniServerModule]:Server First Init.
AqarAlghad.exe: 000022B4: 15:34:27 [TUniServerModule]:Global Cache Folder Erased. <62> Files deleted.
AqarAlghad.exe: 000022B4: 15:34:27 [TUniServerModule]:Starting HTTP Server on Port: 8077...
AqarAlghad.exe: 000022B4: 15:34:27 [TUniServerModule]:HTTP Server Started on Port: 8077
AqarAlghad.exe: 000031F0: 15:36:46 []:>--------------------------------------------------------------<
AqarAlghad.exe: 000031F0: 15:36:46 [TUniServerModule]:Server First Init.
AqarAlghad.exe: 000031F0: 15:36:46 [TUniServerModule]:Global Cache Folder Erased. <62> Files deleted.
AqarAlghad.exe: 000031F0: 15:36:46 [TUniServerModule]:Starting HTTP Server on Port: 8077...
AqarAlghad.exe: 000031F0: 15:36:46 [TUniServerModule]:HTTP Server Started on Port: 8077
AqarAlghad.exe: 00002CCC: 15:37:51 []:>--------------------------------------------------------------<
AqarAlghad.exe: 00002CCC: 15:37:51 [TUniServerModule]:Server First Init.
AqarAlghad.exe: 00002CCC: 15:37:51 [TUniServerModule]:Global Cache Folder Erased. <62> Files deleted.
AqarAlghad.exe: 00002CCC: 15:37:51 [TUniServerModule]:Starting HTTP Server on Port: 8077...
AqarAlghad.exe: 00002CCC: 15:37:51 [TUniServerModule]:HTTP Server Started on Port: 8077
AqarAlghad.exe: 00002F64: 15:44:04 []:>--------------------------------------------------------------<
AqarAlghad.exe: 00002F64: 15:44:04 [TUniServerModule]:Server First Init.
AqarAlghad.exe: 00002F64: 15:44:04 [TUniServerModule]:Global Cache Folder Erased. <60> Files deleted.
AqarAlghad.exe: 00002F64: 15:44:04 [TUniServerModule]:Starting HTTP Server on Port: 8077...
AqarAlghad.exe: 00002F64: 15:44:04 [TUniServerModule]:HTTP Server Started on Port: 8077
AqarAlghad.exe: 00003138: 15:44:28 []:>--------------------------------------------------------------<
AqarAlghad.exe: 00003138: 15:44:28 [TUniServerModule]:Server First Init.
AqarAlghad.exe: 00003138: 15:44:28 [TUniServerModule]:Global Cache Folder Erased. <62> Files deleted.
AqarAlghad.exe: 00003138: 15:44:28 [TUniServerModule]:Starting HTTP Server on Port: 8077...
AqarAlghad.exe: 00003138: 15:44:28 [TUniServerModule]:HTTP Server Started on Port: 8077
AqarAlghad.exe: 00001440: 15:49:19 []:>--------------------------------------------------------------<
AqarAlghad.exe: 00001440: 15:49:19 [TUniServerModule]:Server First Init.
AqarAlghad.exe: 00001440: 15:49:19 [TUniServerModule]:Global Cache Folder Erased. <60> Files deleted.
AqarAlghad.exe: 00001440: 15:49:19 [TUniServerModule]:Starting HTTP Server on Port: 8077...
AqarAlghad.exe: 00001440: 15:49:19 [TUniServerModule]:HTTP Server Started on Port: 8077
AqarAlghad.exe: 0000045C: 15:50:57 []:>--------------------------------------------------------------<
AqarAlghad.exe: 0000045C: 15:50:57 [TUniServerModule]:Server First Init.
AqarAlghad.exe: 0000045C: 15:50:57 [TUniServerModule]:Global Cache Folder Erased. <62> Files deleted.
AqarAlghad.exe: 0000045C: 15:50:57 [TUniServerModule]:Starting HTTP Server on Port: 8077...
AqarAlghad.exe: 0000045C: 15:50:58 [TUniServerModule]:HTTP Server Started on Port: 8077
AqarAlghad.exe: 00001994: 15:52:16 []:>--------------------------------------------------------------<
AqarAlghad.exe: 00001994: 15:52:16 [TUniServerModule]:Server First Init.
AqarAlghad.exe: 00001994: 15:52:16 [TUniServerModule]:Global Cache Folder Erased. <60> Files deleted.
AqarAlghad.exe: 00001994: 15:52:17 [TUniServerModule]:Starting HTTP Server on Port: 8077...
AqarAlghad.exe: 00001994: 15:52:17 [TUniServerModule]:HTTP Server Started on Port: 8077
AqarAlghad.exe: 0000070C: 15:54:02 []:>--------------------------------------------------------------<
AqarAlghad.exe: 0000070C: 15:54:02 [TUniServerModule]:Server First Init.
AqarAlghad.exe: 0000070C: 15:54:02 [TUniServerModule]:Global Cache Folder Erased. <62> Files deleted.
AqarAlghad.exe: 0000070C: 15:54:02 [TUniServerModule]:Starting HTTP Server on Port: 8077...
AqarAlghad.exe: 0000070C: 15:54:02 [TUniServerModule]:HTTP Server Started on Port: 8077
AqarAlghad.exe: 000020F0: 15:54:57 []:>--------------------------------------------------------------<
AqarAlghad.exe: 000020F0: 15:54:57 [TUniServerModule]:Server First Init.
AqarAlghad.exe: 000020F0: 15:54:57 [TUniServerModule]:Global Cache Folder Erased. <62> Files deleted.
AqarAlghad.exe: 000020F0: 15:54:57 [TUniServerModule]:Starting HTTP Server on Port: 8077...
AqarAlghad.exe: 000020F0: 15:54:57 [TUniServerModule]:HTTP Server Started on Port: 8077
AqarAlghad.exe: 00001F9C: 16:00:49 []:>--------------------------------------------------------------<
AqarAlghad.exe: 00001F9C: 16:00:49 [TUniServerModule]:Server First Init.
AqarAlghad.exe: 00001F9C: 16:00:49 [TUniServerModule]:Global Cache Folder Erased. <57> Files deleted.
AqarAlghad.exe: 00001F9C: 16:00:49 [TUniServerModule]:Starting HTTP Server on Port: 8077...
AqarAlghad.exe: 00001F9C: 16:00:49 [TUniServerModule]:HTTP Server Started on Port: 8077
AqarAlghad.exe: 00000318: 16:01:14 []:>--------------------------------------------------------------<
AqarAlghad.exe: 00000318: 16:01:14 [TUniServerModule]:Server First Init.
AqarAlghad.exe: 00000318: 16:01:14 [TUniServerModule]:Global Cache Folder Erased. <1> Files deleted.
AqarAlghad.exe: 00000318: 16:01:14 [TUniServerModule]:Starting HTTP Server on Port: 8077...
AqarAlghad.exe: 00000318: 16:01:14 [TUniServerModule]:HTTP Server Started on Port: 8077
AqarAlghad.exe: 0000280C: 16:06:16 []:>--------------------------------------------------------------<
AqarAlghad.exe: 0000280C: 16:06:16 [TUniServerModule]:Server First Init.
AqarAlghad.exe: 0000280C: 16:06:16 [TUniServerModule]:Global Cache Folder Erased. <57> Files deleted.
AqarAlghad.exe: 0000280C: 16:06:16 [TUniServerModule]:Starting HTTP Server on Port: 8077...
AqarAlghad.exe: 0000280C: 16:06:16 [TUniServerModule]:HTTP Server Started on Port: 8077
AqarAlghad.exe: 00001200: 16:06:38 []:>--------------------------------------------------------------<
AqarAlghad.exe: 00001200: 16:06:38 [TUniServerModule]:Server First Init.
AqarAlghad.exe: 00001200: 16:06:38 [TUniServerModule]:Global Cache Folder Erased. <62> Files deleted.
AqarAlghad.exe: 00001200: 16:06:38 [TUniServerModule]:Starting HTTP Server on Port: 8077...
AqarAlghad.exe: 00001200: 16:06:38 [TUniServerModule]:HTTP Server Started on Port: 8077
AqarAlghad.exe: 0000036C: 16:10:57 []:>--------------------------------------------------------------<
AqarAlghad.exe: 0000036C: 16:10:57 [TUniServerModule]:Server First Init.
AqarAlghad.exe: 0000036C: 16:10:57 [TUniServerModule]:Global Cache Folder Erased. <57> Files deleted.
AqarAlghad.exe: 0000036C: 16:10:57 [TUniServerModule]:Starting HTTP Server on Port: 8077...
AqarAlghad.exe: 0000036C: 16:10:57 [TUniServerModule]:HTTP Server Started on Port: 8077
AqarAlghad.exe: 000032B8: 16:11:21 []:>--------------------------------------------------------------<
AqarAlghad.exe: 000032B8: 16:11:21 [TUniServerModule]:Server First Init.
AqarAlghad.exe: 000032B8: 16:11:21 [TUniServerModule]:Global Cache Folder Erased. <57> Files deleted.
AqarAlghad.exe: 000032B8: 16:11:22 [TUniServerModule]:Starting HTTP Server on Port: 8077...
AqarAlghad.exe: 000032B8: 16:11:22 [TUniServerModule]:HTTP Server Started on Port: 8077
AqarAlghad.exe: 000012B0: 16:11:48 []:>--------------------------------------------------------------<
AqarAlghad.exe: 000012B0: 16:11:48 [TUniServerModule]:Server First Init.
AqarAlghad.exe: 000012B0: 16:11:48 [TUniServerModule]:Global Cache Folder Erased. <57> Files deleted.
AqarAlghad.exe: 000012B0: 16:11:48 [TUniServerModule]:Starting HTTP Server on Port: 8077...
AqarAlghad.exe: 000012B0: 16:11:48 [TUniServerModule]:HTTP Server Started on Port: 8077
AqarAlghad.exe: 00000998: 16:14:21 []:>--------------------------------------------------------------<
AqarAlghad.exe: 00000998: 16:14:21 [TUniServerModule]:Server First Init.
AqarAlghad.exe: 00000998: 16:14:21 [TUniServerModule]:Global Cache Folder Erased. <60> Files deleted.
AqarAlghad.exe: 00000998: 16:14:21 [TUniServerModule]:Starting HTTP Server on Port: 8077...
AqarAlghad.exe: 00000998: 16:14:21 [TUniServerModule]:HTTP Server Started on Port: 8077
AqarAlghad.exe: 00002A34: 16:14:45 []:>--------------------------------------------------------------<
AqarAlghad.exe: 00002A34: 16:14:45 [TUniServerModule]:Server First Init.
AqarAlghad.exe: 00002A34: 16:14:45 [TUniServerModule]:Global Cache Folder Erased. <57> Files deleted.
AqarAlghad.exe: 00002A34: 16:14:45 [TUniServerModule]:Starting HTTP Server on Port: 8077...
AqarAlghad.exe: 00002A34: 16:14:45 [TUniServerModule]:HTTP Server Started on Port: 8077
AqarAlghad.exe: 00000E2C: 16:16:15 []:>--------------------------------------------------------------<
AqarAlghad.exe: 00000E2C: 16:16:15 [TUniServerModule]:Server First Init.
AqarAlghad.exe: 00000E2C: 16:16:15 [TUniServerModule]:Global Cache Folder Erased. <62> Files deleted.
AqarAlghad.exe: 00000E2C: 16:16:15 [TUniServerModule]:Starting HTTP Server on Port: 8077...
AqarAlghad.exe: 00000E2C: 16:16:15 [TUniServerModule]:HTTP Server Started on Port: 8077
AqarAlghad.exe: 00002A94: 16:17:51 []:>--------------------------------------------------------------<
AqarAlghad.exe: 00002A94: 16:17:51 [TUniServerModule]:Server First Init.
AqarAlghad.exe: 00002A94: 16:17:51 [TUniServerModule]:Global Cache Folder Erased. <60> Files deleted.
AqarAlghad.exe: 00002A94: 16:17:51 [TUniServerModule]:Starting HTTP Server on Port: 8077...
AqarAlghad.exe: 00002A94: 16:17:51 [TUniServerModule]:HTTP Server Started on Port: 8077
AqarAlghad.exe: 00003398: 16:18:06 []:>--------------------------------------------------------------<
AqarAlghad.exe: 00003398: 16:18:06 [TUniServerModule]:Server First Init.
AqarAlghad.exe: 00003398: 16:18:06 [TUniServerModule]:Global Cache Folder Erased. <62> Files deleted.
AqarAlghad.exe: 00003398: 16:18:06 [TUniServerModule]:Starting HTTP Server on Port: 8077...
AqarAlghad.exe: 00003398: 16:18:06 [TUniServerModule]:HTTP Server Started on Port: 8077
AqarAlghad.exe: 00000F78: 16:18:22 []:>--------------------------------------------------------------<
AqarAlghad.exe: 00000F78: 16:18:22 [TUniServerModule]:Server First Init.
AqarAlghad.exe: 00000F78: 16:18:22 [TUniServerModule]:Global Cache Folder Erased. <62> Files deleted.
AqarAlghad.exe: 00000F78: 16:18:22 [TUniServerModule]:Starting HTTP Server on Port: 8077...
AqarAlghad.exe: 00000F78: 16:18:22 [TUniServerModule]:HTTP Server Started on Port: 8077
AqarAlghad.exe: 00000FE0: 16:18:39 []:>--------------------------------------------------------------<
AqarAlghad.exe: 00000FE0: 16:18:39 [TUniServerModule]:Server First Init.
AqarAlghad.exe: 00000FE0: 16:18:39 [TUniServerModule]:Global Cache Folder Erased. <57> Files deleted.
AqarAlghad.exe: 00000FE0: 16:18:39 [TUniServerModule]:Starting HTTP Server on Port: 8077...
AqarAlghad.exe: 00000FE0: 16:18:39 [TUniServerModule]:HTTP Server Started on Port: 8077
AqarAlghad.exe: 00000B64: 16:18:51 []:>--------------------------------------------------------------<
AqarAlghad.exe: 00000B64: 16:18:51 [TUniServerModule]:Server First Init.
AqarAlghad.exe: 00000B64: 16:18:51 [TUniServerModule]:Global Cache Folder Erased. <57> Files deleted.
AqarAlghad.exe: 00000B64: 16:18:52 [TUniServerModule]:Starting HTTP Server on Port: 8077...
AqarAlghad.exe: 00000B64: 16:18:52 [TUniServerModule]:HTTP Server Started on Port: 8077
AqarAlghad.exe: 00001EF0: 16:49:36 []:>--------------------------------------------------------------<
AqarAlghad.exe: 00001EF0: 16:49:36 [TUniServerModule]:Server First Init.
AqarAlghad.exe: 00001EF0: 16:49:36 [TUniServerModule]:Global Cache Folder Erased. <57> Files deleted.
AqarAlghad.exe: 00001EF0: 16:49:36 [TUniServerModule]:Starting HTTP Server on Port: 8077...
AqarAlghad.exe: 00001EF0: 16:49:36 [TUniServerModule]:HTTP Server Started on Port: 8077
AqarAlghad.exe: 000033E0: 16:51:25 []:>--------------------------------------------------------------<
AqarAlghad.exe: 000033E0: 16:51:25 [TUniServerModule]:Server First Init.
AqarAlghad.exe: 000033E0: 16:51:25 [TUniServerModule]:Global Cache Folder Erased. <62> Files deleted.
AqarAlghad.exe: 000033E0: 16:51:26 [TUniServerModule]:Starting HTTP Server on Port: 8077...
AqarAlghad.exe: 000033E0: 16:51:26 [TUniServerModule]:HTTP Server Started on Port: 8077
AqarAlghad.exe: 000009F8: 16:52:14 []:>--------------------------------------------------------------<
AqarAlghad.exe: 000009F8: 16:52:14 [TUniServerModule]:Server First Init.
AqarAlghad.exe: 000009F8: 16:52:14 [TUniServerModule]:Global Cache Folder Erased. <62> Files deleted.
AqarAlghad.exe: 000009F8: 16:52:15 [TUniServerModule]:Starting HTTP Server on Port: 8077...
AqarAlghad.exe: 000009F8: 16:52:15 [TUniServerModule]:HTTP Server Started on Port: 8077
AqarAlghad.exe: 000021F0: 16:57:35 []:>--------------------------------------------------------------<
AqarAlghad.exe: 000021F0: 16:57:35 [TUniServerModule]:Server First Init.
AqarAlghad.exe: 000021F0: 16:57:35 [TUniServerModule]:Global Cache Folder Erased. <60> Files deleted.
AqarAlghad.exe: 000021F0: 16:57:35 [TUniServerModule]:Starting HTTP Server on Port: 8077...
AqarAlghad.exe: 000021F0: 16:57:35 [TUniServerModule]:HTTP Server Started on Port: 8077
AqarAlghad.exe: 00000564: 16:58:43 []:>--------------------------------------------------------------<
AqarAlghad.exe: 00000564: 16:58:43 [TUniServerModule]:Server First Init.
AqarAlghad.exe: 00000564: 16:58:43 [TUniServerModule]:Global Cache Folder Erased. <62> Files deleted.
AqarAlghad.exe: 00000564: 16:58:43 [TUniServerModule]:Starting HTTP Server on Port: 8077...
AqarAlghad.exe: 00000564: 16:58:43 [TUniServerModule]:HTTP Server Started on Port: 8077
AqarAlghad.exe: 00002A18: 17:01:38 []:>--------------------------------------------------------------<
AqarAlghad.exe: 00002A18: 17:01:38 [TUniServerModule]:Server First Init.
AqarAlghad.exe: 00002A18: 17:01:38 [TUniServerModule]:Global Cache Folder Erased. <62> Files deleted.
AqarAlghad.exe: 00002A18: 17:01:38 [TUniServerModule]:Starting HTTP Server on Port: 8077...
AqarAlghad.exe: 00002A18: 17:01:38 [TUniServerModule]:HTTP Server Started on Port: 8077
AqarAlghad.exe: 00002644: 17:10:48 []:>--------------------------------------------------------------<
AqarAlghad.exe: 00002644: 17:10:48 [TUniServerModule]:Server First Init.
AqarAlghad.exe: 00002644: 17:10:48 [TUniServerModule]:Global Cache Folder Erased. <60> Files deleted.
AqarAlghad.exe: 00002644: 17:10:48 [TUniServerModule]:Starting HTTP Server on Port: 8077...
AqarAlghad.exe: 00002644: 17:10:48 [TUniServerModule]:HTTP Server Started on Port: 8077
