AqarAlghad.exe: 00002CE4: 10:52:07 []:>--------------------------------------------------------------<
AqarAlghad.exe: 00002CE4: 10:52:07 [TUniServerModule]:Server First Init.
AqarAlghad.exe: 00002CE4: 10:52:07 [TUniServerModule]:Global Cache Folder Erased. <71> Files deleted.
AqarAlghad.exe: 00002CE4: 10:52:07 [TUniServerModule]:Starting HTTP Server on Port: 8077...
AqarAlghad.exe: 00002CE4: 10:52:07 [TUniServerModule]:HTTP Server Started on Port: 8077
AqarAlghad.exe: 00002660: 11:33:27 []:>--------------------------------------------------------------<
AqarAlghad.exe: 00002660: 11:33:27 [TUniServerModule]:Server First Init.
AqarAlghad.exe: 00002660: 11:33:27 [TUniServerModule]:Global Cache Folder Erased. <92> Files deleted.
AqarAlghad.exe: 00002660: 11:33:27 [TUniServerModule]:Starting HTTP Server on Port: 8077...
AqarAlghad.exe: 00002660: 11:33:27 [TUniServerModule]:HTTP Server Started on Port: 8077
AqarAlghad.exe: 00002524: 11:35:46 []:>--------------------------------------------------------------<
AqarAlghad.exe: 00002524: 11:35:46 [TUniServerModule]:Server First Init.
AqarAlghad.exe: 00002524: 11:35:46 [TUniServerModule]:Global Cache Folder Erased. <65> Files deleted.
AqarAlghad.exe: 00002524: 11:35:46 [TUniServerModule]:Starting HTTP Server on Port: 8077...
AqarAlghad.exe: 00002524: 11:35:46 [TUniServerModule]:HTTP Server Started on Port: 8077
AqarAlghad.exe: 00002E14: 11:39:19 []:>--------------------------------------------------------------<
AqarAlghad.exe: 00002E14: 11:39:19 [TUniServerModule]:Server First Init.
AqarAlghad.exe: 00002E14: 11:39:19 [TUniServerModule]:Global Cache Folder Erased. <65> Files deleted.
AqarAlghad.exe: 00002E14: 11:39:19 [TUniServerModule]:Starting HTTP Server on Port: 8077...
AqarAlghad.exe: 00002E14: 11:39:19 [TUniServerModule]:HTTP Server Started on Port: 8077
AqarAlghad.exe: 0000232C: 11:39:53 []:>--------------------------------------------------------------<
AqarAlghad.exe: 0000232C: 11:39:53 [TUniServerModule]:Server First Init.
AqarAlghad.exe: 0000232C: 11:39:53 [TUniServerModule]:Global Cache Folder Erased. <58> Files deleted.
AqarAlghad.exe: 0000232C: 11:39:53 [TUniServerModule]:Starting HTTP Server on Port: 8077...
AqarAlghad.exe: 0000232C: 11:39:53 [TUniServerModule]:HTTP Server Started on Port: 8077
AqarAlghad.exe: 00002280: 12:12:08 []:>--------------------------------------------------------------<
AqarAlghad.exe: 00002280: 12:12:08 [TUniServerModule]:Server First Init.
AqarAlghad.exe: 00002280: 12:12:08 [TUniServerModule]:Global Cache Folder Erased. <58> Files deleted.
AqarAlghad.exe: 00002280: 12:12:08 [TUniServerModule]:Starting HTTP Server on Port: 8077...
AqarAlghad.exe: 00002280: 12:12:08 [TUniServerModule]:HTTP Server Started on Port: 8077
AqarAlghad.exe: 00001C40: 12:13:23 []:>--------------------------------------------------------------<
AqarAlghad.exe: 00001C40: 12:13:24 [TUniServerModule]:Server First Init.
AqarAlghad.exe: 00001C40: 12:13:24 [TUniServerModule]:Global Cache Folder Erased. <65> Files deleted.
AqarAlghad.exe: 00001C40: 12:13:24 [TUniServerModule]:Starting HTTP Server on Port: 8077...
AqarAlghad.exe: 00001C40: 12:13:24 [TUniServerModule]:HTTP Server Started on Port: 8077
AqarAlghad.exe: 00001668: 12:18:24 []:>--------------------------------------------------------------<
AqarAlghad.exe: 00001668: 12:18:24 [TUniServerModule]:Server First Init.
AqarAlghad.exe: 00001668: 12:18:24 [TUniServerModule]:Global Cache Folder Erased. <65> Files deleted.
AqarAlghad.exe: 00001668: 12:18:24 [TUniServerModule]:Starting HTTP Server on Port: 8077...
AqarAlghad.exe: 00001668: 12:18:24 [TUniServerModule]:HTTP Server Started on Port: 8077
AqarAlghad.exe: 000012E4: 12:18:54 []:>--------------------------------------------------------------<
AqarAlghad.exe: 000012E4: 12:18:54 [TUniServerModule]:Server First Init.
AqarAlghad.exe: 000012E4: 12:18:54 [TUniServerModule]:Global Cache Folder Erased. <64> Files deleted.
AqarAlghad.exe: 000012E4: 12:18:54 [TUniServerModule]:Starting HTTP Server on Port: 8077...
AqarAlghad.exe: 000012E4: 12:18:54 [TUniServerModule]:HTTP Server Started on Port: 8077
AqarAlghad.exe: 0000010C: 12:43:24 []:>--------------------------------------------------------------<
AqarAlghad.exe: 0000010C: 12:43:24 [TUniServerModule]:Server First Init.
AqarAlghad.exe: 0000010C: 12:43:24 [TUniServerModule]:Global Cache Folder Erased. <67> Files deleted.
AqarAlghad.exe: 0000010C: 12:43:24 [TUniServerModule]:Starting HTTP Server on Port: 8077...
AqarAlghad.exe: 0000010C: 12:43:24 [TUniServerModule]:HTTP Server Started on Port: 8077
AqarAlghad.exe: 00001538: 13:53:41 []:>--------------------------------------------------------------<
AqarAlghad.exe: 00001538: 13:53:41 [TUniServerModule]:Server First Init.
AqarAlghad.exe: 00001538: 13:53:41 [TUniServerModule]:Global Cache Folder Erased. <67> Files deleted.
AqarAlghad.exe: 00001538: 13:53:41 [TUniServerModule]:Starting HTTP Server on Port: 8077...
AqarAlghad.exe: 00001538: 13:53:41 [TUniServerModule]:HTTP Server Started on Port: 8077
AqarAlghad.exe: 00001BA0: 13:53:54 [HandleFileRequest[127.0.0.1]]:File not found: C:\Program Files (x86)\FMSoft\Framework\unigui\unipackages-7.2.0\themes\ext-theme-uni_ubuntu\resources\images\button\arrow-rtl.png
AqarAlghad.exe: 000007D8: 13:55:23 []:>--------------------------------------------------------------<
AqarAlghad.exe: 000007D8: 13:55:23 [TUniServerModule]:Server First Init.
AqarAlghad.exe: 000007D8: 13:55:23 [TUniServerModule]:Global Cache Folder Erased. <64> Files deleted.
AqarAlghad.exe: 000007D8: 13:55:23 [TUniServerModule]:Starting HTTP Server on Port: 8077...
AqarAlghad.exe: 000007D8: 13:55:23 [TUniServerModule]:HTTP Server Started on Port: 8077
AqarAlghad.exe: 00001760: 13:55:48 [HandleFileRequest[127.0.0.1]]:File not found: C:\Program Files (x86)\FMSoft\Framework\unigui\unipackages-7.2.0\themes\ext-theme-uni_ubuntu\resources\images\button\arrow-rtl.png
AqarAlghad.exe: 00003104: 13:56:40 [127.0.0.1]:Exception : Illegal filter expression : Addr: $0000000000A80A0B
AqarAlghad.exe: 00001C6C: 13:59:35 []:>--------------------------------------------------------------<
AqarAlghad.exe: 00001C6C: 13:59:35 [TUniServerModule]:Server First Init.
AqarAlghad.exe: 00001C6C: 13:59:35 [TUniServerModule]:Global Cache Folder Erased. <64> Files deleted.
AqarAlghad.exe: 00001C6C: 13:59:35 [TUniServerModule]:Starting HTTP Server on Port: 8077...
AqarAlghad.exe: 00001C6C: 13:59:35 [TUniServerModule]:HTTP Server Started on Port: 8077
AqarAlghad.exe: 00001FCC: 14:00:33 [HandleFileRequest[127.0.0.1]]:File not found: C:\Program Files (x86)\FMSoft\Framework\unigui\unipackages-7.2.0\themes\ext-theme-uni_ubuntu\resources\images\button\arrow-rtl.png
AqarAlghad.exe: 00002DC0: 14:01:57 []:>--------------------------------------------------------------<
AqarAlghad.exe: 00002DC0: 14:01:57 [TUniServerModule]:Server First Init.
AqarAlghad.exe: 00002DC0: 14:01:57 [TUniServerModule]:Global Cache Folder Erased. <67> Files deleted.
AqarAlghad.exe: 00002DC0: 14:01:57 [TUniServerModule]:Starting HTTP Server on Port: 8077...
AqarAlghad.exe: 00002DC0: 14:01:57 [TUniServerModule]:HTTP Server Started on Port: 8077
AqarAlghad.exe: 000031F4: 14:05:12 [HandleFileRequest[127.0.0.1]]:File not found: C:\Program Files (x86)\FMSoft\Framework\unigui\unipackages-7.2.0\themes\ext-theme-uni_ubuntu\resources\images\button\arrow-rtl.png
AqarAlghad.exe: 0000323C: 14:06:26 []:>--------------------------------------------------------------<
AqarAlghad.exe: 0000323C: 14:06:26 [TUniServerModule]:Server First Init.
AqarAlghad.exe: 0000323C: 14:06:26 [TUniServerModule]:Global Cache Folder Erased. <65> Files deleted.
AqarAlghad.exe: 0000323C: 14:06:26 [TUniServerModule]:Starting HTTP Server on Port: 8077...
AqarAlghad.exe: 0000323C: 14:06:26 [TUniServerModule]:HTTP Server Started on Port: 8077
AqarAlghad.exe: 00001490: 14:06:42 [HandleFileRequest[127.0.0.1]]:File not found: C:\Program Files (x86)\FMSoft\Framework\unigui\unipackages-7.2.0\themes\ext-theme-uni_ubuntu\resources\images\button\arrow-rtl.png
AqarAlghad.exe: 00001174: 14:06:53 [127.0.0.1]:EDatabaseError : ContractDetailsQ: Field 'ContractID' not found : Addr: $000000000081674E
AqarAlghad.exe: 00003230: 14:09:35 []:>--------------------------------------------------------------<
AqarAlghad.exe: 00003230: 14:09:36 [TUniServerModule]:Server First Init.
AqarAlghad.exe: 00003230: 14:09:36 [TUniServerModule]:Global Cache Folder Erased. <68> Files deleted.
AqarAlghad.exe: 00003230: 14:09:36 [TUniServerModule]:Starting HTTP Server on Port: 8077...
AqarAlghad.exe: 00003230: 14:09:36 [TUniServerModule]:HTTP Server Started on Port: 8077
AqarAlghad.exe: 00000F74: 14:09:46 [HandleFileRequest[127.0.0.1]]:File not found: C:\Program Files (x86)\FMSoft\Framework\unigui\unipackages-7.2.0\themes\ext-theme-uni_ubuntu\resources\images\button\arrow-rtl.png
AqarAlghad.exe: 00002B74: 14:36:43 []:>--------------------------------------------------------------<
AqarAlghad.exe: 00002B74: 14:36:43 [TUniServerModule]:Server First Init.
AqarAlghad.exe: 00002B74: 14:36:43 [TUniServerModule]:Global Cache Folder Erased. <68> Files deleted.
AqarAlghad.exe: 00002B74: 14:36:43 [TUniServerModule]:Starting HTTP Server on Port: 8077...
AqarAlghad.exe: 00002B74: 14:36:43 [TUniServerModule]:HTTP Server Started on Port: 8077
AqarAlghad.exe: 00001D4C: 14:38:48 [HandleFileRequest[127.0.0.1]]:File not found: C:\Program Files (x86)\FMSoft\Framework\unigui\unipackages-7.2.0\themes\ext-theme-uni_ubuntu\resources\images\button\arrow-rtl.png
